#
# There is insufficient memory for the Java Runtime Environment to continue.
# Native memory allocation (malloc) failed to allocate 249296 bytes for Chunk::new
# Possible reasons:
#   The system is out of physical RAM or swap space
#   In 32 bit mode, the process size limit was hit
# Possible solutions:
#   Reduce memory load on the system
#   Increase physical memory or swap space
#   Check if swap backing store is full
#   Use 64 bit Java on a 64 bit OS
#   Decrease Java heap size (-Xmx/-Xms)
#   Decrease number of Java threads
#   Decrease Java thread stack sizes (-Xss)
#   Set larger code cache with -XX:ReservedCodeCacheSize=
# This output file may be truncated or incomplete.
#
#  Out of Memory Error (allocation.cpp:390), pid=5556, tid=0x000000000000135c
#
# JRE version: Java(TM) SE Runtime Environment (8.0_181-b13) (build 1.8.0_181-b13)
# Java VM: Java HotSpot(TM) 64-Bit Server VM (25.181-b13 mixed mode windows-amd64 compressed oops)
# Failed to write core dump. Minidumps are not enabled by default on client versions of Windows
#

---------------  T H R E A D  ---------------

Current thread (0x0000000018f8b000):  JavaThread "C2 CompilerThread0" daemon [_thread_in_native, id=4956, stack(0x000000001a0d0000,0x000000001a1d0000)]

Stack: [0x000000001a0d0000,0x000000001a1d0000]
[error occurred during error reporting (printing stack bounds), id 0xc0000005]

Native frames: (J=compiled Java code, j=interpreted, Vv=VM code, C=native code)


Current CompileTask:
C2:   2504  517   !   4       com.sun.tools.javac.parser.JavaTokenizer::readToken (2243 bytes)


---------------  P R O C E S S  ---------------

Java Threads: ( => current thread )
  0x0000000019002000 JavaThread "Service Thread" daemon [_thread_blocked, id=2064, stack(0x000000001a2d0000,0x000000001a3d0000)]
  0x0000000018f8e800 JavaThread "C1 CompilerThread1" daemon [_thread_blocked, id=11584, stack(0x000000001a1d0000,0x000000001a2d0000)]
=>0x0000000018f8b000 JavaThread "C2 CompilerThread0" daemon [_thread_in_native, id=4956, stack(0x000000001a0d0000,0x000000001a1d0000)]
  0x0000000018f89800 JavaThread "Attach Listener" daemon [_thread_blocked, id=6128, stack(0x0000000019fd0000,0x000000001a0d0000)]
  0x0000000018f86000 JavaThread "Signal Dispatcher" daemon [_thread_blocked, id=6284, stack(0x0000000019ed0000,0x0000000019fd0000)]
  0x0000000004ea9000 JavaThread "Finalizer" daemon [_thread_blocked, id=10432, stack(0x0000000019bc0000,0x0000000019cc0000)]
  0x0000000004e9f800 JavaThread "Reference Handler" daemon [_thread_blocked, id=1444, stack(0x0000000019ac0000,0x0000000019bc0000)]
  0x0000000004db3800 JavaThread "main" [_thread_blocked, id=9800, stack(0x0000000004c80000,0x0000000004d80000)]

Other Threads:
  0x0000000018f56800 VMThread [stack: 0x00000000199c0000,0x0000000019ac0000] [id=5572]
  0x000000001900c800 WatcherThread [stack: 0x000000001a3d0000,0x000000001a4d0000] [id=4880]

VM state:at safepoint (normal execution)

VM Mutex/Monitor currently owned by a thread:  ([mutex/lock_event])
[0x0000000004db0450] Threads_lock - owner thread: 0x0000000018f56800
[0x0000000004db00d0] Heap_lock - owner thread: 0x0000000004db3800

Heap:
 PSYoungGen      total 15360K, used 12288K [0x00000000daf00000, 0x00000000dc100000, 0x0000000100000000)
  eden space 12288K, 100% used [0x00000000daf00000,0x00000000dbb00000,0x00000000dbb00000)
  from space 3072K, 0% used [0x00000000dbb00000,0x00000000dbb00000,0x00000000dbe00000)
  to   space 3072K, 0% used [0x00000000dbe00000,0x00000000dbe00000,0x00000000dc100000)
 ParOldGen       total 5632K, used 4357K [0x0000000090c00000, 0x0000000091180000, 0x00000000daf00000)
  object space 5632K, 77% used [0x0000000090c00000,0x0000000091041528,0x0000000091180000)
 Metaspace       used 7354K, capacity 8244K, committed 8448K, reserved 1056768K
  class space    used 890K, capacity 944K, committed 1024K, reserved 1048576K

Card table byte_map: [0x0000000014330000,0x00000000146b0000] byte_map_base: 0x0000000013eaa000

Marking Bits: (ParMarkBitMap*) 0x0000000053a02d00
 Begin Bits: [0x0000000014b10000, 0x00000000166e0000)
 End Bits:   [0x00000000166e0000, 0x00000000182b0000)

Polling page: 0x0000000000ff0000

CodeCache: size=245760Kb used=3047Kb max_used=3047Kb free=242712Kb
 bounds [0x0000000004f70000, 0x0000000005270000, 0x0000000013f70000]
 total_blobs=797 nmethods=514 adapters=197
 compilation: enabled

Compilation events (10 events):
Event: 2.336 Thread 0x0000000018f8e800  524       2       com.sun.tools.javac.parser.JavacParser::bracketsOptCont (63 bytes)
Event: 2.337 Thread 0x0000000018f8e800 nmethod 524 0x000000000525af50 code [0x000000000525b100, 0x000000000525b548]
Event: 2.337 Thread 0x0000000018f8e800  525       2       com.sun.tools.javac.tree.TreeMaker::TypeArray (19 bytes)
Event: 2.337 Thread 0x0000000018f8e800 nmethod 525 0x000000000525ab90 code [0x000000000525ace0, 0x000000000525ae90]
Event: 2.374 Thread 0x0000000018f8e800  526       2       com.sun.tools.javac.parser.UnicodeReader::putChar (41 bytes)
Event: 2.375 Thread 0x0000000018f8e800 nmethod 526 0x000000000525a410 code [0x000000000525a5a0, 0x000000000525a938]
Event: 2.378 Thread 0x0000000018f8e800  527       2       java.util.ArrayList::rangeCheck (22 bytes)
Event: 2.379 Thread 0x0000000018f8e800 nmethod 527 0x0000000005259a90 code [0x0000000005259c40, 0x000000000525a0b8]
Event: 2.379 Thread 0x0000000018f8e800  528       2       java.util.ArrayList::elementData (7 bytes)
Event: 2.379 Thread 0x0000000018f8e800 nmethod 528 0x00000000052596d0 code [0x0000000005259820, 0x0000000005259990]

GC Heap History (10 events):
Event: 2.100 GC heap after
Heap after GC invocations=8 (full 0):
 PSYoungGen      total 15360K, used 14767K [0x00000000daf00000, 0x00000000dc100000, 0x0000000100000000)
  eden space 12288K, 100% used [0x00000000daf00000,0x00000000dbb00000,0x00000000dbb00000)
  from space 3072K, 80% used [0x00000000dbb00000,0x00000000dbd6bde0,0x00000000dbe00000)
  to   space 3072K, 99% used [0x00000000dbe00000,0x00000000dc0fbc98,0x00000000dc100000)
 ParOldGen       total 5632K, used 5187K [0x0000000090c00000, 0x0000000091180000, 0x00000000daf00000)
  object space 5632K, 92% used [0x0000000090c00000,0x0000000091110cf8,0x0000000091180000)
 Metaspace       used 7346K, capacity 8244K, committed 8448K, reserved 1056768K
  class space    used 890K, capacity 944K, committed 1024K, reserved 1048576K
}
Event: 2.100 GC heap before
{Heap before GC invocations=9 (full 1):
 PSYoungGen      total 15360K, used 14767K [0x00000000daf00000, 0x00000000dc100000, 0x0000000100000000)
  eden space 12288K, 100% used [0x00000000daf00000,0x00000000dbb00000,0x00000000dbb00000)
  from space 3072K, 80% used [0x00000000dbb00000,0x00000000dbd6bde0,0x00000000dbe00000)
  to   space 3072K, 99% used [0x00000000dbe00000,0x00000000dc0fbc98,0x00000000dc100000)
 ParOldGen       total 5632K, used 5187K [0x0000000090c00000, 0x0000000091180000, 0x00000000daf00000)
  object space 5632K, 92% used [0x0000000090c00000,0x0000000091110cf8,0x0000000091180000)
 Metaspace       used 7346K, capacity 8244K, committed 8448K, reserved 1056768K
  class space    used 890K, capacity 944K, committed 1024K, reserved 1048576K
Event: 2.150 GC heap after
Heap after GC invocations=9 (full 1):
 PSYoungGen      total 15360K, used 4755K [0x00000000daf00000, 0x00000000dc100000, 0x0000000100000000)
  eden space 12288K, 38% used [0x00000000daf00000,0x00000000db3a4f20,0x00000000dbb00000)
  from space 3072K, 0% used [0x00000000dbb00000,0x00000000dbb00000,0x00000000dbe00000)
  to   space 3072K, 0% used [0x00000000dbe00000,0x00000000dbe00000,0x00000000dc100000)
 ParOldGen       total 5632K, used 4420K [0x0000000090c00000, 0x0000000091180000, 0x00000000daf00000)
  object space 5632K, 78% used [0x0000000090c00000,0x0000000091051238,0x0000000091180000)
 Metaspace       used 7346K, capacity 8244K, committed 8448K, reserved 1056768K
  class space    used 890K, capacity 944K, committed 1024K, reserved 1048576K
}
Event: 2.266 GC heap before
{Heap before GC invocations=10 (full 2):
 PSYoungGen      total 15360K, used 12013K [0x00000000daf00000, 0x00000000dc100000, 0x0000000100000000)
  eden space 12288K, 97% used [0x00000000daf00000,0x00000000dbabb7e0,0x00000000dbb00000)
  from space 3072K, 0% used [0x00000000dbb00000,0x00000000dbb00000,0x00000000dbe00000)
  to   space 3072K, 0% used [0x00000000dbe00000,0x00000000dbe00000,0x00000000dc100000)
 ParOldGen       total 5632K, used 4420K [0x0000000090c00000, 0x0000000091180000, 0x00000000daf00000)
  object space 5632K, 78% used [0x0000000090c00000,0x0000000091051238,0x0000000091180000)
 Metaspace       used 7353K, capacity 8244K, committed 8448K, reserved 1056768K
  class space    used 890K, capacity 944K, committed 1024K, reserved 1048576K
Event: 2.304 GC heap after
Heap after GC invocations=10 (full 2):
 PSYoungGen      total 15360K, used 5159K [0x00000000daf00000, 0x00000000dc100000, 0x0000000100000000)
  eden space 12288K, 41% used [0x00000000daf00000,0x00000000db409e48,0x00000000dbb00000)
  from space 3072K, 0% used [0x00000000dbb00000,0x00000000dbb00000,0x00000000dbe00000)
  to   space 3072K, 0% used [0x00000000dbe00000,0x00000000dbe00000,0x00000000dc100000)
 ParOldGen       total 5632K, used 4357K [0x0000000090c00000, 0x0000000091180000, 0x00000000daf00000)
  object space 5632K, 77% used [0x0000000090c00000,0x0000000091041528,0x0000000091180000)
 Metaspace       used 7353K, capacity 8244K, committed 8448K, reserved 1056768K
  class space    used 890K, capacity 944K, committed 1024K, reserved 1048576K
}
Event: 2.345 GC heap before
{Heap before GC invocations=11 (full 3):
 PSYoungGen      total 15360K, used 11759K [0x00000000daf00000, 0x00000000dc100000, 0x0000000100000000)
  eden space 12288K, 95% used [0x00000000daf00000,0x00000000dba7bfe0,0x00000000dbb00000)
  from space 3072K, 0% used [0x00000000dbb00000,0x00000000dbb00000,0x00000000dbe00000)
  to   space 3072K, 0% used [0x00000000dbe00000,0x00000000dbe00000,0x00000000dc100000)
 ParOldGen       total 5632K, used 4357K [0x0000000090c00000, 0x0000000091180000, 0x00000000daf00000)
  object space 5632K, 77% used [0x0000000090c00000,0x0000000091041528,0x0000000091180000)
 Metaspace       used 7354K, capacity 8244K, committed 8448K, reserved 1056768K
  class space    used 890K, capacity 944K, committed 1024K, reserved 1048576K
Event: 2.367 GC heap after
Heap after GC invocations=11 (full 3):
 PSYoungGen      total 15360K, used 8228K [0x00000000daf00000, 0x00000000dc100000, 0x0000000100000000)
  eden space 12288K, 66% used [0x00000000daf00000,0x00000000db709200,0x00000000dbb00000)
  from space 3072K, 0% used [0x00000000dbb00000,0x00000000dbb00000,0x00000000dbe00000)
  to   space 3072K, 0% used [0x00000000dbe00000,0x00000000dbe00000,0x00000000dc100000)
 ParOldGen       total 5632K, used 4357K [0x0000000090c00000, 0x0000000091180000, 0x00000000daf00000)
  object space 5632K, 77% used [0x0000000090c00000,0x0000000091041528,0x0000000091180000)
 Metaspace       used 7354K, capacity 8244K, committed 8448K, reserved 1056768K
  class space    used 890K, capacity 944K, committed 1024K, reserved 1048576K
}
Event: 2.381 GC heap before
{Heap before GC invocations=12 (full 4):
 PSYoungGen      total 15360K, used 11730K [0x00000000daf00000, 0x00000000dc100000, 0x0000000100000000)
  eden space 12288K, 95% used [0x00000000daf00000,0x00000000dba748d0,0x00000000dbb00000)
  from space 3072K, 0% used [0x00000000dbb00000,0x00000000dbb00000,0x00000000dbe00000)
  to   space 3072K, 0% used [0x00000000dbe00000,0x00000000dbe00000,0x00000000dc100000)
 ParOldGen       total 5632K, used 4357K [0x0000000090c00000, 0x0000000091180000, 0x00000000daf00000)
  object space 5632K, 77% used [0x0000000090c00000,0x0000000091041528,0x0000000091180000)
 Metaspace       used 7354K, capacity 8244K, committed 8448K, reserved 1056768K
  class space    used 890K, capacity 944K, committed 1024K, reserved 1048576K
Event: 2.426 GC heap after
Heap after GC invocations=12 (full 4):
 PSYoungGen      total 15360K, used 6984K [0x00000000daf00000, 0x00000000dc100000, 0x0000000100000000)
  eden space 12288K, 56% used [0x00000000daf00000,0x00000000db5d21c0,0x00000000dbb00000)
  from space 3072K, 0% used [0x00000000dbb00000,0x00000000dbb00000,0x00000000dbe00000)
  to   space 3072K, 0% used [0x00000000dbe00000,0x00000000dbe00000,0x00000000dc100000)
 ParOldGen       total 5632K, used 4357K [0x0000000090c00000, 0x0000000091180000, 0x00000000daf00000)
  object space 5632K, 77% used [0x0000000090c00000,0x0000000091041528,0x0000000091180000)
 Metaspace       used 7354K, capacity 8244K, committed 8448K, reserved 1056768K
  class space    used 890K, capacity 944K, committed 1024K, reserved 1048576K
}
Event: 2.454 GC heap before
{Heap before GC invocations=13 (full 5):
 PSYoungGen      total 15360K, used 12288K [0x00000000daf00000, 0x00000000dc100000, 0x0000000100000000)
  eden space 12288K, 100% used [0x00000000daf00000,0x00000000dbb00000,0x00000000dbb00000)
  from space 3072K, 0% used [0x00000000dbb00000,0x00000000dbb00000,0x00000000dbe00000)
  to   space 3072K, 0% used [0x00000000dbe00000,0x00000000dbe00000,0x00000000dc100000)
 ParOldGen       total 5632K, used 4357K [0x0000000090c00000, 0x0000000091180000, 0x00000000daf00000)
  object space 5632K, 77% used [0x0000000090c00000,0x0000000091041528,0x0000000091180000)
 Metaspace       used 7354K, capacity 8244K, committed 8448K, reserved 1056768K
  class space    used 890K, capacity 944K, committed 1024K, reserved 1048576K

Deoptimization events (10 events):
Event: 1.766 Thread 0x0000000004db3800 Uncommon trap: reason=unstable_if action=reinterpret pc=0x00000000051e8898 method=com.sun.tools.javac.parser.JavaTokenizer$BasicComment.scanDocComment()V @ 277
Event: 1.766 Thread 0x0000000004db3800 Uncommon trap: reason=unstable_if action=reinterpret pc=0x00000000051cd2e4 method=com.sun.tools.javac.parser.JavaTokenizer$BasicComment.scanDocComment()V @ 277
Event: 1.771 Thread 0x0000000004db3800 Uncommon trap: reason=unstable_if action=reinterpret pc=0x00000000051babc4 method=com.sun.tools.javac.parser.JavaTokenizer.readToken()Lcom/sun/tools/javac/parser/Tokens$Token; @ 664
Event: 1.858 Thread 0x0000000004db3800 Uncommon trap: reason=unstable_if action=reinterpret pc=0x00000000051555e0 method=sun.nio.cs.UTF_8$Decoder.decodeArrayLoop(Ljava/nio/ByteBuffer;Ljava/nio/CharBuffer;)Ljava/nio/charset/CoderResult; @ 77
Event: 1.981 Thread 0x0000000004db3800 Uncommon trap: reason=unstable_if action=reinterpret pc=0x000000000516a0d8 method=com.sun.tools.javac.parser.Scanner.token(I)Lcom/sun/tools/javac/parser/Tokens$Token; @ 1
Event: 1.981 Thread 0x0000000004db3800 Uncommon trap: reason=unstable_if action=reinterpret pc=0x00000000051ef728 method=java.util.ArrayList.isEmpty()Z @ 4
Event: 1.981 Thread 0x0000000004db3800 Uncommon trap: reason=unstable_if action=reinterpret pc=0x00000000051da938 method=com.sun.tools.javac.util.ArrayUtils.ensureCapacity([CI)[C @ 3
Event: 1.983 Thread 0x0000000004db3800 Uncommon trap: reason=unstable_if action=reinterpret pc=0x0000000005137e4c method=java.lang.String.<init>([CII)V @ 18
Event: 1.985 Thread 0x0000000004db3800 Uncommon trap: reason=unstable_if action=reinterpret pc=0x0000000005180d14 method=java.util.ArrayList.isEmpty()Z @ 4
Event: 2.374 Thread 0x0000000004db3800 Uncommon trap: reason=unstable_if action=reinterpret pc=0x00000000051b6734 method=com.sun.tools.javac.util.ArrayUtils.ensureCapacity([CI)[C @ 3

Classes redefined (0 events):
No events

Internal exceptions (8 events):
Event: 0.054 Thread 0x0000000004db3800 Exception <a 'java/lang/NoSuchMethodError': Method sun.misc.Unsafe.defineClass(Ljava/lang/String;[BII)Ljava/lang/Class; name or signature does not match> (0x00000000daf07cd8) thrown at [C:\re\workspace\8-2-build-windows-amd64-cygwin\jdk8u181\11358\hotspot
Event: 0.054 Thread 0x0000000004db3800 Exception <a 'java/lang/NoSuchMethodError': Method sun.misc.Unsafe.prefetchRead(Ljava/lang/Object;J)V name or signature does not match> (0x00000000daf07fc0) thrown at [C:\re\workspace\8-2-build-windows-amd64-cygwin\jdk8u181\11358\hotspot\src\share\vm\prim
Event: 0.458 Thread 0x0000000004db3800 Exception <a 'java/security/PrivilegedActionException'> (0x00000000db0781a0) thrown at [C:\re\workspace\8-2-build-windows-amd64-cygwin\jdk8u181\11358\hotspot\src\share\vm\prims\jvm.cpp, line 1435]
Event: 0.458 Thread 0x0000000004db3800 Exception <a 'java/security/PrivilegedActionException'> (0x00000000db078598) thrown at [C:\re\workspace\8-2-build-windows-amd64-cygwin\jdk8u181\11358\hotspot\src\share\vm\prims\jvm.cpp, line 1435]
Event: 0.460 Thread 0x0000000004db3800 Exception <a 'java/security/PrivilegedActionException'> (0x00000000db07c690) thrown at [C:\re\workspace\8-2-build-windows-amd64-cygwin\jdk8u181\11358\hotspot\src\share\vm\prims\jvm.cpp, line 1435]
Event: 0.461 Thread 0x0000000004db3800 Exception <a 'java/security/PrivilegedActionException'> (0x00000000db07ca88) thrown at [C:\re\workspace\8-2-build-windows-amd64-cygwin\jdk8u181\11358\hotspot\src\share\vm\prims\jvm.cpp, line 1435]
Event: 0.487 Thread 0x0000000004db3800 Exception <a 'java/security/PrivilegedActionException'> (0x00000000daf32a00) thrown at [C:\re\workspace\8-2-build-windows-amd64-cygwin\jdk8u181\11358\hotspot\src\share\vm\prims\jvm.cpp, line 1435]
Event: 0.487 Thread 0x0000000004db3800 Exception <a 'java/security/PrivilegedActionException'> (0x00000000daf32df8) thrown at [C:\re\workspace\8-2-build-windows-amd64-cygwin\jdk8u181\11358\hotspot\src\share\vm\prims\jvm.cpp, line 1435]

Events (10 events):
Event: 2.453 Thread 0x0000000004db3800 DEOPT UNPACKING pc=0x0000000004fb7490 sp=0x0000000004d7e2a8 mode 0
Event: 2.453 Thread 0x0000000004db3800 DEOPT PACKING pc=0x000000000522752b sp=0x0000000004d7e270
Event: 2.453 Thread 0x0000000004db3800 DEOPT UNPACKING pc=0x0000000004fb7490 sp=0x0000000004d7e2a8 mode 0
Event: 2.453 Thread 0x0000000004db3800 DEOPT PACKING pc=0x000000000522752b sp=0x0000000004d7e270
Event: 2.453 Thread 0x0000000004db3800 DEOPT UNPACKING pc=0x0000000004fb7490 sp=0x0000000004d7e2a8 mode 0
Event: 2.453 Thread 0x0000000004db3800 DEOPT PACKING pc=0x000000000522752b sp=0x0000000004d7e270
Event: 2.453 Thread 0x0000000004db3800 DEOPT UNPACKING pc=0x0000000004fb7490 sp=0x0000000004d7e2a8 mode 0
Event: 2.453 Thread 0x0000000004db3800 DEOPT PACKING pc=0x000000000522752b sp=0x0000000004d7e270
Event: 2.453 Thread 0x0000000004db3800 DEOPT UNPACKING pc=0x0000000004fb7490 sp=0x0000000004d7e2a8 mode 0
Event: 2.454 Executing VM operation: ParallelGCFailedAllocation


Dynamic libraries:
0x00007ff71ae80000 - 0x00007ff71ae87000 	C:\Program Files\Java\jdk1.8.0_181\bin\javac.exe
0x00007ffe74d50000 - 0x00007ffe74f30000 	C:\Windows\SYSTEM32\ntdll.dll
0x00007ffe4e9d0000 - 0x00007ffe4ea04000 	C:\Program Files\AVAST Software\Avast\x64\aswhooka.dll
0x00007ffe74c70000 - 0x00007ffe74d1e000 	C:\Windows\System32\KERNEL32.DLL
0x00007ffe71200000 - 0x00007ffe71466000 	C:\Windows\System32\KERNELBASE.dll
0x0000000055570000 - 0x000000005559f000 	C:\Program Files\Java\jdk1.8.0_181\bin\jli.dll
0x00007ffe74bc0000 - 0x00007ffe74c61000 	C:\Windows\System32\ADVAPI32.dll
0x00007ffe74660000 - 0x00007ffe746fd000 	C:\Windows\System32\msvcrt.dll
0x00007ffe72220000 - 0x00007ffe7227b000 	C:\Windows\System32\sechost.dll
0x00007ffe72a60000 - 0x00007ffe72b7f000 	C:\Windows\System32\RPCRT4.dll
0x00007ffe74a30000 - 0x00007ffe74bbf000 	C:\Windows\System32\USER32.dll
0x00007ffe71c40000 - 0x00007ffe71c60000 	C:\Windows\System32\win32u.dll
0x00007ffe72a00000 - 0x00007ffe72a28000 	C:\Windows\System32\GDI32.dll
0x00007ffe71e80000 - 0x00007ffe72013000 	C:\Windows\System32\gdi32full.dll
0x00007ffe72180000 - 0x00007ffe7221b000 	C:\Windows\System32\msvcp_win.dll
0x00007ffe72080000 - 0x00007ffe72175000 	C:\Windows\System32\ucrtbase.dll
0x0000000055490000 - 0x0000000055562000 	C:\Program Files\Java\jdk1.8.0_181\bin\MSVCR100.dll
0x00007ffe5db70000 - 0x00007ffe5ddd9000 	C:\Windows\WinSxS\amd64_microsoft.windows.common-controls_6595b64144ccf1df_6.0.16299.547_none_15cdd76c936033f5\COMCTL32.dll
0x00007ffe725e0000 - 0x00007ffe728e7000 	C:\Windows\System32\combase.dll
0x00007ffe71470000 - 0x00007ffe714e2000 	C:\Windows\System32\bcryptPrimitives.dll
0x00007ffe72a30000 - 0x00007ffe72a5d000 	C:\Windows\System32\IMM32.DLL
0x0000000053a90000 - 0x0000000053b62000 	C:\Program Files\Java\jdk1.8.0_181\jre\bin\msvcr100.dll
0x00000000531e0000 - 0x0000000053a82000 	C:\Program Files\Java\jdk1.8.0_181\jre\bin\server\jvm.dll
0x00007ffe72c50000 - 0x00007ffe72c58000 	C:\Windows\System32\PSAPI.DLL
0x00007ffe5fa00000 - 0x00007ffe5fa09000 	C:\Windows\SYSTEM32\WSOCK32.dll
0x00007ffe748a0000 - 0x00007ffe7490c000 	C:\Windows\System32\WS2_32.dll
0x00007ffe6f530000 - 0x00007ffe6f553000 	C:\Windows\SYSTEM32\WINMM.dll
0x00007ffe68520000 - 0x00007ffe6852a000 	C:\Windows\SYSTEM32\VERSION.dll
0x00007ffe6f4d0000 - 0x00007ffe6f4fa000 	C:\Windows\SYSTEM32\WINMMBASE.dll
0x00007ffe71c60000 - 0x00007ffe71caa000 	C:\Windows\System32\cfgmgr32.dll
0x00000000571f0000 - 0x00000000571ff000 	C:\Program Files\Java\jdk1.8.0_181\jre\bin\verify.dll
0x0000000055460000 - 0x0000000055489000 	C:\Program Files\Java\jdk1.8.0_181\jre\bin\java.dll
0x00000000565c0000 - 0x00000000565d6000 	C:\Program Files\Java\jdk1.8.0_181\jre\bin\zip.dll
0x00007ffe72c60000 - 0x00007ffe74098000 	C:\Windows\System32\SHELL32.dll
0x00007ffe72280000 - 0x00007ffe72326000 	C:\Windows\System32\shcore.dll
0x00007ffe714f0000 - 0x00007ffe71c37000 	C:\Windows\System32\windows.storage.dll
0x00007ffe72330000 - 0x00007ffe72381000 	C:\Windows\System32\shlwapi.dll
0x00007ffe71130000 - 0x00007ffe71141000 	C:\Windows\System32\kernel.appcore.dll
0x00007ffe710e0000 - 0x00007ffe7112c000 	C:\Windows\System32\powrprof.dll
0x00007ffe710a0000 - 0x00007ffe710bb000 	C:\Windows\System32\profapi.dll

VM Arguments:
jvm_args: -Dapplication.home=C:\Program Files\Java\jdk1.8.0_181 -Xms8m -Dfile.encoding=UTF8 
java_command: com.sun.tools.javac.Main -d obj\\Debug\MonoAndroid81\android\bin\classes -classpath C:\Program Files (x86)\Microsoft Visual Studio\2017\Community\Common7\IDE\ReferenceAssemblies\Microsoft\Framework\MonoAndroid\v8.1\mono.android.jar;obj\\Debug\MonoAndroid81\lp\1\jl\formsviewgroup.jar;obj\\Debug\MonoAndroid81\lp\10\jl\bin\classes.jar;obj\\Debug\MonoAndroid81\lp\11\jl\bin\classes.jar;obj\\Debug\MonoAndroid81\lp\12\jl\bin\classes.jar;obj\\Debug\MonoAndroid81\lp\13\jl\bin\classes.jar;obj\\Debug\MonoAndroid81\lp\14\jl\bin\classes.jar;obj\\Debug\MonoAndroid81\lp\15\jl\bin\classes.jar;obj\\Debug\MonoAndroid81\lp\16\jl\bin\classes.jar;obj\\Debug\MonoAndroid81\lp\17\jl\bin\classes.jar;obj\\Debug\MonoAndroid81\lp\18\jl\bin\classes.jar;obj\\Debug\MonoAndroid81\lp\19\jl\bin\classes.jar;obj\\Debug\MonoAndroid81\lp\20\jl\bin\classes.jar;obj\\Debug\MonoAndroid81\lp\21\jl\bin\classes.jar;obj\\Debug\MonoAndroid81\lp\3\jl\arch-core-common.jar;obj\\Debug\MonoAndroid81\lp\4\jl\arch-lifecycle-common.jar;obj\\Debug\MonoAndroid81\lp\5\jl\bin\classes.jar;obj\\Debug\MonoAndroid81\lp\6\jl\bin\classes.jar;obj\\Debug\MonoAndroid81\lp\8\jl\bin\classes.jar;obj\\Debug\MonoAndroid81\lp\9\jl\bin\classes.jar;obj\\Debug\MonoAndroid81\lp\7\jl\support-annotations.jar -bootclasspath C:\Program Files (x86)\Android\android-sdk\platforms\android-27\android.jar -encoding UTF-8 @C:\Users\JuanFerYuco\AppData\Local\Temp\tmp6251.tmp
java_class_path (initial): C:\Program Files\Java\jdk1.8.0_181/lib/tools.jar;C:\Program Files\Java\jdk1.8.0_181/classes
Launcher Type: SUN_STANDARD

Environment Variables:
JAVA_HOME=C:\Program Files\Java\jdk1.8.0_181
PATH=C:\Program Files\Java\jdk1.8.0_181\bin;C:\oraclexe\app\oracle\product\11.2.0\server\bin;;C:\Windows\system32;C:\Windows;C:\Windows\System32\Wbem;C:\Windows\System32\WindowsPowerShell\v1.0\;C:\Program Files\Intel\WiFi\bin\;C:\Program Files\Common Files\Intel\WirelessCommon\;C:\Program Files\dotnet\;C:\Program Files\Microsoft SQL Server\130\Tools\Binn\;C:\Program Files\Microsoft SQL Server\Client SDK\ODBC\110\Tools\Binn\;C:\Program Files (x86)\Microsoft SQL Server\120\Tools\Binn\ManagementStudio\;C:\Program Files (x86)\Microsoft SQL Server\120\Tools\Binn\;C:\Program Files\Microsoft SQL Server\120\Tools\Binn\;C:\Program Files (x86)\Microsoft SQL Server\120\DTS\Binn\;C:\Program Files\Microsoft SQL Server\120\DTS\Binn\;C:\Program Files (x86)\Skype\Phone\;C:\Users\JuanFerYuco\AppData\Local\Microsoft\WindowsApps;
USERNAME=JuanFerYuco
OS=Windows_NT
PROCESSOR_IDENTIFIER=AMD64 Family 21 Model 112 Stepping 0, AuthenticAMD



---------------  S Y S T E M  ---------------

OS: Windows 10.0 , 64 bit Build 16299 (10.0.16299.431)

CPU:total 2 (initial active 2) (2 cores per cpu, 1 threads per core) family 21 model 112 stepping 0, cmov, cx8, fxsr, mmx, sse, sse2, sse3, ssse3, sse4.1, sse4.2, popcnt, avx, avx2, aes, clmul, mmxext, 3dnowpref, lzcnt, sse4a, tsc, tscinvbit, tscinv, bmi1

Memory: 4k page, physical 7287068k(742200k free), swap 7287068k(4328k free)

vm_info: Java HotSpot(TM) 64-Bit Server VM (25.181-b13) for windows-amd64 JRE (1.8.0_181-b13), built on Jul  7 2018 04:01:33 by "java_re" with MS VC++ 10.0 (VS2010)

time: Tue Sep 11 08:55:27 2018
elapsed time: 2 seconds (0d 0h 0m 2s)

