#
# There is insufficient memory for the Java Runtime Environment to continue.
# Native memory allocation (malloc) failed to allocate 656416 bytes for Chunk::new
# Possible reasons:
#   The system is out of physical RAM or swap space
#   In 32 bit mode, the process size limit was hit
# Possible solutions:
#   Reduce memory load on the system
#   Increase physical memory or swap space
#   Check if swap backing store is full
#   Use 64 bit Java on a 64 bit OS
#   Decrease Java heap size (-Xmx/-Xms)
#   Decrease number of Java threads
#   Decrease Java thread stack sizes (-Xss)
#   Set larger code cache with -XX:ReservedCodeCacheSize=
# This output file may be truncated or incomplete.
#
#  Out of Memory Error (allocation.cpp:390), pid=8936, tid=0x00000000000028bc
#
# JRE version: Java(TM) SE Runtime Environment (8.0_181-b13) (build 1.8.0_181-b13)
# Java VM: Java HotSpot(TM) 64-Bit Server VM (25.181-b13 mixed mode windows-amd64 compressed oops)
# Failed to write core dump. Minidumps are not enabled by default on client versions of Windows
#

---------------  T H R E A D  ---------------

Current thread (0x000000001909c000):  JavaThread "C2 CompilerThread0" daemon [_thread_in_native, id=10428, stack(0x000000001a1f0000,0x000000001a2f0000)]

Stack: [0x000000001a1f0000,0x000000001a2f0000]
[error occurred during error reporting (printing stack bounds), id 0xc0000005]

Native frames: (J=compiled Java code, j=interpreted, Vv=VM code, C=native code)


Current CompileTask:
C2:   2057  546       4       com.sun.tools.javac.parser.JavacParser::term3 (2502 bytes)


---------------  P R O C E S S  ---------------

Java Threads: ( => current thread )
  0x000000001910d000 JavaThread "Service Thread" daemon [_thread_blocked, id=6348, stack(0x000000001a3f0000,0x000000001a4f0000)]
  0x000000001909e800 JavaThread "C1 CompilerThread1" daemon [_thread_blocked, id=5304, stack(0x000000001a2f0000,0x000000001a3f0000)]
=>0x000000001909c000 JavaThread "C2 CompilerThread0" daemon [_thread_in_native, id=10428, stack(0x000000001a1f0000,0x000000001a2f0000)]
  0x000000001909a800 JavaThread "Attach Listener" daemon [_thread_blocked, id=10512, stack(0x000000001a0f0000,0x000000001a1f0000)]
  0x0000000019097800 JavaThread "Signal Dispatcher" daemon [_thread_blocked, id=3236, stack(0x0000000019ff0000,0x000000001a0f0000)]
  0x000000000507b000 JavaThread "Finalizer" daemon [_thread_blocked, id=7028, stack(0x0000000019ce0000,0x0000000019de0000)]
  0x0000000005071000 JavaThread "Reference Handler" daemon [_thread_blocked, id=2720, stack(0x0000000019be0000,0x0000000019ce0000)]
  0x0000000004f83800 JavaThread "main" [_thread_in_Java, id=7884, stack(0x0000000004dd0000,0x0000000004ed0000)]

Other Threads:
  0x0000000019066800 VMThread [stack: 0x0000000019ae0000,0x0000000019be0000] [id=7508]
  0x000000001911b000 WatcherThread [stack: 0x000000001a4f0000,0x000000001a5f0000] [id=5260]

VM state:not at safepoint (normal execution)

VM Mutex/Monitor currently owned by a thread: None

Heap:
 PSYoungGen      total 36864K, used 9985K [0x00000000daf00000, 0x00000000de600000, 0x0000000100000000)
  eden space 29184K, 8% used [0x00000000daf00000,0x00000000db147ef8,0x00000000dcb80000)
  from space 7680K, 99% used [0x00000000dcb80000,0x00000000dd2f8650,0x00000000dd300000)
  to   space 10240K, 0% used [0x00000000ddc00000,0x00000000ddc00000,0x00000000de600000)
 ParOldGen       total 18944K, used 14523K [0x0000000090c00000, 0x0000000091e80000, 0x00000000daf00000)
  object space 18944K, 76% used [0x0000000090c00000,0x0000000091a2edd0,0x0000000091e80000)
 Metaspace       used 7454K, capacity 8308K, committed 8448K, reserved 1056768K
  class space    used 890K, capacity 944K, committed 1024K, reserved 1048576K

Card table byte_map: [0x0000000014440000,0x00000000147c0000] byte_map_base: 0x0000000013fba000

Marking Bits: (ParMarkBitMap*) 0x0000000053a02d00
 Begin Bits: [0x0000000014c20000, 0x00000000167f0000)
 End Bits:   [0x00000000167f0000, 0x00000000183c0000)

Polling page: 0x0000000003360000

CodeCache: size=245760Kb used=3469Kb max_used=3469Kb free=242290Kb
 bounds [0x0000000005080000, 0x00000000053f0000, 0x0000000014080000]
 total_blobs=936 nmethods=653 adapters=197
 compilation: enabled

Compilation events (10 events):
Event: 2.045 Thread 0x000000001909e800  674   !   2       java.io.FileInputStream::close (62 bytes)
Event: 2.045 Thread 0x000000001909e800 nmethod 674 0x00000000053e10d0 code [0x00000000053e1260, 0x00000000053e1698]
Event: 2.046 Thread 0x000000001909e800  675       2       com.sun.tools.javac.parser.JavacParser::arrayCreatorRest (378 bytes)
Event: 2.047 Thread 0x000000001909e800 nmethod 675 0x00000000053e1810 code [0x00000000053e1b00, 0x00000000053e27a8]
Event: 2.049 Thread 0x000000001909e800  676       2       com.sun.tools.javac.parser.JavacParser::termRest (171 bytes)
Event: 2.050 Thread 0x000000001909e800 nmethod 676 0x00000000053e3350 code [0x00000000053e3560, 0x00000000053e3bc8]
Event: 2.050 Thread 0x000000001909e800  677       2       com.sun.tools.javac.tree.JCTree$JCAssign::getTag (4 bytes)
Event: 2.050 Thread 0x000000001909e800 nmethod 677 0x00000000053e4210 code [0x00000000053e4360, 0x00000000053e44b0]
Event: 2.051 Thread 0x000000001909e800  678       2       java.nio.charset.Charset::atBugLevel (44 bytes)
Event: 2.051 Thread 0x000000001909e800 nmethod 678 0x00000000053e4550 code [0x00000000053e46e0, 0x00000000053e4998]

GC Heap History (10 events):
Event: 1.285 GC heap before
{Heap before GC invocations=9 (full 1):
 PSYoungGen      total 26112K, used 3564K [0x00000000daf00000, 0x00000000dd200000, 0x0000000100000000)
  eden space 22528K, 0% used [0x00000000daf00000,0x00000000daf00000,0x00000000dc500000)
  from space 3584K, 99% used [0x00000000dca80000,0x00000000dcdfb240,0x00000000dce00000)
  to   space 5632K, 0% used [0x00000000dc500000,0x00000000dc500000,0x00000000dca80000)
 ParOldGen       total 6656K, used 6364K [0x0000000090c00000, 0x0000000091280000, 0x00000000daf00000)
  object space 6656K, 95% used [0x0000000090c00000,0x00000000912370f0,0x0000000091280000)
 Metaspace       used 7353K, capacity 8244K, committed 8448K, reserved 1056768K
  class space    used 890K, capacity 944K, committed 1024K, reserved 1048576K
Event: 1.347 GC heap after
Heap after GC invocations=9 (full 1):
 PSYoungGen      total 26112K, used 3563K [0x00000000daf00000, 0x00000000dd200000, 0x0000000100000000)
  eden space 22528K, 0% used [0x00000000daf00000,0x00000000daf00000,0x00000000dc500000)
  from space 3584K, 99% used [0x00000000dca80000,0x00000000dcdfaf68,0x00000000dce00000)
  to   space 5632K, 0% used [0x00000000dc500000,0x00000000dc500000,0x00000000dca80000)
 ParOldGen       total 11264K, used 5565K [0x0000000090c00000, 0x0000000091700000, 0x00000000daf00000)
  object space 11264K, 49% used [0x0000000090c00000,0x000000009116f7a0,0x0000000091700000)
 Metaspace       used 7353K, capacity 8244K, committed 8448K, reserved 1056768K
  class space    used 890K, capacity 944K, committed 1024K, reserved 1048576K
}
Event: 1.494 GC heap before
{Heap before GC invocations=10 (full 1):
 PSYoungGen      total 26112K, used 26091K [0x00000000daf00000, 0x00000000dd200000, 0x0000000100000000)
  eden space 22528K, 100% used [0x00000000daf00000,0x00000000dc500000,0x00000000dc500000)
  from space 3584K, 99% used [0x00000000dca80000,0x00000000dcdfaf68,0x00000000dce00000)
  to   space 5632K, 0% used [0x00000000dc500000,0x00000000dc500000,0x00000000dca80000)
 ParOldGen       total 11264K, used 5565K [0x0000000090c00000, 0x0000000091700000, 0x00000000daf00000)
  object space 11264K, 49% used [0x0000000090c00000,0x000000009116f7a0,0x0000000091700000)
 Metaspace       used 7354K, capacity 8244K, committed 8448K, reserved 1056768K
  class space    used 890K, capacity 944K, committed 1024K, reserved 1048576K
Event: 1.504 GC heap after
Heap after GC invocations=10 (full 1):
 PSYoungGen      total 28160K, used 5590K [0x00000000daf00000, 0x00000000dda80000, 0x0000000100000000)
  eden space 22528K, 0% used [0x00000000daf00000,0x00000000daf00000,0x00000000dc500000)
  from space 5632K, 99% used [0x00000000dc500000,0x00000000dca75a38,0x00000000dca80000)
  to   space 6656K, 0% used [0x00000000dd400000,0x00000000dd400000,0x00000000dda80000)
 ParOldGen       total 11264K, used 8284K [0x0000000090c00000, 0x0000000091700000, 0x00000000daf00000)
  object space 11264K, 73% used [0x0000000090c00000,0x0000000091417300,0x0000000091700000)
 Metaspace       used 7354K, capacity 8244K, committed 8448K, reserved 1056768K
  class space    used 890K, capacity 944K, committed 1024K, reserved 1048576K
}
Event: 1.504 GC heap before
{Heap before GC invocations=11 (full 2):
 PSYoungGen      total 28160K, used 5590K [0x00000000daf00000, 0x00000000dda80000, 0x0000000100000000)
  eden space 22528K, 0% used [0x00000000daf00000,0x00000000daf00000,0x00000000dc500000)
  from space 5632K, 99% used [0x00000000dc500000,0x00000000dca75a38,0x00000000dca80000)
  to   space 6656K, 0% used [0x00000000dd400000,0x00000000dd400000,0x00000000dda80000)
 ParOldGen       total 11264K, used 8284K [0x0000000090c00000, 0x0000000091700000, 0x00000000daf00000)
  object space 11264K, 73% used [0x0000000090c00000,0x0000000091417300,0x0000000091700000)
 Metaspace       used 7354K, capacity 8244K, committed 8448K, reserved 1056768K
  class space    used 890K, capacity 944K, committed 1024K, reserved 1048576K
Event: 1.536 GC heap after
Heap after GC invocations=11 (full 2):
 PSYoungGen      total 28160K, used 1939K [0x00000000daf00000, 0x00000000dda80000, 0x0000000100000000)
  eden space 22528K, 0% used [0x00000000daf00000,0x00000000daf00000,0x00000000dc500000)
  from space 5632K, 34% used [0x00000000dc500000,0x00000000dc6e4e10,0x00000000dca80000)
  to   space 6656K, 0% used [0x00000000dd400000,0x00000000dd400000,0x00000000dda80000)
 ParOldGen       total 18944K, used 11169K [0x0000000090c00000, 0x0000000091e80000, 0x00000000daf00000)
  object space 18944K, 58% used [0x0000000090c00000,0x00000000916e8740,0x0000000091e80000)
 Metaspace       used 7354K, capacity 8244K, committed 8448K, reserved 1056768K
  class space    used 890K, capacity 944K, committed 1024K, reserved 1048576K
}
Event: 1.634 GC heap before
{Heap before GC invocations=12 (full 2):
 PSYoungGen      total 28160K, used 22913K [0x00000000daf00000, 0x00000000dda80000, 0x0000000100000000)
  eden space 22528K, 93% used [0x00000000daf00000,0x00000000dc37b7d0,0x00000000dc500000)
  from space 5632K, 34% used [0x00000000dc500000,0x00000000dc6e4e10,0x00000000dca80000)
  to   space 6656K, 0% used [0x00000000dd400000,0x00000000dd400000,0x00000000dda80000)
 ParOldGen       total 18944K, used 11169K [0x0000000090c00000, 0x0000000091e80000, 0x00000000daf00000)
  object space 18944K, 58% used [0x0000000090c00000,0x00000000916e8740,0x0000000091e80000)
 Metaspace       used 7357K, capacity 8244K, committed 8448K, reserved 1056768K
  class space    used 890K, capacity 944K, committed 1024K, reserved 1048576K
Event: 1.646 GC heap after
Heap after GC invocations=12 (full 2):
 PSYoungGen      total 35328K, used 6533K [0x00000000daf00000, 0x00000000dda80000, 0x0000000100000000)
  eden space 28672K, 0% used [0x00000000daf00000,0x00000000daf00000,0x00000000dcb00000)
  from space 6656K, 98% used [0x00000000dd400000,0x00000000dda61790,0x00000000dda80000)
  to   space 7680K, 0% used [0x00000000dcb80000,0x00000000dcb80000,0x00000000dd300000)
 ParOldGen       total 18944K, used 11631K [0x0000000090c00000, 0x0000000091e80000, 0x00000000daf00000)
  object space 18944K, 61% used [0x0000000090c00000,0x000000009175be30,0x0000000091e80000)
 Metaspace       used 7357K, capacity 8244K, committed 8448K, reserved 1056768K
  class space    used 890K, capacity 944K, committed 1024K, reserved 1048576K
}
Event: 1.951 GC heap before
{Heap before GC invocations=13 (full 2):
 PSYoungGen      total 35328K, used 35205K [0x00000000daf00000, 0x00000000dda80000, 0x0000000100000000)
  eden space 28672K, 100% used [0x00000000daf00000,0x00000000dcb00000,0x00000000dcb00000)
  from space 6656K, 98% used [0x00000000dd400000,0x00000000dda61790,0x00000000dda80000)
  to   space 7680K, 0% used [0x00000000dcb80000,0x00000000dcb80000,0x00000000dd300000)
 ParOldGen       total 18944K, used 11631K [0x0000000090c00000, 0x0000000091e80000, 0x00000000daf00000)
  object space 18944K, 61% used [0x0000000090c00000,0x000000009175be30,0x0000000091e80000)
 Metaspace       used 7432K, capacity 8308K, committed 8448K, reserved 1056768K
  class space    used 890K, capacity 944K, committed 1024K, reserved 1048576K
Event: 1.962 GC heap after
Heap after GC invocations=13 (full 2):
 PSYoungGen      total 36864K, used 7649K [0x00000000daf00000, 0x00000000de600000, 0x0000000100000000)
  eden space 29184K, 0% used [0x00000000daf00000,0x00000000daf00000,0x00000000dcb80000)
  from space 7680K, 99% used [0x00000000dcb80000,0x00000000dd2f8650,0x00000000dd300000)
  to   space 10240K, 0% used [0x00000000ddc00000,0x00000000ddc00000,0x00000000de600000)
 ParOldGen       total 18944K, used 14523K [0x0000000090c00000, 0x0000000091e80000, 0x00000000daf00000)
  object space 18944K, 76% used [0x0000000090c00000,0x0000000091a2edd0,0x0000000091e80000)
 Metaspace       used 7432K, capacity 8308K, committed 8448K, reserved 1056768K
  class space    used 890K, capacity 944K, committed 1024K, reserved 1048576K
}

Deoptimization events (10 events):
Event: 1.051 Thread 0x0000000004f83800 Uncommon trap: reason=unstable_if action=reinterpret pc=0x00000000052f1ab8 method=com.sun.tools.javac.parser.JavaTokenizer$BasicComment.scanDocComment()V @ 277
Event: 1.054 Thread 0x0000000004f83800 Uncommon trap: reason=unstable_if action=reinterpret pc=0x00000000052e1884 method=com.sun.tools.javac.parser.JavaTokenizer.readToken()Lcom/sun/tools/javac/parser/Tokens$Token; @ 664
Event: 1.144 Thread 0x0000000004f83800 Uncommon trap: reason=unstable_if action=reinterpret pc=0x000000000533f50c method=com.sun.tools.javac.util.Name$Table.equals([BI[BII)Z @ 22
Event: 1.190 Thread 0x0000000004f83800 Uncommon trap: reason=unstable_if action=reinterpret pc=0x0000000005340ae8 method=java.util.ArrayList.isEmpty()Z @ 4
Event: 1.190 Thread 0x0000000004f83800 Uncommon trap: reason=unstable_if action=reinterpret pc=0x00000000052dddf4 method=com.sun.tools.javac.util.ArrayUtils.ensureCapacity([CI)[C @ 3
Event: 1.195 Thread 0x0000000004f83800 Uncommon trap: reason=unstable_if action=reinterpret pc=0x000000000524528c method=java.lang.String.<init>([CII)V @ 18
Event: 1.999 Thread 0x0000000004f83800 Uncommon trap: reason=unstable_if action=reinterpret pc=0x00000000053b4770 method=com.sun.tools.javac.parser.JavaTokenizer.readToken()Lcom/sun/tools/javac/parser/Tokens$Token; @ 961
Event: 2.019 Thread 0x0000000004f83800 Uncommon trap: reason=unstable_if action=reinterpret pc=0x00000000053c8714 method=com.sun.tools.javac.util.Position$LineMapImpl.build([CI)V @ 42
Event: 2.020 Thread 0x0000000004f83800 Uncommon trap: reason=unstable_if action=reinterpret pc=0x00000000053c427c method=com.sun.tools.javac.util.Position$LineMapImpl.build([CI)V @ 42
Event: 2.021 Thread 0x0000000004f83800 Uncommon trap: reason=unstable_if action=reinterpret pc=0x00000000053accd8 method=java.lang.Integer.parseInt(Ljava/lang/String;I)I @ 122

Classes redefined (0 events):
No events

Internal exceptions (9 events):
Event: 0.047 Thread 0x0000000004f83800 Exception <a 'java/lang/NoSuchMethodError': Method sun.misc.Unsafe.defineClass(Ljava/lang/String;[BII)Ljava/lang/Class; name or signature does not match> (0x00000000daf07cd8) thrown at [C:\re\workspace\8-2-build-windows-amd64-cygwin\jdk8u181\11358\hotspot
Event: 0.047 Thread 0x0000000004f83800 Exception <a 'java/lang/NoSuchMethodError': Method sun.misc.Unsafe.prefetchRead(Ljava/lang/Object;J)V name or signature does not match> (0x00000000daf07fc0) thrown at [C:\re\workspace\8-2-build-windows-amd64-cygwin\jdk8u181\11358\hotspot\src\share\vm\prim
Event: 0.235 Thread 0x0000000004f83800 Exception <a 'java/security/PrivilegedActionException'> (0x00000000db0781e0) thrown at [C:\re\workspace\8-2-build-windows-amd64-cygwin\jdk8u181\11358\hotspot\src\share\vm\prims\jvm.cpp, line 1435]
Event: 0.235 Thread 0x0000000004f83800 Exception <a 'java/security/PrivilegedActionException'> (0x00000000db0785d8) thrown at [C:\re\workspace\8-2-build-windows-amd64-cygwin\jdk8u181\11358\hotspot\src\share\vm\prims\jvm.cpp, line 1435]
Event: 0.237 Thread 0x0000000004f83800 Exception <a 'java/security/PrivilegedActionException'> (0x00000000db07c6d0) thrown at [C:\re\workspace\8-2-build-windows-amd64-cygwin\jdk8u181\11358\hotspot\src\share\vm\prims\jvm.cpp, line 1435]
Event: 0.237 Thread 0x0000000004f83800 Exception <a 'java/security/PrivilegedActionException'> (0x00000000db07cac8) thrown at [C:\re\workspace\8-2-build-windows-amd64-cygwin\jdk8u181\11358\hotspot\src\share\vm\prims\jvm.cpp, line 1435]
Event: 0.246 Thread 0x0000000004f83800 Exception <a 'java/security/PrivilegedActionException'> (0x00000000daf32a00) thrown at [C:\re\workspace\8-2-build-windows-amd64-cygwin\jdk8u181\11358\hotspot\src\share\vm\prims\jvm.cpp, line 1435]
Event: 0.246 Thread 0x0000000004f83800 Exception <a 'java/security/PrivilegedActionException'> (0x00000000daf32df8) thrown at [C:\re\workspace\8-2-build-windows-amd64-cygwin\jdk8u181\11358\hotspot\src\share\vm\prims\jvm.cpp, line 1435]
Event: 0.643 Thread 0x0000000004f83800 Implicit null exception at 0x000000000521a9a2 to 0x000000000521ab51

Events (10 events):
Event: 1.999 Thread 0x0000000004f83800 DEOPT UNPACKING pc=0x00000000050c583b sp=0x0000000004ecec38 mode 2
Event: 2.019 Thread 0x0000000004f83800 Uncommon trap: trap_request=0xffffff65 fr.pc=0x00000000053c8714
Event: 2.019 Thread 0x0000000004f83800 DEOPT PACKING pc=0x00000000053c8714 sp=0x0000000004ecedf0
Event: 2.019 Thread 0x0000000004f83800 DEOPT UNPACKING pc=0x00000000050c583b sp=0x0000000004ecedb0 mode 2
Event: 2.020 Thread 0x0000000004f83800 Uncommon trap: trap_request=0xffffff65 fr.pc=0x00000000053c427c
Event: 2.020 Thread 0x0000000004f83800 DEOPT PACKING pc=0x00000000053c427c sp=0x0000000004ecedf0
Event: 2.020 Thread 0x0000000004f83800 DEOPT UNPACKING pc=0x00000000050c583b sp=0x0000000004ecedb0 mode 2
Event: 2.021 Thread 0x0000000004f83800 Uncommon trap: trap_request=0xffffff65 fr.pc=0x00000000053accd8
Event: 2.021 Thread 0x0000000004f83800 DEOPT PACKING pc=0x00000000053accd8 sp=0x0000000004ecd930
Event: 2.021 Thread 0x0000000004f83800 DEOPT UNPACKING pc=0x00000000050c583b sp=0x0000000004ecd828 mode 2


Dynamic libraries:
0x00007ff71ae80000 - 0x00007ff71ae87000 	C:\Program Files\Java\jdk1.8.0_181\bin\javac.exe
0x00007ffe74d50000 - 0x00007ffe74f30000 	C:\Windows\SYSTEM32\ntdll.dll
0x00007ffe4e9d0000 - 0x00007ffe4ea04000 	C:\Program Files\AVAST Software\Avast\x64\aswhooka.dll
0x00007ffe74c70000 - 0x00007ffe74d1e000 	C:\Windows\System32\KERNEL32.DLL
0x00007ffe71200000 - 0x00007ffe71466000 	C:\Windows\System32\KERNELBASE.dll
0x0000000055570000 - 0x000000005559f000 	C:\Program Files\Java\jdk1.8.0_181\bin\jli.dll
0x00007ffe74bc0000 - 0x00007ffe74c61000 	C:\Windows\System32\ADVAPI32.dll
0x00007ffe74660000 - 0x00007ffe746fd000 	C:\Windows\System32\msvcrt.dll
0x00007ffe72220000 - 0x00007ffe7227b000 	C:\Windows\System32\sechost.dll
0x00007ffe72a60000 - 0x00007ffe72b7f000 	C:\Windows\System32\RPCRT4.dll
0x00007ffe74a30000 - 0x00007ffe74bbf000 	C:\Windows\System32\USER32.dll
0x00007ffe71c40000 - 0x00007ffe71c60000 	C:\Windows\System32\win32u.dll
0x00007ffe72a00000 - 0x00007ffe72a28000 	C:\Windows\System32\GDI32.dll
0x00007ffe71e80000 - 0x00007ffe72013000 	C:\Windows\System32\gdi32full.dll
0x00007ffe72180000 - 0x00007ffe7221b000 	C:\Windows\System32\msvcp_win.dll
0x00007ffe72080000 - 0x00007ffe72175000 	C:\Windows\System32\ucrtbase.dll
0x0000000055490000 - 0x0000000055562000 	C:\Program Files\Java\jdk1.8.0_181\bin\MSVCR100.dll
0x00007ffe5db70000 - 0x00007ffe5ddd9000 	C:\Windows\WinSxS\amd64_microsoft.windows.common-controls_6595b64144ccf1df_6.0.16299.547_none_15cdd76c936033f5\COMCTL32.dll
0x00007ffe725e0000 - 0x00007ffe728e7000 	C:\Windows\System32\combase.dll
0x00007ffe71470000 - 0x00007ffe714e2000 	C:\Windows\System32\bcryptPrimitives.dll
0x00007ffe72a30000 - 0x00007ffe72a5d000 	C:\Windows\System32\IMM32.DLL
0x0000000053a90000 - 0x0000000053b62000 	C:\Program Files\Java\jdk1.8.0_181\jre\bin\msvcr100.dll
0x00000000531e0000 - 0x0000000053a82000 	C:\Program Files\Java\jdk1.8.0_181\jre\bin\server\jvm.dll
0x00007ffe72c50000 - 0x00007ffe72c58000 	C:\Windows\System32\PSAPI.DLL
0x00007ffe5fa00000 - 0x00007ffe5fa09000 	C:\Windows\SYSTEM32\WSOCK32.dll
0x00007ffe748a0000 - 0x00007ffe7490c000 	C:\Windows\System32\WS2_32.dll
0x00007ffe6f530000 - 0x00007ffe6f553000 	C:\Windows\SYSTEM32\WINMM.dll
0x00007ffe68520000 - 0x00007ffe6852a000 	C:\Windows\SYSTEM32\VERSION.dll
0x00007ffe6f4d0000 - 0x00007ffe6f4fa000 	C:\Windows\SYSTEM32\WINMMBASE.dll
0x00007ffe71c60000 - 0x00007ffe71caa000 	C:\Windows\System32\cfgmgr32.dll
0x00000000571f0000 - 0x00000000571ff000 	C:\Program Files\Java\jdk1.8.0_181\jre\bin\verify.dll
0x0000000055460000 - 0x0000000055489000 	C:\Program Files\Java\jdk1.8.0_181\jre\bin\java.dll
0x00000000565c0000 - 0x00000000565d6000 	C:\Program Files\Java\jdk1.8.0_181\jre\bin\zip.dll
0x00007ffe72c60000 - 0x00007ffe74098000 	C:\Windows\System32\SHELL32.dll
0x00007ffe72280000 - 0x00007ffe72326000 	C:\Windows\System32\shcore.dll
0x00007ffe714f0000 - 0x00007ffe71c37000 	C:\Windows\System32\windows.storage.dll
0x00007ffe72330000 - 0x00007ffe72381000 	C:\Windows\System32\shlwapi.dll
0x00007ffe71130000 - 0x00007ffe71141000 	C:\Windows\System32\kernel.appcore.dll
0x00007ffe710e0000 - 0x00007ffe7112c000 	C:\Windows\System32\powrprof.dll
0x00007ffe710a0000 - 0x00007ffe710bb000 	C:\Windows\System32\profapi.dll

VM Arguments:
jvm_args: -Dapplication.home=C:\Program Files\Java\jdk1.8.0_181 -Xms8m -Dfile.encoding=UTF8 
java_command: com.sun.tools.javac.Main -d obj\\Debug\MonoAndroid81\android\bin\classes -classpath C:\Program Files (x86)\Microsoft Visual Studio\2017\Community\Common7\IDE\ReferenceAssemblies\Microsoft\Framework\MonoAndroid\v8.1\mono.android.jar;obj\\Debug\MonoAndroid81\lp\1\jl\formsviewgroup.jar;obj\\Debug\MonoAndroid81\lp\10\jl\bin\classes.jar;obj\\Debug\MonoAndroid81\lp\11\jl\bin\classes.jar;obj\\Debug\MonoAndroid81\lp\12\jl\bin\classes.jar;obj\\Debug\MonoAndroid81\lp\13\jl\bin\classes.jar;obj\\Debug\MonoAndroid81\lp\14\jl\bin\classes.jar;obj\\Debug\MonoAndroid81\lp\15\jl\bin\classes.jar;obj\\Debug\MonoAndroid81\lp\16\jl\bin\classes.jar;obj\\Debug\MonoAndroid81\lp\17\jl\bin\classes.jar;obj\\Debug\MonoAndroid81\lp\18\jl\bin\classes.jar;obj\\Debug\MonoAndroid81\lp\19\jl\bin\classes.jar;obj\\Debug\MonoAndroid81\lp\20\jl\bin\classes.jar;obj\\Debug\MonoAndroid81\lp\21\jl\bin\classes.jar;obj\\Debug\MonoAndroid81\lp\3\jl\arch-core-common.jar;obj\\Debug\MonoAndroid81\lp\4\jl\arch-lifecycle-common.jar;obj\\Debug\MonoAndroid81\lp\5\jl\bin\classes.jar;obj\\Debug\MonoAndroid81\lp\6\jl\bin\classes.jar;obj\\Debug\MonoAndroid81\lp\8\jl\bin\classes.jar;obj\\Debug\MonoAndroid81\lp\9\jl\bin\classes.jar;obj\\Debug\MonoAndroid81\lp\7\jl\support-annotations.jar -bootclasspath C:\Program Files (x86)\Android\android-sdk\platforms\android-27\android.jar -encoding UTF-8 @C:\Users\JuanFerYuco\AppData\Local\Temp\tmp86D0.tmp
java_class_path (initial): C:\Program Files\Java\jdk1.8.0_181/lib/tools.jar;C:\Program Files\Java\jdk1.8.0_181/classes
Launcher Type: SUN_STANDARD

Environment Variables:
JAVA_HOME=C:\Program Files\Java\jdk1.8.0_181
PATH=C:\Program Files\Java\jdk1.8.0_181\bin;C:\oraclexe\app\oracle\product\11.2.0\server\bin;;C:\Windows\system32;C:\Windows;C:\Windows\System32\Wbem;C:\Windows\System32\WindowsPowerShell\v1.0\;C:\Program Files\Intel\WiFi\bin\;C:\Program Files\Common Files\Intel\WirelessCommon\;C:\Program Files\dotnet\;C:\Program Files\Microsoft SQL Server\130\Tools\Binn\;C:\Program Files\Microsoft SQL Server\Client SDK\ODBC\110\Tools\Binn\;C:\Program Files (x86)\Microsoft SQL Server\120\Tools\Binn\ManagementStudio\;C:\Program Files (x86)\Microsoft SQL Server\120\Tools\Binn\;C:\Program Files\Microsoft SQL Server\120\Tools\Binn\;C:\Program Files (x86)\Microsoft SQL Server\120\DTS\Binn\;C:\Program Files\Microsoft SQL Server\120\DTS\Binn\;C:\Program Files (x86)\Skype\Phone\;C:\Users\JuanFerYuco\AppData\Local\Microsoft\WindowsApps;
USERNAME=JuanFerYuco
OS=Windows_NT
PROCESSOR_IDENTIFIER=AMD64 Family 21 Model 112 Stepping 0, AuthenticAMD



---------------  S Y S T E M  ---------------

OS: Windows 10.0 , 64 bit Build 16299 (10.0.16299.431)

CPU:total 2 (initial active 2) (2 cores per cpu, 1 threads per core) family 21 model 112 stepping 0, cmov, cx8, fxsr, mmx, sse, sse2, sse3, ssse3, sse4.1, sse4.2, popcnt, avx, avx2, aes, clmul, mmxext, 3dnowpref, lzcnt, sse4a, tsc, tscinvbit, tscinv, bmi1

Memory: 4k page, physical 7287068k(731036k free), swap 7287068k(5660k free)

vm_info: Java HotSpot(TM) 64-Bit Server VM (25.181-b13) for windows-amd64 JRE (1.8.0_181-b13), built on Jul  7 2018 04:01:33 by "java_re" with MS VC++ 10.0 (VS2010)

time: Tue Sep 11 09:01:02 2018
elapsed time: 2 seconds (0d 0h 0m 2s)

