#
# There is insufficient memory for the Java Runtime Environment to continue.
# Native memory allocation (malloc) failed to allocate 1048576 bytes for AllocateHeap
# Possible reasons:
#   The system is out of physical RAM or swap space
#   In 32 bit mode, the process size limit was hit
# Possible solutions:
#   Reduce memory load on the system
#   Increase physical memory or swap space
#   Check if swap backing store is full
#   Use 64 bit Java on a 64 bit OS
#   Decrease Java heap size (-Xmx/-Xms)
#   Decrease number of Java threads
#   Decrease Java thread stack sizes (-Xss)
#   Set larger code cache with -XX:ReservedCodeCacheSize=
# This output file may be truncated or incomplete.
#
#  Out of Memory Error (memory/allocation.inline.hpp:61), pid=10564, tid=0x0000000000001b30
#
# JRE version:  (8.0_181-b13) (build )
# Java VM: Java HotSpot(TM) 64-Bit Server VM (25.181-b13 mixed mode windows-amd64 compressed oops)
# Failed to write core dump. Minidumps are not enabled by default on client versions of Windows
#

---------------  T H R E A D  ---------------

Current thread (0x00000000044a2800):  JavaThread "Unknown thread" [_thread_in_vm, id=6960, stack(0x00000000043a0000,0x00000000044a0000)]

Stack: [0x00000000043a0000,0x00000000044a0000]
[error occurred during error reporting (printing stack bounds), id 0xc0000005]

Native frames: (J=compiled Java code, j=interpreted, Vv=VM code, C=native code)


---------------  P R O C E S S  ---------------

Java Threads: ( => current thread )

Other Threads:

=>0x00000000044a2800 (exited) JavaThread "Unknown thread" [_thread_in_vm, id=6960, stack(0x00000000043a0000,0x00000000044a0000)]

VM state:not at safepoint (normal execution)

VM Mutex/Monitor currently owned by a thread: None

Heap:
 PSYoungGen      total 33280K, used 573K [0x00000000eab00000, 0x00000000ed000000, 0x0000000100000000)
  eden space 28672K, 2% used [0x00000000eab00000,0x00000000eab8f5d0,0x00000000ec700000)
  from space 4608K, 0% used [0x00000000ecb80000,0x00000000ecb80000,0x00000000ed000000)
  to   space 4608K, 0% used [0x00000000ec700000,0x00000000ec700000,0x00000000ecb80000)
 ParOldGen       total 76800K, used 0K [0x00000000c0000000, 0x00000000c4b00000, 0x00000000eab00000)
  object space 76800K, 0% used [0x00000000c0000000,0x00000000c0000000,0x00000000c4b00000)
 Metaspace       used 775K, capacity 4480K, committed 4480K, reserved 1056768K
  class space    used 76K, capacity 384K, committed 384K, reserved 1048576K

Card table byte_map: [0x0000000013960000,0x0000000013b70000] byte_map_base: 0x0000000013360000

Marking Bits: (ParMarkBitMap*) 0x0000000074e82d00
 Begin Bits: [0x0000000013ed0000, 0x0000000014ed0000)
 End Bits:   [0x0000000014ed0000, 0x0000000015ed0000)

Polling page: 0x00000000003f0000

CodeCache: size=245760Kb used=327Kb max_used=327Kb free=245432Kb
 bounds [0x00000000045a0000, 0x0000000004810000, 0x00000000135a0000]
 total_blobs=57 nmethods=0 adapters=38
 compilation: enabled

Compilation events (0 events):
No events

GC Heap History (0 events):
No events

Deoptimization events (0 events):
No events

Classes redefined (0 events):
No events

Internal exceptions (0 events):
No events

Events (10 events):
Event: 0.036 loading class java/lang/Short
Event: 0.036 loading class java/lang/Short done
Event: 0.036 loading class java/lang/Integer
Event: 0.037 loading class java/lang/Integer done
Event: 0.037 loading class java/lang/Long
Event: 0.037 loading class java/lang/Long done
Event: 0.037 loading class java/lang/NullPointerException
Event: 0.038 loading class java/lang/NullPointerException done
Event: 0.038 loading class java/lang/ArithmeticException
Event: 0.038 loading class java/lang/ArithmeticException done


Dynamic libraries:
0x00007ff66aec0000 - 0x00007ff66aef7000 	C:\Program Files\Java\jdk1.8.0_181\bin\java.exe
0x00007fff10060000 - 0x00007fff10240000 	C:\Windows\SYSTEM32\ntdll.dll
0x00007fff0d890000 - 0x00007fff0d93e000 	C:\Windows\System32\KERNEL32.DLL
0x00007fff0d260000 - 0x00007fff0d4c6000 	C:\Windows\System32\KERNELBASE.dll
0x00007fff0a340000 - 0x00007fff0a3c8000 	C:\Windows\SYSTEM32\apphelp.dll
0x00007fff0f820000 - 0x00007fff0f8c1000 	C:\Windows\System32\ADVAPI32.dll
0x00007fff0d530000 - 0x00007fff0d5cd000 	C:\Windows\System32\msvcrt.dll
0x00007fff0d5d0000 - 0x00007fff0d62b000 	C:\Windows\System32\sechost.dll
0x00007fff0fe30000 - 0x00007fff0ff4f000 	C:\Windows\System32\RPCRT4.dll
0x00007fff0fa70000 - 0x00007fff0fbff000 	C:\Windows\System32\USER32.dll
0x00007fff0d150000 - 0x00007fff0d170000 	C:\Windows\System32\win32u.dll
0x00007fff0f8d0000 - 0x00007fff0f8f8000 	C:\Windows\System32\GDI32.dll
0x00007fff0c4e0000 - 0x00007fff0c673000 	C:\Windows\System32\gdi32full.dll
0x00007fff0d170000 - 0x00007fff0d20b000 	C:\Windows\System32\msvcp_win.dll
0x00007fff0cfa0000 - 0x00007fff0d095000 	C:\Windows\System32\ucrtbase.dll
0x00007ffefa010000 - 0x00007ffefa279000 	C:\Windows\WinSxS\amd64_microsoft.windows.common-controls_6595b64144ccf1df_6.0.16299.547_none_15cdd76c936033f5\COMCTL32.dll
0x00007fff0f440000 - 0x00007fff0f747000 	C:\Windows\System32\combase.dll
0x00007fff0c460000 - 0x00007fff0c4d2000 	C:\Windows\System32\bcryptPrimitives.dll
0x00007fff0f260000 - 0x00007fff0f28d000 	C:\Windows\System32\IMM32.DLL
0x0000000076620000 - 0x00000000766f2000 	C:\Program Files\Java\jdk1.8.0_181\jre\bin\msvcr100.dll
0x0000000074660000 - 0x0000000074f02000 	C:\Program Files\Java\jdk1.8.0_181\jre\bin\server\jvm.dll
0x00007fff0f250000 - 0x00007fff0f258000 	C:\Windows\System32\PSAPI.DLL
0x00007fff0a1c0000 - 0x00007fff0a1e3000 	C:\Windows\SYSTEM32\WINMM.dll
0x00007fff0a170000 - 0x00007fff0a19a000 	C:\Windows\SYSTEM32\WINMMBASE.dll
0x00007fff04f50000 - 0x00007fff04f5a000 	C:\Windows\SYSTEM32\VERSION.dll
0x00007fff0d210000 - 0x00007fff0d25a000 	C:\Windows\System32\cfgmgr32.dll
0x00007ffefad70000 - 0x00007ffefad79000 	C:\Windows\SYSTEM32\WSOCK32.dll
0x00007fff0f1e0000 - 0x00007fff0f24c000 	C:\Windows\System32\WS2_32.dll
0x0000000076610000 - 0x000000007661f000 	C:\Program Files\Java\jdk1.8.0_181\jre\bin\verify.dll
0x0000000074630000 - 0x0000000074659000 	C:\Program Files\Java\jdk1.8.0_181\jre\bin\java.dll
0x0000000074610000 - 0x0000000074626000 	C:\Program Files\Java\jdk1.8.0_181\jre\bin\zip.dll

VM Arguments:
jvm_args: -Xmx1G 
java_command: C:\Program Files (x86)\Android\android-sdk\build-tools\25.0.3\\lib\dx.jar --dex --no-strict --output obj\Debug\MonoAndroid81\android\bin C:\Users\JuanFerYuco\source\repos\CACM\CACM\CACM.Android\obj\Debug\MonoAndroid81\android\bin\classes.zip C:\Program Files (x86)\Microsoft Visual Studio\2017\Community\Common7\IDE\ReferenceAssemblies\Microsoft\Framework\MonoAndroid\v8.1\mono.android.jar obj\\Debug\MonoAndroid81\lp\1\jl\formsviewgroup.jar obj\\Debug\MonoAndroid81\lp\10\jl\bin\classes.jar obj\\Debug\MonoAndroid81\lp\11\jl\bin\classes.jar obj\\Debug\MonoAndroid81\lp\12\jl\bin\classes.jar obj\\Debug\MonoAndroid81\lp\13\jl\bin\classes.jar obj\\Debug\MonoAndroid81\lp\14\jl\bin\classes.jar obj\\Debug\MonoAndroid81\lp\15\jl\bin\classes.jar obj\\Debug\MonoAndroid81\lp\16\jl\bin\classes.jar obj\\Debug\MonoAndroid81\lp\17\jl\bin\classes.jar obj\\Debug\MonoAndroid81\lp\18\jl\bin\classes.jar obj\\Debug\MonoAndroid81\lp\19\jl\bin\classes.jar obj\\Debug\MonoAndroid81\lp\20\jl\bin\classes.jar obj\\Debug\MonoAndroid81\lp\21\jl\bin\classes.jar obj\\Debug\MonoAndroid81\lp\22\jl\bin\classes.jar obj\\Debug\MonoAndroid81\lp\23\jl\bin\classes.jar obj\\Debug\MonoAndroid81\lp\5\jl\arch-core-common.jar obj\\Debug\MonoAndroid81\lp\6\jl\arch-lifecycle-common.jar obj\\Debug\MonoAndroid81\lp\7\jl\bin\classes.jar obj\\Debug\MonoAndroid81\lp\8\jl\bin\classes.jar
java_class_path (initial): C:\Program Files (x86)\Android\android-sdk\build-tools\25.0.3\\lib\dx.jar
Launcher Type: SUN_STANDARD

Environment Variables:
JAVA_HOME=C:\Program Files\Java\jdk1.8.0_181
PATH=C:\Program Files\Java\jdk1.8.0_181\bin;C:\oraclexe\app\oracle\product\11.2.0\server\bin;;C:\Windows\system32;C:\Windows;C:\Windows\System32\Wbem;C:\Windows\System32\WindowsPowerShell\v1.0\;C:\Program Files\Intel\WiFi\bin\;C:\Program Files\Common Files\Intel\WirelessCommon\;C:\Program Files\dotnet\;C:\Program Files\Microsoft SQL Server\130\Tools\Binn\;C:\Program Files\Microsoft SQL Server\Client SDK\ODBC\110\Tools\Binn\;C:\Program Files (x86)\Microsoft SQL Server\120\Tools\Binn\ManagementStudio\;C:\Program Files (x86)\Microsoft SQL Server\120\Tools\Binn\;C:\Program Files\Microsoft SQL Server\120\Tools\Binn\;C:\Program Files (x86)\Microsoft SQL Server\120\DTS\Binn\;C:\Program Files\Microsoft SQL Server\120\DTS\Binn\;C:\Program Files (x86)\Skype\Phone\;C:\Users\JuanFerYuco\AppData\Local\Microsoft\WindowsApps;C:\Users\JuanFerYuco\AppData\Local\GitHubDesktop\bin
USERNAME=JuanFerYuco
OS=Windows_NT
PROCESSOR_IDENTIFIER=AMD64 Family 21 Model 112 Stepping 0, AuthenticAMD



---------------  S Y S T E M  ---------------

OS: Windows 10.0 , 64 bit Build 16299 (10.0.16299.431)

CPU:total 2 (initial active 2) (2 cores per cpu, 1 threads per core) family 21 model 112 stepping 0, cmov, cx8, fxsr, mmx, sse, sse2, sse3, ssse3, sse4.1, sse4.2, popcnt, avx, avx2, aes, clmul, mmxext, 3dnowpref, lzcnt, sse4a, tsc, tscinvbit, tscinv, bmi1

Memory: 4k page, physical 7287068k(1229484k free), swap 7287068k(6140k free)

vm_info: Java HotSpot(TM) 64-Bit Server VM (25.181-b13) for windows-amd64 JRE (1.8.0_181-b13), built on Jul  7 2018 04:01:33 by "java_re" with MS VC++ 10.0 (VS2010)

time: Mon Oct 29 20:02:58 2018
elapsed time: 0 seconds (0d 0h 0m 0s)

