#
# There is insufficient memory for the Java Runtime Environment to continue.
# Native memory allocation (malloc) failed to allocate 32744 bytes for ChunkPool::allocate
# Possible reasons:
#   The system is out of physical RAM or swap space
#   In 32 bit mode, the process size limit was hit
# Possible solutions:
#   Reduce memory load on the system
#   Increase physical memory or swap space
#   Check if swap backing store is full
#   Use 64 bit Java on a 64 bit OS
#   Decrease Java heap size (-Xmx/-Xms)
#   Decrease number of Java threads
#   Decrease Java thread stack sizes (-Xss)
#   Set larger code cache with -XX:ReservedCodeCacheSize=
# This output file may be truncated or incomplete.
#
#  Out of Memory Error (allocation.cpp:273), pid=10612, tid=0x000000000000205c
#
# JRE version: Java(TM) SE Runtime Environment (8.0_181-b13) (build 1.8.0_181-b13)
# Java VM: Java HotSpot(TM) 64-Bit Server VM (25.181-b13 mixed mode windows-amd64 compressed oops)
# Failed to write core dump. Minidumps are not enabled by default on client versions of Windows
#

---------------  T H R E A D  ---------------

Current thread (0x0000000004863800):  JavaThread "main" [_thread_in_vm, id=8284, stack(0x0000000004670000,0x0000000004770000)]

Stack: [0x0000000004670000,0x0000000004770000]
[error occurred during error reporting (printing stack bounds), id 0xc0000005]

Native frames: (J=compiled Java code, j=interpreted, Vv=VM code, C=native code)

Java frames: (J=compiled Java code, j=interpreted, Vv=VM code)
v  ~RuntimeStub::counter_overflow Runtime1 stub
J 494 C1 com.sun.tools.javac.parser.JavaTokenizer$BasicComment.scanDocComment()V (527 bytes) @ 0x0000000004bfc860 [0x0000000004bfb7e0+0x1080]
J 466 C1 com.sun.tools.javac.parser.Tokens$Token.deprecatedFlag()Z (46 bytes) @ 0x0000000004bdec0c [0x0000000004bde580+0x68c]
J 441 C1 com.sun.tools.javac.parser.JavacParser.modifiersOpt(Lcom/sun/tools/javac/tree/JCTree$JCModifiers;)Lcom/sun/tools/javac/tree/JCTree$JCModifiers; (507 bytes) @ 0x0000000004bbd324 [0x0000000004bbcc80+0x6a4]
J 444 C1 com.sun.tools.javac.parser.JavacParser.classOrInterfaceBodyDeclaration(Lcom/sun/tools/javac/util/Name;Z)Lcom/sun/tools/javac/util/List; (672 bytes) @ 0x0000000004bbfe64 [0x0000000004bbf9e0+0x484]
j  com.sun.tools.javac.parser.JavacParser.classOrInterfaceBody(Lcom/sun/tools/javac/util/Name;Z)Lcom/sun/tools/javac/util/List;+87
j  com.sun.tools.javac.parser.JavacParser.classDeclaration(Lcom/sun/tools/javac/tree/JCTree$JCModifiers;Lcom/sun/tools/javac/parser/Tokens$Comment;)Lcom/sun/tools/javac/tree/JCTree$JCClassDecl;+85
j  com.sun.tools.javac.parser.JavacParser.classOrInterfaceOrEnumDeclaration(Lcom/sun/tools/javac/tree/JCTree$JCModifiers;Lcom/sun/tools/javac/parser/Tokens$Comment;)Lcom/sun/tools/javac/tree/JCTree$JCStatement;+16
J 444 C1 com.sun.tools.javac.parser.JavacParser.classOrInterfaceBodyDeclaration(Lcom/sun/tools/javac/util/Name;Z)Lcom/sun/tools/javac/util/List; (672 bytes) @ 0x0000000004bc338c [0x0000000004bbf9e0+0x39ac]
j  com.sun.tools.javac.parser.JavacParser.classOrInterfaceBody(Lcom/sun/tools/javac/util/Name;Z)Lcom/sun/tools/javac/util/List;+87
j  com.sun.tools.javac.parser.JavacParser.classDeclaration(Lcom/sun/tools/javac/tree/JCTree$JCModifiers;Lcom/sun/tools/javac/parser/Tokens$Comment;)Lcom/sun/tools/javac/tree/JCTree$JCClassDecl;+85
j  com.sun.tools.javac.parser.JavacParser.classOrInterfaceOrEnumDeclaration(Lcom/sun/tools/javac/tree/JCTree$JCModifiers;Lcom/sun/tools/javac/parser/Tokens$Comment;)Lcom/sun/tools/javac/tree/JCTree$JCStatement;+16
j  com.sun.tools.javac.parser.JavacParser.typeDeclaration(Lcom/sun/tools/javac/tree/JCTree$JCModifiers;Lcom/sun/tools/javac/parser/Tokens$Comment;)Lcom/sun/tools/javac/tree/JCTree;+52
j  com.sun.tools.javac.parser.JavacParser.parseCompilationUnit()Lcom/sun/tools/javac/tree/JCTree$JCCompilationUnit;+255
j  com.sun.tools.javac.main.JavaCompiler.parse(Ljavax/tools/JavaFileObject;Ljava/lang/CharSequence;)Lcom/sun/tools/javac/tree/JCTree$JCCompilationUnit;+114
j  com.sun.tools.javac.main.JavaCompiler.parse(Ljavax/tools/JavaFileObject;)Lcom/sun/tools/javac/tree/JCTree$JCCompilationUnit;+16
j  com.sun.tools.javac.main.JavaCompiler.parseFiles(Ljava/lang/Iterable;)Lcom/sun/tools/javac/util/List;+84
j  com.sun.tools.javac.main.JavaCompiler.compile(Lcom/sun/tools/javac/util/List;Lcom/sun/tools/javac/util/List;Ljava/lang/Iterable;)V+145
j  com.sun.tools.javac.main.Main.compile([Ljava/lang/String;[Ljava/lang/String;Lcom/sun/tools/javac/util/Context;Lcom/sun/tools/javac/util/List;Ljava/lang/Iterable;)Lcom/sun/tools/javac/main/Main$Result;+1299
j  com.sun.tools.javac.main.Main.compile([Ljava/lang/String;Lcom/sun/tools/javac/util/Context;Lcom/sun/tools/javac/util/List;Ljava/lang/Iterable;)Lcom/sun/tools/javac/main/Main$Result;+7
j  com.sun.tools.javac.main.Main.compile([Ljava/lang/String;Lcom/sun/tools/javac/util/Context;)Lcom/sun/tools/javac/main/Main$Result;+7
j  com.sun.tools.javac.main.Main.compile([Ljava/lang/String;)Lcom/sun/tools/javac/main/Main$Result;+15
j  com.sun.tools.javac.Main.compile([Ljava/lang/String;)I+12
j  com.sun.tools.javac.Main.main([Ljava/lang/String;)V+1
v  ~StubRoutines::call_stub

---------------  P R O C E S S  ---------------

Java Threads: ( => current thread )
  0x00000000189e6800 JavaThread "Service Thread" daemon [_thread_blocked, id=8884, stack(0x0000000019cc0000,0x0000000019dc0000)]
  0x00000000189d7800 JavaThread "C1 CompilerThread1" daemon [_thread_blocked, id=3168, stack(0x0000000019bc0000,0x0000000019cc0000)]
  0x000000001897b800 JavaThread "C2 CompilerThread0" daemon [_thread_in_native, id=11236, stack(0x0000000019ac0000,0x0000000019bc0000)]
  0x000000001897a800 JavaThread "Attach Listener" daemon [_thread_blocked, id=8000, stack(0x00000000199c0000,0x0000000019ac0000)]
  0x0000000018977800 JavaThread "Signal Dispatcher" daemon [_thread_blocked, id=1068, stack(0x00000000198c0000,0x00000000199c0000)]
  0x000000000495b000 JavaThread "Finalizer" daemon [_thread_blocked, id=11012, stack(0x00000000195b0000,0x00000000196b0000)]
  0x0000000004951000 JavaThread "Reference Handler" daemon [_thread_blocked, id=4492, stack(0x00000000194b0000,0x00000000195b0000)]
=>0x0000000004863800 JavaThread "main" [_thread_in_vm, id=8284, stack(0x0000000004670000,0x0000000004770000)]

Other Threads:
  0x0000000018946800 VMThread [stack: 0x00000000193b0000,0x00000000194b0000] [id=5908]
  0x00000000189dc800 WatcherThread [stack: 0x0000000019dc0000,0x0000000019ec0000] [id=9560]

VM state:not at safepoint (normal execution)

VM Mutex/Monitor currently owned by a thread: None

Heap:
 PSYoungGen      total 20480K, used 5118K [0x00000000daf00000, 0x00000000dc700000, 0x0000000100000000)
  eden space 16896K, 9% used [0x00000000daf00000,0x00000000db0a58f8,0x00000000dbf80000)
  from space 3584K, 95% used [0x00000000dbf80000,0x00000000dc2da000,0x00000000dc300000)
  to   space 3072K, 0% used [0x00000000dc300000,0x00000000dc300000,0x00000000dc600000)
 ParOldGen       total 14336K, used 10141K [0x0000000090c00000, 0x0000000091a00000, 0x00000000daf00000)
  object space 14336K, 70% used [0x0000000090c00000,0x00000000915e76a8,0x0000000091a00000)
 Metaspace       used 7354K, capacity 8244K, committed 8448K, reserved 1056768K
  class space    used 889K, capacity 944K, committed 1024K, reserved 1048576K

Card table byte_map: [0x0000000013d20000,0x00000000140a0000] byte_map_base: 0x000000001389a000

Marking Bits: (ParMarkBitMap*) 0x0000000053a02d00
 Begin Bits: [0x0000000014500000, 0x00000000160d0000)
 End Bits:   [0x00000000160d0000, 0x0000000017ca0000)

Polling page: 0x0000000002d90000

CodeCache: size=245760Kb used=2990Kb max_used=2990Kb free=242769Kb
 bounds [0x0000000004960000, 0x0000000004c50000, 0x0000000013960000]
 total_blobs=806 nmethods=523 adapters=197
 compilation: enabled

Compilation events (10 events):
Event: 1.891 Thread 0x00000000189d7800  535       2       com.sun.tools.javac.parser.JavacParser::bracketsOptCont (63 bytes)
Event: 1.892 Thread 0x00000000189d7800 nmethod 535 0x0000000004c3c190 code [0x0000000004c3c340, 0x0000000004c3c788]
Event: 1.892 Thread 0x00000000189d7800  536       2       com.sun.tools.javac.tree.TreeMaker::TypeArray (19 bytes)
Event: 1.892 Thread 0x00000000189d7800 nmethod 536 0x0000000004c3f190 code [0x0000000004c3f2e0, 0x0000000004c3f490]
Event: 1.913 Thread 0x00000000189d7800  537       2       com.sun.tools.javac.parser.UnicodeReader::putChar (41 bytes)
Event: 1.914 Thread 0x00000000189d7800 nmethod 537 0x0000000004c3ba10 code [0x0000000004c3bba0, 0x0000000004c3bf38]
Event: 1.917 Thread 0x00000000189d7800  538       2       java.util.ArrayList::rangeCheck (22 bytes)
Event: 1.917 Thread 0x00000000189d7800 nmethod 538 0x0000000004c3b090 code [0x0000000004c3b240, 0x0000000004c3b6b8]
Event: 1.918 Thread 0x00000000189d7800  539       2       java.util.ArrayList::elementData (7 bytes)
Event: 1.918 Thread 0x00000000189d7800 nmethod 539 0x0000000004c3ed10 code [0x0000000004c3ee60, 0x0000000004c3efd0]

GC Heap History (10 events):
Event: 1.429 GC heap before
{Heap before GC invocations=9 (full 1):
 PSYoungGen      total 7168K, used 6144K [0x00000000daf00000, 0x00000000dc000000, 0x0000000100000000)
  eden space 6144K, 100% used [0x00000000daf00000,0x00000000db500000,0x00000000db500000)
  from space 1024K, 0% used [0x00000000db500000,0x00000000db500000,0x00000000db600000)
  to   space 2560K, 0% used [0x00000000dbd80000,0x00000000dbd80000,0x00000000dc000000)
 ParOldGen       total 8704K, used 4122K [0x0000000090c00000, 0x0000000091480000, 0x00000000daf00000)
  object space 8704K, 47% used [0x0000000090c00000,0x0000000091006b18,0x0000000091480000)
 Metaspace       used 7330K, capacity 8212K, committed 8448K, reserved 1056768K
  class space    used 883K, capacity 912K, committed 1024K, reserved 1048576K
Event: 1.438 GC heap after
Heap after GC invocations=9 (full 1):
 PSYoungGen      total 12800K, used 1473K [0x00000000daf00000, 0x00000000dbf00000, 0x0000000100000000)
  eden space 11264K, 0% used [0x00000000daf00000,0x00000000daf00000,0x00000000dba00000)
  from space 1536K, 95% used [0x00000000dbd80000,0x00000000dbef06e0,0x00000000dbf00000)
  to   space 2560K, 0% used [0x00000000dba00000,0x00000000dba00000,0x00000000dbc80000)
 ParOldGen       total 8704K, used 4122K [0x0000000090c00000, 0x0000000091480000, 0x00000000daf00000)
  object space 8704K, 47% used [0x0000000090c00000,0x0000000091006b18,0x0000000091480000)
 Metaspace       used 7330K, capacity 8212K, committed 8448K, reserved 1056768K
  class space    used 883K, capacity 912K, committed 1024K, reserved 1048576K
}
Event: 1.554 GC heap before
{Heap before GC invocations=10 (full 1):
 PSYoungGen      total 12800K, used 12737K [0x00000000daf00000, 0x00000000dbf00000, 0x0000000100000000)
  eden space 11264K, 100% used [0x00000000daf00000,0x00000000dba00000,0x00000000dba00000)
  from space 1536K, 95% used [0x00000000dbd80000,0x00000000dbef06e0,0x00000000dbf00000)
  to   space 2560K, 0% used [0x00000000dba00000,0x00000000dba00000,0x00000000dbc80000)
 ParOldGen       total 8704K, used 4122K [0x0000000090c00000, 0x0000000091480000, 0x00000000daf00000)
  object space 8704K, 47% used [0x0000000090c00000,0x0000000091006b18,0x0000000091480000)
 Metaspace       used 7353K, capacity 8244K, committed 8448K, reserved 1056768K
  class space    used 889K, capacity 944K, committed 1024K, reserved 1048576K
Event: 1.571 GC heap after
Heap after GC invocations=10 (full 1):
 PSYoungGen      total 13824K, used 2234K [0x00000000daf00000, 0x00000000dc600000, 0x0000000100000000)
  eden space 11264K, 0% used [0x00000000daf00000,0x00000000daf00000,0x00000000dba00000)
  from space 2560K, 87% used [0x00000000dba00000,0x00000000dbc2eb70,0x00000000dbc80000)
  to   space 3072K, 0% used [0x00000000dc300000,0x00000000dc300000,0x00000000dc600000)
 ParOldGen       total 8704K, used 6126K [0x0000000090c00000, 0x0000000091480000, 0x00000000daf00000)
  object space 8704K, 70% used [0x0000000090c00000,0x00000000911fb9d0,0x0000000091480000)
 Metaspace       used 7353K, capacity 8244K, committed 8448K, reserved 1056768K
  class space    used 889K, capacity 944K, committed 1024K, reserved 1048576K
}
Event: 1.684 GC heap before
{Heap before GC invocations=11 (full 1):
 PSYoungGen      total 13824K, used 13498K [0x00000000daf00000, 0x00000000dc600000, 0x0000000100000000)
  eden space 11264K, 100% used [0x00000000daf00000,0x00000000dba00000,0x00000000dba00000)
  from space 2560K, 87% used [0x00000000dba00000,0x00000000dbc2eb70,0x00000000dbc80000)
  to   space 3072K, 0% used [0x00000000dc300000,0x00000000dc300000,0x00000000dc600000)
 ParOldGen       total 8704K, used 6126K [0x0000000090c00000, 0x0000000091480000, 0x00000000daf00000)
  object space 8704K, 70% used [0x0000000090c00000,0x00000000911fb9d0,0x0000000091480000)
 Metaspace       used 7353K, capacity 8244K, committed 8448K, reserved 1056768K
  class space    used 889K, capacity 944K, committed 1024K, reserved 1048576K
Event: 1.706 GC heap after
Heap after GC invocations=11 (full 1):
 PSYoungGen      total 19968K, used 2712K [0x00000000daf00000, 0x00000000dc700000, 0x0000000100000000)
  eden space 16896K, 0% used [0x00000000daf00000,0x00000000daf00000,0x00000000dbf80000)
  from space 3072K, 88% used [0x00000000dc300000,0x00000000dc5a6250,0x00000000dc600000)
  to   space 3584K, 0% used [0x00000000dbf80000,0x00000000dbf80000,0x00000000dc300000)
 ParOldGen       total 8704K, used 7571K [0x0000000090c00000, 0x0000000091480000, 0x00000000daf00000)
  object space 8704K, 86% used [0x0000000090c00000,0x0000000091364e50,0x0000000091480000)
 Metaspace       used 7353K, capacity 8244K, committed 8448K, reserved 1056768K
  class space    used 889K, capacity 944K, committed 1024K, reserved 1048576K
}
Event: 1.706 GC heap before
{Heap before GC invocations=12 (full 2):
 PSYoungGen      total 19968K, used 2712K [0x00000000daf00000, 0x00000000dc700000, 0x0000000100000000)
  eden space 16896K, 0% used [0x00000000daf00000,0x00000000daf00000,0x00000000dbf80000)
  from space 3072K, 88% used [0x00000000dc300000,0x00000000dc5a6250,0x00000000dc600000)
  to   space 3584K, 0% used [0x00000000dbf80000,0x00000000dbf80000,0x00000000dc300000)
 ParOldGen       total 8704K, used 7571K [0x0000000090c00000, 0x0000000091480000, 0x00000000daf00000)
  object space 8704K, 86% used [0x0000000090c00000,0x0000000091364e50,0x0000000091480000)
 Metaspace       used 7353K, capacity 8244K, committed 8448K, reserved 1056768K
  class space    used 889K, capacity 944K, committed 1024K, reserved 1048576K
Event: 1.756 GC heap after
Heap after GC invocations=12 (full 2):
 PSYoungGen      total 19968K, used 2140K [0x00000000daf00000, 0x00000000dc700000, 0x0000000100000000)
  eden space 16896K, 0% used [0x00000000daf00000,0x00000000daf00000,0x00000000dbf80000)
  from space 3072K, 69% used [0x00000000dc300000,0x00000000dc517030,0x00000000dc600000)
  to   space 3584K, 0% used [0x00000000dbf80000,0x00000000dbf80000,0x00000000dc300000)
 ParOldGen       total 14336K, used 7321K [0x0000000090c00000, 0x0000000091a00000, 0x00000000daf00000)
  object space 14336K, 51% used [0x0000000090c00000,0x00000000913267f0,0x0000000091a00000)
 Metaspace       used 7353K, capacity 8244K, committed 8448K, reserved 1056768K
  class space    used 889K, capacity 944K, committed 1024K, reserved 1048576K
}
Event: 1.996 GC heap before
{Heap before GC invocations=13 (full 2):
 PSYoungGen      total 19968K, used 19036K [0x00000000daf00000, 0x00000000dc700000, 0x0000000100000000)
  eden space 16896K, 100% used [0x00000000daf00000,0x00000000dbf80000,0x00000000dbf80000)
  from space 3072K, 69% used [0x00000000dc300000,0x00000000dc517030,0x00000000dc600000)
  to   space 3584K, 0% used [0x00000000dbf80000,0x00000000dbf80000,0x00000000dc300000)
 ParOldGen       total 14336K, used 7321K [0x0000000090c00000, 0x0000000091a00000, 0x00000000daf00000)
  object space 14336K, 51% used [0x0000000090c00000,0x00000000913267f0,0x0000000091a00000)
 Metaspace       used 7354K, capacity 8244K, committed 8448K, reserved 1056768K
  class space    used 889K, capacity 944K, committed 1024K, reserved 1048576K
Event: 2.042 GC heap after
Heap after GC invocations=13 (full 2):
 PSYoungGen      total 20480K, used 3432K [0x00000000daf00000, 0x00000000dc700000, 0x0000000100000000)
  eden space 16896K, 0% used [0x00000000daf00000,0x00000000daf00000,0x00000000dbf80000)
  from space 3584K, 95% used [0x00000000dbf80000,0x00000000dc2da000,0x00000000dc300000)
  to   space 3072K, 0% used [0x00000000dc300000,0x00000000dc300000,0x00000000dc600000)
 ParOldGen       total 14336K, used 10141K [0x0000000090c00000, 0x0000000091a00000, 0x00000000daf00000)
  object space 14336K, 70% used [0x0000000090c00000,0x00000000915e76a8,0x0000000091a00000)
 Metaspace       used 7354K, capacity 8244K, committed 8448K, reserved 1056768K
  class space    used 889K, capacity 944K, committed 1024K, reserved 1048576K
}

Deoptimization events (10 events):
Event: 1.138 Thread 0x0000000004863800 Uncommon trap: reason=unstable_if action=reinterpret pc=0x0000000004b67948 method=com.sun.tools.javac.parser.UnicodeReader.scanChar()V @ 37
Event: 1.308 Thread 0x0000000004863800 Uncommon trap: reason=unstable_if action=reinterpret pc=0x0000000004be6098 method=com.sun.tools.javac.parser.JavaTokenizer$BasicComment.scanDocComment()V @ 277
Event: 1.313 Thread 0x0000000004863800 Uncommon trap: reason=unstable_if action=reinterpret pc=0x0000000004bb8804 method=com.sun.tools.javac.parser.JavaTokenizer.readToken()Lcom/sun/tools/javac/parser/Tokens$Token; @ 664
Event: 1.349 Thread 0x0000000004863800 Uncommon trap: reason=unstable_if action=reinterpret pc=0x0000000004bc97b8 method=com.sun.tools.javac.parser.JavaTokenizer$BasicComment.scanDocComment()V @ 277
Event: 1.421 Thread 0x0000000004863800 Uncommon trap: reason=unstable_if action=reinterpret pc=0x0000000004b62b60 method=sun.nio.cs.UTF_8$Decoder.decodeArrayLoop(Ljava/nio/ByteBuffer;Ljava/nio/CharBuffer;)Ljava/nio/charset/CoderResult; @ 77
Event: 1.441 Thread 0x0000000004863800 Uncommon trap: reason=unstable_if action=reinterpret pc=0x0000000004c16398 method=com.sun.tools.javac.util.SharedNameTable.fromChars([CII)Lcom/sun/tools/javac/util/Name; @ 97
Event: 1.481 Thread 0x0000000004863800 Uncommon trap: reason=unstable_if action=reinterpret pc=0x0000000004bf4aa8 method=java.util.ArrayList.isEmpty()Z @ 4
Event: 1.481 Thread 0x0000000004863800 Uncommon trap: reason=unstable_if action=reinterpret pc=0x0000000004bc7c78 method=com.sun.tools.javac.util.ArrayUtils.ensureCapacity([CI)[C @ 3
Event: 1.483 Thread 0x0000000004863800 Uncommon trap: reason=unstable_if action=reinterpret pc=0x0000000004b3010c method=java.lang.String.<init>([CII)V @ 18
Event: 1.913 Thread 0x0000000004863800 Uncommon trap: reason=unstable_if action=reinterpret pc=0x0000000004badbf4 method=com.sun.tools.javac.util.ArrayUtils.ensureCapacity([CI)[C @ 3

Classes redefined (0 events):
No events

Internal exceptions (8 events):
Event: 0.049 Thread 0x0000000004863800 Exception <a 'java/lang/NoSuchMethodError': Method sun.misc.Unsafe.defineClass(Ljava/lang/String;[BII)Ljava/lang/Class; name or signature does not match> (0x00000000daf07cd8) thrown at [C:\re\workspace\8-2-build-windows-amd64-cygwin\jdk8u181\11358\hotspot
Event: 0.049 Thread 0x0000000004863800 Exception <a 'java/lang/NoSuchMethodError': Method sun.misc.Unsafe.prefetchRead(Ljava/lang/Object;J)V name or signature does not match> (0x00000000daf07fc0) thrown at [C:\re\workspace\8-2-build-windows-amd64-cygwin\jdk8u181\11358\hotspot\src\share\vm\prim
Event: 0.281 Thread 0x0000000004863800 Exception <a 'java/security/PrivilegedActionException'> (0x00000000db0781a0) thrown at [C:\re\workspace\8-2-build-windows-amd64-cygwin\jdk8u181\11358\hotspot\src\share\vm\prims\jvm.cpp, line 1435]
Event: 0.281 Thread 0x0000000004863800 Exception <a 'java/security/PrivilegedActionException'> (0x00000000db078598) thrown at [C:\re\workspace\8-2-build-windows-amd64-cygwin\jdk8u181\11358\hotspot\src\share\vm\prims\jvm.cpp, line 1435]
Event: 0.282 Thread 0x0000000004863800 Exception <a 'java/security/PrivilegedActionException'> (0x00000000db07c690) thrown at [C:\re\workspace\8-2-build-windows-amd64-cygwin\jdk8u181\11358\hotspot\src\share\vm\prims\jvm.cpp, line 1435]
Event: 0.282 Thread 0x0000000004863800 Exception <a 'java/security/PrivilegedActionException'> (0x00000000db07ca88) thrown at [C:\re\workspace\8-2-build-windows-amd64-cygwin\jdk8u181\11358\hotspot\src\share\vm\prims\jvm.cpp, line 1435]
Event: 0.291 Thread 0x0000000004863800 Exception <a 'java/security/PrivilegedActionException'> (0x00000000daf32a00) thrown at [C:\re\workspace\8-2-build-windows-amd64-cygwin\jdk8u181\11358\hotspot\src\share\vm\prims\jvm.cpp, line 1435]
Event: 0.291 Thread 0x0000000004863800 Exception <a 'java/security/PrivilegedActionException'> (0x00000000daf32df8) thrown at [C:\re\workspace\8-2-build-windows-amd64-cygwin\jdk8u181\11358\hotspot\src\share\vm\prims\jvm.cpp, line 1435]

Events (10 events):
Event: 2.053 Thread 0x0000000004863800 DEOPT PACKING pc=0x0000000004c22a2b sp=0x000000000476e630
Event: 2.053 Thread 0x0000000004863800 DEOPT UNPACKING pc=0x00000000049a7490 sp=0x000000000476e668 mode 0
Event: 2.053 Thread 0x0000000004863800 DEOPT PACKING pc=0x0000000004bfc87c sp=0x000000000476e8c0
Event: 2.053 Thread 0x0000000004863800 DEOPT UNPACKING pc=0x00000000049a7490 sp=0x000000000476e5f8 mode 0
Event: 2.053 Thread 0x0000000004863800 DEOPT PACKING pc=0x0000000004bfc860 sp=0x000000000476e8c0
Event: 2.053 Thread 0x0000000004863800 DEOPT UNPACKING pc=0x00000000049a7490 sp=0x000000000476e608 mode 0
Event: 2.053 Thread 0x0000000004863800 DEOPT PACKING pc=0x0000000004c22a2b sp=0x000000000476e630
Event: 2.053 Thread 0x0000000004863800 DEOPT UNPACKING pc=0x00000000049a7490 sp=0x000000000476e668 mode 0
Event: 2.053 Thread 0x0000000004863800 DEOPT PACKING pc=0x0000000004bfc87c sp=0x000000000476e8c0
Event: 2.053 Thread 0x0000000004863800 DEOPT UNPACKING pc=0x00000000049a7490 sp=0x000000000476e5f8 mode 0


Dynamic libraries:
0x00007ff71ae80000 - 0x00007ff71ae87000 	C:\Program Files\Java\jdk1.8.0_181\bin\javac.exe
0x00007ffe74d50000 - 0x00007ffe74f30000 	C:\Windows\SYSTEM32\ntdll.dll
0x00007ffe4e9d0000 - 0x00007ffe4ea04000 	C:\Program Files\AVAST Software\Avast\x64\aswhooka.dll
0x00007ffe74c70000 - 0x00007ffe74d1e000 	C:\Windows\System32\KERNEL32.DLL
0x00007ffe71200000 - 0x00007ffe71466000 	C:\Windows\System32\KERNELBASE.dll
0x0000000055570000 - 0x000000005559f000 	C:\Program Files\Java\jdk1.8.0_181\bin\jli.dll
0x00007ffe74bc0000 - 0x00007ffe74c61000 	C:\Windows\System32\ADVAPI32.dll
0x00007ffe74660000 - 0x00007ffe746fd000 	C:\Windows\System32\msvcrt.dll
0x00007ffe72220000 - 0x00007ffe7227b000 	C:\Windows\System32\sechost.dll
0x00007ffe72a60000 - 0x00007ffe72b7f000 	C:\Windows\System32\RPCRT4.dll
0x00007ffe74a30000 - 0x00007ffe74bbf000 	C:\Windows\System32\USER32.dll
0x00007ffe71c40000 - 0x00007ffe71c60000 	C:\Windows\System32\win32u.dll
0x00007ffe72a00000 - 0x00007ffe72a28000 	C:\Windows\System32\GDI32.dll
0x00007ffe71e80000 - 0x00007ffe72013000 	C:\Windows\System32\gdi32full.dll
0x00007ffe72180000 - 0x00007ffe7221b000 	C:\Windows\System32\msvcp_win.dll
0x00007ffe72080000 - 0x00007ffe72175000 	C:\Windows\System32\ucrtbase.dll
0x0000000055490000 - 0x0000000055562000 	C:\Program Files\Java\jdk1.8.0_181\bin\MSVCR100.dll
0x00007ffe5db70000 - 0x00007ffe5ddd9000 	C:\Windows\WinSxS\amd64_microsoft.windows.common-controls_6595b64144ccf1df_6.0.16299.547_none_15cdd76c936033f5\COMCTL32.dll
0x00007ffe725e0000 - 0x00007ffe728e7000 	C:\Windows\System32\combase.dll
0x00007ffe71470000 - 0x00007ffe714e2000 	C:\Windows\System32\bcryptPrimitives.dll
0x00007ffe72a30000 - 0x00007ffe72a5d000 	C:\Windows\System32\IMM32.DLL
0x0000000053a90000 - 0x0000000053b62000 	C:\Program Files\Java\jdk1.8.0_181\jre\bin\msvcr100.dll
0x00000000531e0000 - 0x0000000053a82000 	C:\Program Files\Java\jdk1.8.0_181\jre\bin\server\jvm.dll
0x00007ffe72c50000 - 0x00007ffe72c58000 	C:\Windows\System32\PSAPI.DLL
0x00007ffe5fa00000 - 0x00007ffe5fa09000 	C:\Windows\SYSTEM32\WSOCK32.dll
0x00007ffe748a0000 - 0x00007ffe7490c000 	C:\Windows\System32\WS2_32.dll
0x00007ffe6f530000 - 0x00007ffe6f553000 	C:\Windows\SYSTEM32\WINMM.dll
0x00007ffe68520000 - 0x00007ffe6852a000 	C:\Windows\SYSTEM32\VERSION.dll
0x00007ffe6f4d0000 - 0x00007ffe6f4fa000 	C:\Windows\SYSTEM32\WINMMBASE.dll
0x00007ffe71c60000 - 0x00007ffe71caa000 	C:\Windows\System32\cfgmgr32.dll
0x00000000571f0000 - 0x00000000571ff000 	C:\Program Files\Java\jdk1.8.0_181\jre\bin\verify.dll
0x0000000055460000 - 0x0000000055489000 	C:\Program Files\Java\jdk1.8.0_181\jre\bin\java.dll
0x00000000565c0000 - 0x00000000565d6000 	C:\Program Files\Java\jdk1.8.0_181\jre\bin\zip.dll
0x00007ffe72c60000 - 0x00007ffe74098000 	C:\Windows\System32\SHELL32.dll
0x00007ffe72280000 - 0x00007ffe72326000 	C:\Windows\System32\shcore.dll
0x00007ffe714f0000 - 0x00007ffe71c37000 	C:\Windows\System32\windows.storage.dll
0x00007ffe72330000 - 0x00007ffe72381000 	C:\Windows\System32\shlwapi.dll
0x00007ffe71130000 - 0x00007ffe71141000 	C:\Windows\System32\kernel.appcore.dll
0x00007ffe710e0000 - 0x00007ffe7112c000 	C:\Windows\System32\powrprof.dll
0x00007ffe710a0000 - 0x00007ffe710bb000 	C:\Windows\System32\profapi.dll

VM Arguments:
jvm_args: -Dapplication.home=C:\Program Files\Java\jdk1.8.0_181 -Xms8m -Dfile.encoding=UTF8 
java_command: com.sun.tools.javac.Main -d obj\\Debug\MonoAndroid81\android\bin\classes -classpath C:\Program Files (x86)\Microsoft Visual Studio\2017\Community\Common7\IDE\ReferenceAssemblies\Microsoft\Framework\MonoAndroid\v8.1\mono.android.jar;obj\\Debug\MonoAndroid81\lp\1\jl\formsviewgroup.jar;obj\\Debug\MonoAndroid81\lp\10\jl\bin\classes.jar;obj\\Debug\MonoAndroid81\lp\11\jl\bin\classes.jar;obj\\Debug\MonoAndroid81\lp\12\jl\bin\classes.jar;obj\\Debug\MonoAndroid81\lp\13\jl\bin\classes.jar;obj\\Debug\MonoAndroid81\lp\14\jl\bin\classes.jar;obj\\Debug\MonoAndroid81\lp\15\jl\bin\classes.jar;obj\\Debug\MonoAndroid81\lp\16\jl\bin\classes.jar;obj\\Debug\MonoAndroid81\lp\17\jl\bin\classes.jar;obj\\Debug\MonoAndroid81\lp\18\jl\bin\classes.jar;obj\\Debug\MonoAndroid81\lp\19\jl\bin\classes.jar;obj\\Debug\MonoAndroid81\lp\20\jl\bin\classes.jar;obj\\Debug\MonoAndroid81\lp\21\jl\bin\classes.jar;obj\\Debug\MonoAndroid81\lp\3\jl\arch-core-common.jar;obj\\Debug\MonoAndroid81\lp\4\jl\arch-lifecycle-common.jar;obj\\Debug\MonoAndroid81\lp\5\jl\bin\classes.jar;obj\\Debug\MonoAndroid81\lp\6\jl\bin\classes.jar;obj\\Debug\MonoAndroid81\lp\8\jl\bin\classes.jar;obj\\Debug\MonoAndroid81\lp\9\jl\bin\classes.jar;obj\\Debug\MonoAndroid81\lp\7\jl\support-annotations.jar -bootclasspath C:\Program Files (x86)\Android\android-sdk\platforms\android-27\android.jar -encoding UTF-8 @C:\Users\JuanFerYuco\AppData\Local\Temp\tmp5D07.tmp
java_class_path (initial): C:\Program Files\Java\jdk1.8.0_181/lib/tools.jar;C:\Program Files\Java\jdk1.8.0_181/classes
Launcher Type: SUN_STANDARD

Environment Variables:
JAVA_HOME=C:\Program Files\Java\jdk1.8.0_181
PATH=C:\Program Files\Java\jdk1.8.0_181\bin;C:\oraclexe\app\oracle\product\11.2.0\server\bin;;C:\Windows\system32;C:\Windows;C:\Windows\System32\Wbem;C:\Windows\System32\WindowsPowerShell\v1.0\;C:\Program Files\Intel\WiFi\bin\;C:\Program Files\Common Files\Intel\WirelessCommon\;C:\Program Files\dotnet\;C:\Program Files\Microsoft SQL Server\130\Tools\Binn\;C:\Program Files\Microsoft SQL Server\Client SDK\ODBC\110\Tools\Binn\;C:\Program Files (x86)\Microsoft SQL Server\120\Tools\Binn\ManagementStudio\;C:\Program Files (x86)\Microsoft SQL Server\120\Tools\Binn\;C:\Program Files\Microsoft SQL Server\120\Tools\Binn\;C:\Program Files (x86)\Microsoft SQL Server\120\DTS\Binn\;C:\Program Files\Microsoft SQL Server\120\DTS\Binn\;C:\Program Files (x86)\Skype\Phone\;C:\Users\JuanFerYuco\AppData\Local\Microsoft\WindowsApps;
USERNAME=JuanFerYuco
OS=Windows_NT
PROCESSOR_IDENTIFIER=AMD64 Family 21 Model 112 Stepping 0, AuthenticAMD



---------------  S Y S T E M  ---------------

OS: Windows 10.0 , 64 bit Build 16299 (10.0.16299.431)

CPU:total 2 (initial active 2) (2 cores per cpu, 1 threads per core) family 21 model 112 stepping 0, cmov, cx8, fxsr, mmx, sse, sse2, sse3, ssse3, sse4.1, sse4.2, popcnt, avx, avx2, aes, clmul, mmxext, 3dnowpref, lzcnt, sse4a, tsc, tscinvbit, tscinv, bmi1

Memory: 4k page, physical 7287068k(619724k free), swap 7287068k(5948k free)

vm_info: Java HotSpot(TM) 64-Bit Server VM (25.181-b13) for windows-amd64 JRE (1.8.0_181-b13), built on Jul  7 2018 04:01:33 by "java_re" with MS VC++ 10.0 (VS2010)

time: Tue Sep 11 08:33:34 2018
elapsed time: 2 seconds (0d 0h 0m 2s)

