#
# There is insufficient memory for the Java Runtime Environment to continue.
# Native memory allocation (malloc) failed to allocate 32744 bytes for ChunkPool::allocate
# Possible reasons:
#   The system is out of physical RAM or swap space
#   In 32 bit mode, the process size limit was hit
# Possible solutions:
#   Reduce memory load on the system
#   Increase physical memory or swap space
#   Check if swap backing store is full
#   Use 64 bit Java on a 64 bit OS
#   Decrease Java heap size (-Xmx/-Xms)
#   Decrease number of Java threads
#   Decrease Java thread stack sizes (-Xss)
#   Set larger code cache with -XX:ReservedCodeCacheSize=
# This output file may be truncated or incomplete.
#
#  Out of Memory Error (allocation.cpp:273), pid=8504, tid=0x0000000000002840
#
# JRE version: Java(TM) SE Runtime Environment (8.0_181-b13) (build 1.8.0_181-b13)
# Java VM: Java HotSpot(TM) 64-Bit Server VM (25.181-b13 mixed mode windows-amd64 compressed oops)
# Failed to write core dump. Minidumps are not enabled by default on client versions of Windows
#

---------------  T H R E A D  ---------------

Current thread (0x00000000177e7000):  VMThread [stack: 0x0000000018250000,0x0000000018350000] [id=10304]

Stack: [0x0000000018250000,0x0000000018350000]
[error occurred during error reporting (printing stack bounds), id 0xc0000005]

Native frames: (J=compiled Java code, j=interpreted, Vv=VM code, C=native code)

VM_Operation (0x000000000527df20): ParallelGCFailedAllocation, mode: safepoint, requested by thread 0x0000000005292800


---------------  P R O C E S S  ---------------

Java Threads: ( => current thread )
  0x0000000018f98000 JavaThread "pool-2-thread-1" [_thread_blocked, id=9940, stack(0x0000000019260000,0x0000000019360000)]
  0x0000000018f97800 JavaThread "pool-1-thread-1" [_thread_blocked, id=11948, stack(0x0000000019160000,0x0000000019260000)]
  0x0000000017889800 JavaThread "Service Thread" daemon [_thread_blocked, id=1144, stack(0x0000000018b60000,0x0000000018c60000)]
  0x000000001781e000 JavaThread "C1 CompilerThread1" daemon [_thread_blocked, id=220, stack(0x0000000018a60000,0x0000000018b60000)]
  0x000000001781a800 JavaThread "C2 CompilerThread0" daemon [_thread_blocked, id=9904, stack(0x0000000018960000,0x0000000018a60000)]
  0x0000000017819000 JavaThread "Attach Listener" daemon [_thread_blocked, id=2684, stack(0x0000000018860000,0x0000000018960000)]
  0x0000000017816000 JavaThread "Signal Dispatcher" daemon [_thread_blocked, id=9168, stack(0x0000000018760000,0x0000000018860000)]
  0x0000000005388000 JavaThread "Finalizer" daemon [_thread_blocked, id=1288, stack(0x0000000018450000,0x0000000018550000)]
  0x000000000537e800 JavaThread "Reference Handler" daemon [_thread_blocked, id=7732, stack(0x0000000018350000,0x0000000018450000)]
  0x0000000005292800 JavaThread "main" [_thread_blocked, id=11788, stack(0x0000000005180000,0x0000000005280000)]

Other Threads:
=>0x00000000177e7000 VMThread [stack: 0x0000000018250000,0x0000000018350000] [id=10304]
  0x000000001788b800 WatcherThread [stack: 0x0000000018c60000,0x0000000018d60000] [id=4456]

VM state:at safepoint (normal execution)

VM Mutex/Monitor currently owned by a thread:  ([mutex/lock_event])
[0x000000000528e310] Threads_lock - owner thread: 0x00000000177e7000
[0x000000000528de10] Heap_lock - owner thread: 0x0000000005292800

Heap:
 PSYoungGen      total 61952K, used 57343K [0x00000000eab00000, 0x00000000eec00000, 0x0000000100000000)
  eden space 57344K, 99% used [0x00000000eab00000,0x00000000ee2fffd8,0x00000000ee300000)
  from space 4608K, 0% used [0x00000000ee300000,0x00000000ee300000,0x00000000ee780000)
  to   space 4608K, 0% used [0x00000000ee780000,0x00000000ee780000,0x00000000eec00000)
 ParOldGen       total 76800K, used 76381K [0x00000000c0000000, 0x00000000c4b00000, 0x00000000eab00000)
  object space 76800K, 99% used [0x00000000c0000000,0x00000000c4a977d0,0x00000000c4b00000)
 Metaspace       used 6695K, capacity 7256K, committed 7424K, reserved 1056768K
  class space    used 637K, capacity 656K, committed 768K, reserved 1048576K

Card table byte_map: [0x0000000014750000,0x0000000014960000] byte_map_base: 0x0000000014150000

Marking Bits: (ParMarkBitMap*) 0x0000000069aa2d00
 Begin Bits: [0x0000000014cc0000, 0x0000000015cc0000)
 End Bits:   [0x0000000015cc0000, 0x0000000016cc0000)

Polling page: 0x0000000000fc0000

CodeCache: size=245760Kb used=9879Kb max_used=9894Kb free=235880Kb
 bounds [0x0000000005390000, 0x0000000005d50000, 0x0000000014390000]
 total_blobs=2398 nmethods=2128 adapters=183
 compilation: enabled

Compilation events (10 events):
Event: 34.998 Thread 0x000000001781e000 2202       2       com.android.dx.cf.code.Frame::copy (26 bytes)
Event: 34.999 Thread 0x000000001781e000 nmethod 2202 0x0000000005d24510 code [0x0000000005d246a0, 0x0000000005d248e8]
Event: 34.999 Thread 0x000000001781e000 2203       2       com.android.dx.cf.code.RopperMachine::hasRet (13 bytes)
Event: 34.999 Thread 0x000000001781e000 nmethod 2203 0x0000000005d241d0 code [0x0000000005d24320, 0x0000000005d24490]
Event: 35.000 Thread 0x000000001781e000 2204 % !   2       com.android.dx.cf.code.Ropper::processBlock @ 1035 (1101 bytes)
Event: 35.009 Thread 0x000000001781e000 nmethod 2204% 0x0000000005d1a110 code [0x0000000005d1a840, 0x0000000005d1daf8]
Event: 35.469 Thread 0x000000001781a800 nmethod 2140 0x0000000005d3ea10 code [0x0000000005d3ec20, 0x0000000005d3fe30]
Event: 35.470 Thread 0x000000001781a800 2163       4       com.android.dx.ssa.SCCP::simulateBranch (666 bytes)
Event: 37.693 Thread 0x000000001781e000 2208       1       com.android.dx.cf.code.RopperMachine::returns (5 bytes)
Event: 37.693 Thread 0x000000001781e000 nmethod 2208 0x0000000005d19e50 code [0x0000000005d19fa0, 0x0000000005d1a0b0]

GC Heap History (10 events):
Event: 36.371 GC heap after
Heap after GC invocations=41 (full 32):
 PSYoungGen      total 61952K, used 56614K [0x00000000eab00000, 0x00000000eec00000, 0x0000000100000000)
  eden space 57344K, 98% used [0x00000000eab00000,0x00000000ee249a68,0x00000000ee300000)
  from space 4608K, 0% used [0x00000000ee300000,0x00000000ee300000,0x00000000ee780000)
  to   space 4608K, 0% used [0x00000000ee780000,0x00000000ee780000,0x00000000eec00000)
 ParOldGen       total 76800K, used 76381K [0x00000000c0000000, 0x00000000c4b00000, 0x00000000eab00000)
  object space 76800K, 99% used [0x00000000c0000000,0x00000000c4a977d0,0x00000000c4b00000)
 Metaspace       used 6695K, capacity 7256K, committed 7424K, reserved 1056768K
  class space    used 637K, capacity 656K, committed 768K, reserved 1048576K
}
Event: 36.385 GC heap before
{Heap before GC invocations=42 (full 33):
 PSYoungGen      total 61952K, used 57344K [0x00000000eab00000, 0x00000000eec00000, 0x0000000100000000)
  eden space 57344K, 100% used [0x00000000eab00000,0x00000000ee300000,0x00000000ee300000)
  from space 4608K, 0% used [0x00000000ee300000,0x00000000ee300000,0x00000000ee780000)
  to   space 4608K, 0% used [0x00000000ee780000,0x00000000ee780000,0x00000000eec00000)
 ParOldGen       total 76800K, used 76381K [0x00000000c0000000, 0x00000000c4b00000, 0x00000000eab00000)
  object space 76800K, 99% used [0x00000000c0000000,0x00000000c4a977d0,0x00000000c4b00000)
 Metaspace       used 6695K, capacity 7256K, committed 7424K, reserved 1056768K
  class space    used 637K, capacity 656K, committed 768K, reserved 1048576K
Event: 36.983 GC heap after
Heap after GC invocations=42 (full 33):
 PSYoungGen      total 61952K, used 56710K [0x00000000eab00000, 0x00000000eec00000, 0x0000000100000000)
  eden space 57344K, 98% used [0x00000000eab00000,0x00000000ee261b78,0x00000000ee300000)
  from space 4608K, 0% used [0x00000000ee300000,0x00000000ee300000,0x00000000ee780000)
  to   space 4608K, 0% used [0x00000000ee780000,0x00000000ee780000,0x00000000eec00000)
 ParOldGen       total 76800K, used 76381K [0x00000000c0000000, 0x00000000c4b00000, 0x00000000eab00000)
  object space 76800K, 99% used [0x00000000c0000000,0x00000000c4a977d0,0x00000000c4b00000)
 Metaspace       used 6695K, capacity 7256K, committed 7424K, reserved 1056768K
  class space    used 637K, capacity 656K, committed 768K, reserved 1048576K
}
Event: 36.990 GC heap before
{Heap before GC invocations=43 (full 34):
 PSYoungGen      total 61952K, used 57344K [0x00000000eab00000, 0x00000000eec00000, 0x0000000100000000)
  eden space 57344K, 100% used [0x00000000eab00000,0x00000000ee300000,0x00000000ee300000)
  from space 4608K, 0% used [0x00000000ee300000,0x00000000ee300000,0x00000000ee780000)
  to   space 4608K, 0% used [0x00000000ee780000,0x00000000ee780000,0x00000000eec00000)
 ParOldGen       total 76800K, used 76381K [0x00000000c0000000, 0x00000000c4b00000, 0x00000000eab00000)
  object space 76800K, 99% used [0x00000000c0000000,0x00000000c4a977d0,0x00000000c4b00000)
 Metaspace       used 6695K, capacity 7256K, committed 7424K, reserved 1056768K
  class space    used 637K, capacity 656K, committed 768K, reserved 1048576K
Event: 37.691 GC heap after
Heap after GC invocations=43 (full 34):
 PSYoungGen      total 61952K, used 56797K [0x00000000eab00000, 0x00000000eec00000, 0x0000000100000000)
  eden space 57344K, 99% used [0x00000000eab00000,0x00000000ee2774b0,0x00000000ee300000)
  from space 4608K, 0% used [0x00000000ee300000,0x00000000ee300000,0x00000000ee780000)
  to   space 4608K, 0% used [0x00000000ee780000,0x00000000ee780000,0x00000000eec00000)
 ParOldGen       total 76800K, used 76381K [0x00000000c0000000, 0x00000000c4b00000, 0x00000000eab00000)
  object space 76800K, 99% used [0x00000000c0000000,0x00000000c4a977d0,0x00000000c4b00000)
 Metaspace       used 6695K, capacity 7256K, committed 7424K, reserved 1056768K
  class space    used 637K, capacity 656K, committed 768K, reserved 1048576K
}
Event: 37.696 GC heap before
{Heap before GC invocations=44 (full 35):
 PSYoungGen      total 61952K, used 57344K [0x00000000eab00000, 0x00000000eec00000, 0x0000000100000000)
  eden space 57344K, 100% used [0x00000000eab00000,0x00000000ee300000,0x00000000ee300000)
  from space 4608K, 0% used [0x00000000ee300000,0x00000000ee300000,0x00000000ee780000)
  to   space 4608K, 0% used [0x00000000ee780000,0x00000000ee780000,0x00000000eec00000)
 ParOldGen       total 76800K, used 76381K [0x00000000c0000000, 0x00000000c4b00000, 0x00000000eab00000)
  object space 76800K, 99% used [0x00000000c0000000,0x00000000c4a977d0,0x00000000c4b00000)
 Metaspace       used 6695K, capacity 7256K, committed 7424K, reserved 1056768K
  class space    used 637K, capacity 656K, committed 768K, reserved 1048576K
Event: 38.247 GC heap after
Heap after GC invocations=44 (full 35):
 PSYoungGen      total 61952K, used 56966K [0x00000000eab00000, 0x00000000eec00000, 0x0000000100000000)
  eden space 57344K, 99% used [0x00000000eab00000,0x00000000ee2a1830,0x00000000ee300000)
  from space 4608K, 0% used [0x00000000ee300000,0x00000000ee300000,0x00000000ee780000)
  to   space 4608K, 0% used [0x00000000ee780000,0x00000000ee780000,0x00000000eec00000)
 ParOldGen       total 76800K, used 76381K [0x00000000c0000000, 0x00000000c4b00000, 0x00000000eab00000)
  object space 76800K, 99% used [0x00000000c0000000,0x00000000c4a977d0,0x00000000c4b00000)
 Metaspace       used 6695K, capacity 7256K, committed 7424K, reserved 1056768K
  class space    used 637K, capacity 656K, committed 768K, reserved 1048576K
}
Event: 38.250 GC heap before
{Heap before GC invocations=45 (full 36):
 PSYoungGen      total 61952K, used 57344K [0x00000000eab00000, 0x00000000eec00000, 0x0000000100000000)
  eden space 57344K, 100% used [0x00000000eab00000,0x00000000ee300000,0x00000000ee300000)
  from space 4608K, 0% used [0x00000000ee300000,0x00000000ee300000,0x00000000ee780000)
  to   space 4608K, 0% used [0x00000000ee780000,0x00000000ee780000,0x00000000eec00000)
 ParOldGen       total 76800K, used 76381K [0x00000000c0000000, 0x00000000c4b00000, 0x00000000eab00000)
  object space 76800K, 99% used [0x00000000c0000000,0x00000000c4a977d0,0x00000000c4b00000)
 Metaspace       used 6695K, capacity 7256K, committed 7424K, reserved 1056768K
  class space    used 637K, capacity 656K, committed 768K, reserved 1048576K
Event: 38.880 GC heap after
Heap after GC invocations=45 (full 36):
 PSYoungGen      total 61952K, used 56980K [0x00000000eab00000, 0x00000000eec00000, 0x0000000100000000)
  eden space 57344K, 99% used [0x00000000eab00000,0x00000000ee2a53a8,0x00000000ee300000)
  from space 4608K, 0% used [0x00000000ee300000,0x00000000ee300000,0x00000000ee780000)
  to   space 4608K, 0% used [0x00000000ee780000,0x00000000ee780000,0x00000000eec00000)
 ParOldGen       total 76800K, used 76381K [0x00000000c0000000, 0x00000000c4b00000, 0x00000000eab00000)
  object space 76800K, 99% used [0x00000000c0000000,0x00000000c4a977d0,0x00000000c4b00000)
 Metaspace       used 6695K, capacity 7256K, committed 7424K, reserved 1056768K
  class space    used 637K, capacity 656K, committed 768K, reserved 1048576K
}
Event: 38.903 GC heap before
{Heap before GC invocations=46 (full 37):
 PSYoungGen      total 61952K, used 57343K [0x00000000eab00000, 0x00000000eec00000, 0x0000000100000000)
  eden space 57344K, 99% used [0x00000000eab00000,0x00000000ee2fffd8,0x00000000ee300000)
  from space 4608K, 0% used [0x00000000ee300000,0x00000000ee300000,0x00000000ee780000)
  to   space 4608K, 0% used [0x00000000ee780000,0x00000000ee780000,0x00000000eec00000)
 ParOldGen       total 76800K, used 76381K [0x00000000c0000000, 0x00000000c4b00000, 0x00000000eab00000)
  object space 76800K, 99% used [0x00000000c0000000,0x00000000c4a977d0,0x00000000c4b00000)
 Metaspace       used 6695K, capacity 7256K, committed 7424K, reserved 1056768K
  class space    used 637K, capacity 656K, committed 768K, reserved 1048576K

Deoptimization events (10 events):
Event: 8.872 Thread 0x0000000005292800 Uncommon trap: reason=speculate_class_check action=maybe_recompile pc=0x0000000005c119f0 method=com.android.dx.ssa.SsaInsn.mapRegisters(Lcom/android/dx/ssa/RegisterMapper;)V @ 31
Event: 8.875 Thread 0x0000000018f97800 Uncommon trap: reason=bimorphic action=maybe_recompile pc=0x0000000005ad28dc method=java.util.HashMap.getNode(ILjava/lang/Object;)Ljava/util/HashMap$Node; @ 126
Event: 8.877 Thread 0x0000000018f97800 Uncommon trap: reason=speculate_class_check action=maybe_recompile pc=0x0000000005c119f0 method=com.android.dx.ssa.SsaInsn.mapRegisters(Lcom/android/dx/ssa/RegisterMapper;)V @ 31
Event: 8.882 Thread 0x0000000018f97800 Uncommon trap: reason=speculate_class_check action=maybe_recompile pc=0x0000000005c119f0 method=com.android.dx.ssa.SsaInsn.mapRegisters(Lcom/android/dx/ssa/RegisterMapper;)V @ 31
Event: 8.885 Thread 0x0000000018f97800 Uncommon trap: reason=speculate_class_check action=maybe_recompile pc=0x0000000005c119f0 method=com.android.dx.ssa.SsaInsn.mapRegisters(Lcom/android/dx/ssa/RegisterMapper;)V @ 31
Event: 9.284 Thread 0x0000000018f97800 Uncommon trap: reason=unstable_if action=reinterpret pc=0x0000000005c4a5d4 method=com.android.dx.cf.code.RopperMachine.run(Lcom/android/dx/cf/code/Frame;II)V @ 1140
Event: 11.225 Thread 0x0000000005292800 Uncommon trap: reason=unstable_if action=reinterpret pc=0x0000000005cad7b4 method=com.android.dx.ssa.SCCP.simulateStmt(Lcom/android/dx/ssa/SsaInsn;)V @ 469
Event: 11.347 Thread 0x0000000018f97800 Uncommon trap: reason=unstable_if action=reinterpret pc=0x0000000005cb46f4 method=com.android.dx.ssa.LiteralOpUpgrader.tryReplacingWithConstant(Lcom/android/dx/ssa/NormalSsaInsn;)Z @ 30
Event: 11.441 Thread 0x0000000018f97800 Uncommon trap: reason=unstable_if action=reinterpret pc=0x0000000005cc5188 method=com.android.dx.ssa.LiteralOpUpgrader.tryReplacingWithConstant(Lcom/android/dx/ssa/NormalSsaInsn;)Z @ 30
Event: 34.998 Thread 0x0000000005292800 Uncommon trap: reason=null_check action=make_not_entrant pc=0x0000000005d2ddec method=com.android.dx.cf.code.Ropper$CatchInfo.getSetup(Lcom/android/dx/rop/type/Type;)Lcom/android/dx/cf/code/Ropper$ExceptionHandlerSetup; @ 10

Classes redefined (0 events):
No events

Internal exceptions (8 events):
Event: 0.039 Thread 0x0000000005292800 Exception <a 'java/lang/NoSuchMethodError': Method sun.misc.Unsafe.defineClass(Ljava/lang/String;[BII)Ljava/lang/Class; name or signature does not match> (0x00000000eab07cb0) thrown at [C:\re\workspace\8-2-build-windows-amd64-cygwin\jdk8u181\11358\hotspot
Event: 0.039 Thread 0x0000000005292800 Exception <a 'java/lang/NoSuchMethodError': Method sun.misc.Unsafe.prefetchRead(Ljava/lang/Object;J)V name or signature does not match> (0x00000000eab07f98) thrown at [C:\re\workspace\8-2-build-windows-amd64-cygwin\jdk8u181\11358\hotspot\src\share\vm\prim
Event: 4.842 Thread 0x0000000005292800 Exception <a 'java/lang/ArrayIndexOutOfBoundsException': 18> (0x00000000eb9fc3e8) thrown at [C:\re\workspace\8-2-build-windows-amd64-cygwin\jdk8u181\11358\hotspot\src\share\vm\interpreter\interpreterRuntime.cpp, line 366]
Event: 4.843 Thread 0x0000000005292800 Exception <a 'java/lang/ArrayIndexOutOfBoundsException'> (0x00000000eb9fdf68) thrown at [C:\re\workspace\8-2-build-windows-amd64-cygwin\jdk8u181\11358\hotspot\src\share\vm\runtime\sharedRuntime.cpp, line 605]
Event: 4.844 Thread 0x0000000005292800 Exception <a 'java/lang/ArrayIndexOutOfBoundsException'> (0x00000000eb9ff250) thrown at [C:\re\workspace\8-2-build-windows-amd64-cygwin\jdk8u181\11358\hotspot\src\share\vm\runtime\sharedRuntime.cpp, line 605]
Event: 6.314 Thread 0x0000000005292800 Implicit null exception at 0x0000000005793ee2 to 0x0000000005793fda
Event: 6.660 Thread 0x0000000005292800 Implicit null exception at 0x0000000005ad7949 to 0x0000000005ad8195
Event: 34.998 Thread 0x0000000005292800 Implicit null exception at 0x0000000005d282b0 to 0x0000000005d2ddc1

Events (10 events):
Event: 36.371 Executing VM operation: ParallelGCFailedAllocation done
Event: 36.385 Executing VM operation: ParallelGCFailedAllocation
Event: 36.983 Executing VM operation: ParallelGCFailedAllocation done
Event: 36.990 Executing VM operation: ParallelGCFailedAllocation
Event: 37.691 Executing VM operation: ParallelGCFailedAllocation done
Event: 37.695 Executing VM operation: ParallelGCFailedAllocation
Event: 38.247 Executing VM operation: ParallelGCFailedAllocation done
Event: 38.250 Executing VM operation: ParallelGCFailedAllocation
Event: 38.880 Executing VM operation: ParallelGCFailedAllocation done
Event: 38.903 Executing VM operation: ParallelGCFailedAllocation


Dynamic libraries:
0x00007ff747fa0000 - 0x00007ff747fd7000 	C:\Program Files\Java\jdk1.8.0_181\bin\java.exe
0x00007ffb7a400000 - 0x00007ffb7a5e0000 	C:\Windows\SYSTEM32\ntdll.dll
0x00007ffb77ec0000 - 0x00007ffb77f6e000 	C:\Windows\System32\KERNEL32.DLL
0x00007ffb76c70000 - 0x00007ffb76ed6000 	C:\Windows\System32\KERNELBASE.dll
0x00007ffb77ba0000 - 0x00007ffb77c41000 	C:\Windows\System32\ADVAPI32.dll
0x00007ffb7a290000 - 0x00007ffb7a32d000 	C:\Windows\System32\msvcrt.dll
0x00007ffb7a230000 - 0x00007ffb7a28b000 	C:\Windows\System32\sechost.dll
0x00007ffb77980000 - 0x00007ffb77a9f000 	C:\Windows\System32\RPCRT4.dll
0x00007ffb783c0000 - 0x00007ffb7854f000 	C:\Windows\System32\USER32.dll
0x00007ffb76ee0000 - 0x00007ffb76f00000 	C:\Windows\System32\win32u.dll
0x00007ffb7a1d0000 - 0x00007ffb7a1f8000 	C:\Windows\System32\GDI32.dll
0x00007ffb76800000 - 0x00007ffb76993000 	C:\Windows\System32\gdi32full.dll
0x00007ffb76bd0000 - 0x00007ffb76c6b000 	C:\Windows\System32\msvcp_win.dll
0x00007ffb77780000 - 0x00007ffb77875000 	C:\Windows\System32\ucrtbase.dll
0x00007ffb63b90000 - 0x00007ffb63df9000 	C:\Windows\WinSxS\amd64_microsoft.windows.common-controls_6595b64144ccf1df_6.0.16299.547_none_15cdd76c936033f5\COMCTL32.dll
0x00007ffb79d70000 - 0x00007ffb7a077000 	C:\Windows\System32\combase.dll
0x00007ffb76f00000 - 0x00007ffb76f72000 	C:\Windows\System32\bcryptPrimitives.dll
0x00007ffb7a330000 - 0x00007ffb7a35d000 	C:\Windows\System32\IMM32.DLL
0x000000006bc40000 - 0x000000006bd12000 	C:\Program Files\Java\jdk1.8.0_181\jre\bin\msvcr100.dll
0x0000000069280000 - 0x0000000069b22000 	C:\Program Files\Java\jdk1.8.0_181\jre\bin\server\jvm.dll
0x00007ffb77c50000 - 0x00007ffb77c58000 	C:\Windows\System32\PSAPI.DLL
0x00007ffb6fe20000 - 0x00007ffb6fe29000 	C:\Windows\SYSTEM32\WSOCK32.dll
0x00007ffb74ba0000 - 0x00007ffb74bc3000 	C:\Windows\SYSTEM32\WINMM.dll
0x00007ffb7a360000 - 0x00007ffb7a3cc000 	C:\Windows\System32\WS2_32.dll
0x00007ffb6f0a0000 - 0x00007ffb6f0aa000 	C:\Windows\SYSTEM32\VERSION.dll
0x00007ffb74ae0000 - 0x00007ffb74b0a000 	C:\Windows\SYSTEM32\WINMMBASE.dll
0x00007ffb77880000 - 0x00007ffb778ca000 	C:\Windows\System32\cfgmgr32.dll
0x000000006bc30000 - 0x000000006bc3f000 	C:\Program Files\Java\jdk1.8.0_181\jre\bin\verify.dll
0x000000006bc00000 - 0x000000006bc29000 	C:\Program Files\Java\jdk1.8.0_181\jre\bin\java.dll
0x000000006bbe0000 - 0x000000006bbf6000 	C:\Program Files\Java\jdk1.8.0_181\jre\bin\zip.dll
0x00007ffb78560000 - 0x00007ffb79998000 	C:\Windows\System32\SHELL32.dll
0x00007ffb778d0000 - 0x00007ffb77976000 	C:\Windows\System32\shcore.dll
0x00007ffb76f80000 - 0x00007ffb776c7000 	C:\Windows\System32\windows.storage.dll
0x00007ffb77b40000 - 0x00007ffb77b91000 	C:\Windows\System32\shlwapi.dll
0x00007ffb76790000 - 0x00007ffb767a1000 	C:\Windows\System32\kernel.appcore.dll
0x00007ffb767b0000 - 0x00007ffb767fc000 	C:\Windows\System32\powrprof.dll
0x00007ffb76770000 - 0x00007ffb7678b000 	C:\Windows\System32\profapi.dll

VM Arguments:
jvm_args: -Xmx1G 
java_command: C:\Program Files (x86)\Android\android-sdk\build-tools\25.0.3\\lib\dx.jar --dex --no-strict --output obj\Debug\MonoAndroid81\android\bin C:\Users\JuanFerYuco\source\repos\CACM\CACM\CACM.Android\obj\Debug\MonoAndroid81\android\bin\classes.zip C:\Program Files (x86)\Microsoft Visual Studio\2017\Community\Common7\IDE\ReferenceAssemblies\Microsoft\Framework\MonoAndroid\v8.1\mono.android.jar obj\\Debug\MonoAndroid81\lp\1\jl\formsviewgroup.jar obj\\Debug\MonoAndroid81\lp\10\jl\bin\classes.jar obj\\Debug\MonoAndroid81\lp\11\jl\bin\classes.jar obj\\Debug\MonoAndroid81\lp\12\jl\bin\classes.jar obj\\Debug\MonoAndroid81\lp\13\jl\bin\classes.jar obj\\Debug\MonoAndroid81\lp\14\jl\bin\classes.jar obj\\Debug\MonoAndroid81\lp\15\jl\bin\classes.jar obj\\Debug\MonoAndroid81\lp\16\jl\bin\classes.jar obj\\Debug\MonoAndroid81\lp\17\jl\bin\classes.jar obj\\Debug\MonoAndroid81\lp\18\jl\bin\classes.jar obj\\Debug\MonoAndroid81\lp\19\jl\bin\classes.jar obj\\Debug\MonoAndroid81\lp\20\jl\bin\classes.jar obj\\Debug\MonoAndroid81\lp\21\jl\bin\classes.jar obj\\Debug\MonoAndroid81\lp\3\jl\arch-core-common.jar obj\\Debug\MonoAndroid81\lp\4\jl\arch-lifecycle-common.jar obj\\Debug\MonoAndroid81\lp\5\jl\bin\classes.jar obj\\Debug\MonoAndroid81\lp\6\jl\bin\classes.jar obj\\Debug\MonoAndroid81\lp\8\jl\bin\classes.jar obj\\Debug\MonoAndroid81\lp\9\jl\bin\classes.jar
java_class_path (initial): C:\Program Files (x86)\Android\android-sdk\build-tools\25.0.3\\lib\dx.jar
Launcher Type: SUN_STANDARD

Environment Variables:
JAVA_HOME=C:\Program Files\Java\jdk1.8.0_181
PATH=C:\Program Files\Java\jdk1.8.0_181\bin;C:\oraclexe\app\oracle\product\11.2.0\server\bin;;C:\Windows\system32;C:\Windows;C:\Windows\System32\Wbem;C:\Windows\System32\WindowsPowerShell\v1.0\;C:\Program Files\Intel\WiFi\bin\;C:\Program Files\Common Files\Intel\WirelessCommon\;C:\Program Files\dotnet\;C:\Program Files\Microsoft SQL Server\130\Tools\Binn\;C:\Program Files\Microsoft SQL Server\Client SDK\ODBC\110\Tools\Binn\;C:\Program Files (x86)\Microsoft SQL Server\120\Tools\Binn\ManagementStudio\;C:\Program Files (x86)\Microsoft SQL Server\120\Tools\Binn\;C:\Program Files\Microsoft SQL Server\120\Tools\Binn\;C:\Program Files (x86)\Microsoft SQL Server\120\DTS\Binn\;C:\Program Files\Microsoft SQL Server\120\DTS\Binn\;C:\Program Files (x86)\Skype\Phone\;C:\Users\JuanFerYuco\AppData\Local\Microsoft\WindowsApps;
USERNAME=JuanFerYuco
OS=Windows_NT
PROCESSOR_IDENTIFIER=AMD64 Family 21 Model 112 Stepping 0, AuthenticAMD



---------------  S Y S T E M  ---------------

OS: Windows 10.0 , 64 bit Build 16299 (10.0.16299.431)

CPU:total 2 (initial active 2) (2 cores per cpu, 1 threads per core) family 21 model 112 stepping 0, cmov, cx8, fxsr, mmx, sse, sse2, sse3, ssse3, sse4.1, sse4.2, popcnt, avx, avx2, aes, clmul, mmxext, 3dnowpref, lzcnt, sse4a, tsc, tscinvbit, tscinv, bmi1

Memory: 4k page, physical 7287068k(915792k free), swap 7287068k(4960k free)

vm_info: Java HotSpot(TM) 64-Bit Server VM (25.181-b13) for windows-amd64 JRE (1.8.0_181-b13), built on Jul  7 2018 04:01:33 by "java_re" with MS VC++ 10.0 (VS2010)

time: Tue Sep 18 11:58:13 2018
elapsed time: 39 seconds (0d 0h 0m 39s)

