#
# There is insufficient memory for the Java Runtime Environment to continue.
# Native memory allocation (malloc) failed to allocate 391936 bytes for Chunk::new
# Possible reasons:
#   The system is out of physical RAM or swap space
#   In 32 bit mode, the process size limit was hit
# Possible solutions:
#   Reduce memory load on the system
#   Increase physical memory or swap space
#   Check if swap backing store is full
#   Use 64 bit Java on a 64 bit OS
#   Decrease Java heap size (-Xmx/-Xms)
#   Decrease number of Java threads
#   Decrease Java thread stack sizes (-Xss)
#   Set larger code cache with -XX:ReservedCodeCacheSize=
# This output file may be truncated or incomplete.
#
#  Out of Memory Error (allocation.cpp:390), pid=10116, tid=0x0000000000002588
#
# JRE version: Java(TM) SE Runtime Environment (8.0_181-b13) (build 1.8.0_181-b13)
# Java VM: Java HotSpot(TM) 64-Bit Server VM (25.181-b13 mixed mode windows-amd64 compressed oops)
# Failed to write core dump. Minidumps are not enabled by default on client versions of Windows
#

---------------  T H R E A D  ---------------

Current thread (0x000000001747c800):  JavaThread "C2 CompilerThread0" daemon [_thread_in_native, id=9608, stack(0x00000000185d0000,0x00000000186d0000)]

Stack: [0x00000000185d0000,0x00000000186d0000]
[error occurred during error reporting (printing stack bounds), id 0xc0000005]

Native frames: (J=compiled Java code, j=interpreted, Vv=VM code, C=native code)


Current CompileTask:
C2:   8178 1933       4       com.android.dx.ssa.SsaConverter::placePhiFunctions (394 bytes)


---------------  P R O C E S S  ---------------

Java Threads: ( => current thread )
  0x0000000018c0d000 JavaThread "pool-2-thread-1" [_thread_blocked, id=11596, stack(0x0000000018ed0000,0x0000000018fd0000)]
  0x0000000018c08000 JavaThread "pool-1-thread-1" [_thread_in_Java, id=8092, stack(0x0000000018dd0000,0x0000000018ed0000)]
  0x00000000174ed800 JavaThread "Service Thread" daemon [_thread_blocked, id=9564, stack(0x00000000187d0000,0x00000000188d0000)]
  0x0000000017480000 JavaThread "C1 CompilerThread1" daemon [_thread_blocked, id=5416, stack(0x00000000186d0000,0x00000000187d0000)]
=>0x000000001747c800 JavaThread "C2 CompilerThread0" daemon [_thread_in_native, id=9608, stack(0x00000000185d0000,0x00000000186d0000)]
  0x000000001747b000 JavaThread "Attach Listener" daemon [_thread_blocked, id=9208, stack(0x00000000184d0000,0x00000000185d0000)]
  0x0000000017478000 JavaThread "Signal Dispatcher" daemon [_thread_blocked, id=3300, stack(0x00000000183d0000,0x00000000184d0000)]
  0x0000000017468800 JavaThread "Finalizer" daemon [_thread_blocked, id=11404, stack(0x00000000180c0000,0x00000000181c0000)]
  0x0000000004fdf000 JavaThread "Reference Handler" daemon [_thread_blocked, id=9860, stack(0x0000000017fc0000,0x00000000180c0000)]
  0x0000000004ef2800 JavaThread "main" [_thread_in_Java, id=8804, stack(0x0000000004d20000,0x0000000004e20000)]

Other Threads:
  0x0000000017446800 VMThread [stack: 0x0000000017ec0000,0x0000000017fc0000] [id=2220]
  0x00000000174fd000 WatcherThread [stack: 0x00000000188d0000,0x00000000189d0000] [id=11088]

VM state:not at safepoint (normal execution)

VM Mutex/Monitor currently owned by a thread: None

Heap:
 PSYoungGen      total 61952K, used 26209K [0x00000000eab00000, 0x00000000eec00000, 0x0000000100000000)
  eden space 57344K, 37% used [0x00000000eab00000,0x00000000ec019db8,0x00000000ee300000)
  from space 4608K, 99% used [0x00000000ee780000,0x00000000eebfe648,0x00000000eec00000)
  to   space 4608K, 0% used [0x00000000ee300000,0x00000000ee300000,0x00000000ee780000)
 ParOldGen       total 76800K, used 50697K [0x00000000c0000000, 0x00000000c4b00000, 0x00000000eab00000)
  object space 76800K, 66% used [0x00000000c0000000,0x00000000c3182620,0x00000000c4b00000)
 Metaspace       used 6520K, capacity 7128K, committed 7424K, reserved 1056768K
  class space    used 626K, capacity 656K, committed 768K, reserved 1048576K

Card table byte_map: [0x00000000143b0000,0x00000000145c0000] byte_map_base: 0x0000000013db0000

Marking Bits: (ParMarkBitMap*) 0x00000000576e2d00
 Begin Bits: [0x0000000014920000, 0x0000000015920000)
 End Bits:   [0x0000000015920000, 0x0000000016920000)

Polling page: 0x0000000003540000

CodeCache: size=245760Kb used=8645Kb max_used=8645Kb free=237115Kb
 bounds [0x0000000004ff0000, 0x0000000005870000, 0x0000000013ff0000]
 total_blobs=2152 nmethods=1883 adapters=182
 compilation: enabled

Compilation events (10 events):
Event: 7.761 Thread 0x000000001747c800 nmethod 1919 0x00000000057f3490 code [0x00000000057f35e0, 0x00000000057f3738]
Event: 7.762 Thread 0x000000001747c800 1920       4       com.android.dx.util.IntList::shrink (42 bytes)
Event: 7.762 Thread 0x000000001747c800 nmethod 1920 0x00000000057b6010 code [0x00000000057b6140, 0x00000000057b61f8]
Event: 7.764 Thread 0x000000001747c800 1925       4       com.android.dx.ssa.SCCP::<init> (142 bytes)
Event: 7.779 Thread 0x000000001747c800 nmethod 1925 0x00000000057fd2d0 code [0x00000000057fd480, 0x00000000057fde18]
Event: 7.779 Thread 0x000000001747c800 1930       4       java.util.HashMap::getNode (148 bytes)
Event: 7.785 Thread 0x000000001747c800 nmethod 1930 0x00000000057f6cd0 code [0x00000000057f6e40, 0x00000000057f7288]
Event: 7.785 Thread 0x000000001747c800 1933       4       com.android.dx.ssa.SsaConverter::placePhiFunctions (394 bytes)
Event: 7.792 Thread 0x0000000017480000 1937       2       com.android.dx.dex.code.RopTranslator$TranslationVisitor::visitThrowingInsn (118 bytes)
Event: 7.793 Thread 0x0000000017480000 nmethod 1937 0x00000000057de2d0 code [0x00000000057de520, 0x00000000057dec88]

GC Heap History (10 events):
Event: 1.431 GC heap before
{Heap before GC invocations=1 (full 0):
 PSYoungGen      total 33280K, used 28672K [0x00000000eab00000, 0x00000000ed000000, 0x0000000100000000)
  eden space 28672K, 100% used [0x00000000eab00000,0x00000000ec700000,0x00000000ec700000)
  from space 4608K, 0% used [0x00000000ecb80000,0x00000000ecb80000,0x00000000ed000000)
  to   space 4608K, 0% used [0x00000000ec700000,0x00000000ec700000,0x00000000ecb80000)
 ParOldGen       total 76800K, used 0K [0x00000000c0000000, 0x00000000c4b00000, 0x00000000eab00000)
  object space 76800K, 0% used [0x00000000c0000000,0x00000000c0000000,0x00000000c4b00000)
 Metaspace       used 6116K, capacity 7000K, committed 7168K, reserved 1056768K
  class space    used 601K, capacity 656K, committed 768K, reserved 1048576K
Event: 1.446 GC heap after
Heap after GC invocations=1 (full 0):
 PSYoungGen      total 33280K, used 4606K [0x00000000eab00000, 0x00000000eec00000, 0x0000000100000000)
  eden space 28672K, 0% used [0x00000000eab00000,0x00000000eab00000,0x00000000ec700000)
  from space 4608K, 99% used [0x00000000ec700000,0x00000000ecb7faf0,0x00000000ecb80000)
  to   space 4608K, 0% used [0x00000000ee780000,0x00000000ee780000,0x00000000eec00000)
 ParOldGen       total 76800K, used 1112K [0x00000000c0000000, 0x00000000c4b00000, 0x00000000eab00000)
  object space 76800K, 1% used [0x00000000c0000000,0x00000000c0116178,0x00000000c4b00000)
 Metaspace       used 6116K, capacity 7000K, committed 7168K, reserved 1056768K
  class space    used 601K, capacity 656K, committed 768K, reserved 1048576K
}
Event: 2.344 GC heap before
{Heap before GC invocations=2 (full 0):
 PSYoungGen      total 33280K, used 33278K [0x00000000eab00000, 0x00000000eec00000, 0x0000000100000000)
  eden space 28672K, 100% used [0x00000000eab00000,0x00000000ec700000,0x00000000ec700000)
  from space 4608K, 99% used [0x00000000ec700000,0x00000000ecb7faf0,0x00000000ecb80000)
  to   space 4608K, 0% used [0x00000000ee780000,0x00000000ee780000,0x00000000eec00000)
 ParOldGen       total 76800K, used 1112K [0x00000000c0000000, 0x00000000c4b00000, 0x00000000eab00000)
  object space 76800K, 1% used [0x00000000c0000000,0x00000000c0116178,0x00000000c4b00000)
 Metaspace       used 6222K, capacity 7064K, committed 7424K, reserved 1056768K
  class space    used 601K, capacity 656K, committed 768K, reserved 1048576K
Event: 2.368 GC heap after
Heap after GC invocations=2 (full 0):
 PSYoungGen      total 61952K, used 4602K [0x00000000eab00000, 0x00000000eec00000, 0x0000000100000000)
  eden space 57344K, 0% used [0x00000000eab00000,0x00000000eab00000,0x00000000ee300000)
  from space 4608K, 99% used [0x00000000ee780000,0x00000000eebfeaa8,0x00000000eec00000)
  to   space 4608K, 0% used [0x00000000ee300000,0x00000000ee300000,0x00000000ee780000)
 ParOldGen       total 76800K, used 5112K [0x00000000c0000000, 0x00000000c4b00000, 0x00000000eab00000)
  object space 76800K, 6% used [0x00000000c0000000,0x00000000c04fe178,0x00000000c4b00000)
 Metaspace       used 6222K, capacity 7064K, committed 7424K, reserved 1056768K
  class space    used 601K, capacity 656K, committed 768K, reserved 1048576K
}
Event: 3.316 GC heap before
{Heap before GC invocations=3 (full 0):
 PSYoungGen      total 61952K, used 61946K [0x00000000eab00000, 0x00000000eec00000, 0x0000000100000000)
  eden space 57344K, 100% used [0x00000000eab00000,0x00000000ee300000,0x00000000ee300000)
  from space 4608K, 99% used [0x00000000ee780000,0x00000000eebfeaa8,0x00000000eec00000)
  to   space 4608K, 0% used [0x00000000ee300000,0x00000000ee300000,0x00000000ee780000)
 ParOldGen       total 76800K, used 5112K [0x00000000c0000000, 0x00000000c4b00000, 0x00000000eab00000)
  object space 76800K, 6% used [0x00000000c0000000,0x00000000c04fe178,0x00000000c4b00000)
 Metaspace       used 6335K, capacity 7128K, committed 7424K, reserved 1056768K
  class space    used 602K, capacity 656K, committed 768K, reserved 1048576K
Event: 3.366 GC heap after
Heap after GC invocations=3 (full 0):
 PSYoungGen      total 61952K, used 4602K [0x00000000eab00000, 0x00000000eec00000, 0x0000000100000000)
  eden space 57344K, 0% used [0x00000000eab00000,0x00000000eab00000,0x00000000ee300000)
  from space 4608K, 99% used [0x00000000ee300000,0x00000000ee77eaa8,0x00000000ee780000)
  to   space 4608K, 0% used [0x00000000ee780000,0x00000000ee780000,0x00000000eec00000)
 ParOldGen       total 76800K, used 15603K [0x00000000c0000000, 0x00000000c4b00000, 0x00000000eab00000)
  object space 76800K, 20% used [0x00000000c0000000,0x00000000c0f3cc40,0x00000000c4b00000)
 Metaspace       used 6335K, capacity 7128K, committed 7424K, reserved 1056768K
  class space    used 602K, capacity 656K, committed 768K, reserved 1048576K
}
Event: 5.229 GC heap before
{Heap before GC invocations=4 (full 0):
 PSYoungGen      total 61952K, used 61946K [0x00000000eab00000, 0x00000000eec00000, 0x0000000100000000)
  eden space 57344K, 100% used [0x00000000eab00000,0x00000000ee300000,0x00000000ee300000)
  from space 4608K, 99% used [0x00000000ee300000,0x00000000ee77eaa8,0x00000000ee780000)
  to   space 4608K, 0% used [0x00000000ee780000,0x00000000ee780000,0x00000000eec00000)
 ParOldGen       total 76800K, used 15603K [0x00000000c0000000, 0x00000000c4b00000, 0x00000000eab00000)
  object space 76800K, 20% used [0x00000000c0000000,0x00000000c0f3cc40,0x00000000c4b00000)
 Metaspace       used 6356K, capacity 7128K, committed 7424K, reserved 1056768K
  class space    used 602K, capacity 656K, committed 768K, reserved 1048576K
Event: 5.335 GC heap after
Heap after GC invocations=4 (full 0):
 PSYoungGen      total 61952K, used 4584K [0x00000000eab00000, 0x00000000eec00000, 0x0000000100000000)
  eden space 57344K, 0% used [0x00000000eab00000,0x00000000eab00000,0x00000000ee300000)
  from space 4608K, 99% used [0x00000000ee780000,0x00000000eebfa090,0x00000000eec00000)
  to   space 4608K, 0% used [0x00000000ee300000,0x00000000ee300000,0x00000000ee780000)
 ParOldGen       total 76800K, used 27923K [0x00000000c0000000, 0x00000000c4b00000, 0x00000000eab00000)
  object space 76800K, 36% used [0x00000000c0000000,0x00000000c1b44f98,0x00000000c4b00000)
 Metaspace       used 6356K, capacity 7128K, committed 7424K, reserved 1056768K
  class space    used 602K, capacity 656K, committed 768K, reserved 1048576K
}
Event: 6.622 GC heap before
{Heap before GC invocations=5 (full 0):
 PSYoungGen      total 61952K, used 61928K [0x00000000eab00000, 0x00000000eec00000, 0x0000000100000000)
  eden space 57344K, 100% used [0x00000000eab00000,0x00000000ee300000,0x00000000ee300000)
  from space 4608K, 99% used [0x00000000ee780000,0x00000000eebfa090,0x00000000eec00000)
  to   space 4608K, 0% used [0x00000000ee300000,0x00000000ee300000,0x00000000ee780000)
 ParOldGen       total 76800K, used 27923K [0x00000000c0000000, 0x00000000c4b00000, 0x00000000eab00000)
  object space 76800K, 36% used [0x00000000c0000000,0x00000000c1b44f98,0x00000000c4b00000)
 Metaspace       used 6374K, capacity 7128K, committed 7424K, reserved 1056768K
  class space    used 602K, capacity 656K, committed 768K, reserved 1048576K
Event: 6.732 GC heap after
Heap after GC invocations=5 (full 0):
 PSYoungGen      total 61952K, used 4597K [0x00000000eab00000, 0x00000000eec00000, 0x0000000100000000)
  eden space 57344K, 0% used [0x00000000eab00000,0x00000000eab00000,0x00000000ee300000)
  from space 4608K, 99% used [0x00000000ee300000,0x00000000ee77d608,0x00000000ee780000)
  to   space 4608K, 0% used [0x00000000ee780000,0x00000000ee780000,0x00000000eec00000)
 ParOldGen       total 76800K, used 41007K [0x00000000c0000000, 0x00000000c4b00000, 0x00000000eab00000)
  object space 76800K, 53% used [0x00000000c0000000,0x00000000c280beb0,0x00000000c4b00000)
 Metaspace       used 6374K, capacity 7128K, committed 7424K, reserved 1056768K
  class space    used 602K, capacity 656K, committed 768K, reserved 1048576K
}

Deoptimization events (10 events):
Event: 2.963 Thread 0x0000000018c08000 Uncommon trap: reason=unstable_if action=reinterpret pc=0x00000000055bc5fc method=com.android.dx.cf.code.BytecodeArray.parseInstruction(ILcom/android/dx/cf/code/BytecodeArray$Visitor;)I @ 1198
Event: 2.996 Thread 0x0000000004ef2800 Uncommon trap: reason=unstable_if action=reinterpret pc=0x0000000005228ef0 method=java.util.BitSet.nextSetBit(I)I @ 87
Event: 2.997 Thread 0x0000000004ef2800 Uncommon trap: reason=unstable_if action=reinterpret pc=0x000000000557c098 method=java.util.BitSet.nextSetBit(I)I @ 87
Event: 3.000 Thread 0x0000000004ef2800 Uncommon trap: reason=unstable_if action=reinterpret pc=0x0000000005585ce0 method=java.util.BitSet.nextSetBit(I)I @ 87
Event: 3.003 Thread 0x0000000004ef2800 Uncommon trap: reason=unstable_if action=reinterpret pc=0x000000000547c548 method=java.util.BitSet.nextSetBit(I)I @ 87
Event: 3.250 Thread 0x0000000004ef2800 Uncommon trap: reason=unstable_if action=reinterpret pc=0x00000000053c33dc method=com.android.dx.ssa.SsaMethod.onSourcesChanged(Lcom/android/dx/ssa/SsaInsn;Lcom/android/dx/rop/code/RegisterSpecList;)V @ 4
Event: 7.133 Thread 0x0000000004ef2800 Uncommon trap: reason=unstable_if action=reinterpret pc=0x00000000053ea454 method=java.util.HashMap.putVal(ILjava/lang/Object;Ljava/lang/Object;ZZ)Ljava/lang/Object; @ 162
Event: 7.137 Thread 0x0000000004ef2800 Uncommon trap: reason=unstable_if action=reinterpret pc=0x00000000052528e8 method=java.util.HashMap.getNode(ILjava/lang/Object;)Ljava/util/HashMap$Node; @ 84
Event: 7.236 Thread 0x0000000004ef2800 Uncommon trap: reason=unstable_if action=reinterpret pc=0x000000000539fdfc method=java.util.HashMap.getNode(ILjava/lang/Object;)Ljava/util/HashMap$Node; @ 84
Event: 7.647 Thread 0x0000000018c08000 Uncommon trap: reason=unstable_if action=reinterpret pc=0x0000000005771a24 method=java.util.HashMap.resize()[Ljava/util/HashMap$Node; @ 206

Classes redefined (0 events):
No events

Internal exceptions (5 events):
Event: 0.036 Thread 0x0000000004ef2800 Exception <a 'java/lang/NoSuchMethodError': Method sun.misc.Unsafe.defineClass(Ljava/lang/String;[BII)Ljava/lang/Class; name or signature does not match> (0x00000000eab07cb0) thrown at [C:\re\workspace\8-2-build-windows-amd64-cygwin\jdk8u181\11358\hotspot
Event: 0.036 Thread 0x0000000004ef2800 Exception <a 'java/lang/NoSuchMethodError': Method sun.misc.Unsafe.prefetchRead(Ljava/lang/Object;J)V name or signature does not match> (0x00000000eab07f98) thrown at [C:\re\workspace\8-2-build-windows-amd64-cygwin\jdk8u181\11358\hotspot\src\share\vm\prim
Event: 7.134 Thread 0x0000000004ef2800 Exception <a 'java/lang/ArrayIndexOutOfBoundsException': 18> (0x00000000eb80b450) thrown at [C:\re\workspace\8-2-build-windows-amd64-cygwin\jdk8u181\11358\hotspot\src\share\vm\interpreter\interpreterRuntime.cpp, line 366]
Event: 7.135 Thread 0x0000000004ef2800 Exception <a 'java/lang/ArrayIndexOutOfBoundsException'> (0x00000000eb80cfd0) thrown at [C:\re\workspace\8-2-build-windows-amd64-cygwin\jdk8u181\11358\hotspot\src\share\vm\runtime\sharedRuntime.cpp, line 605]
Event: 7.136 Thread 0x0000000004ef2800 Exception <a 'java/lang/ArrayIndexOutOfBoundsException'> (0x00000000eb80e2b8) thrown at [C:\re\workspace\8-2-build-windows-amd64-cygwin\jdk8u181\11358\hotspot\src\share\vm\runtime\sharedRuntime.cpp, line 605]

Events (10 events):
Event: 7.137 Thread 0x0000000004ef2800 DEOPT PACKING pc=0x00000000052528e8 sp=0x0000000004e1dda0
Event: 7.137 Thread 0x0000000004ef2800 DEOPT UNPACKING pc=0x000000000503583b sp=0x0000000004e1dcd0 mode 2
Event: 7.236 Thread 0x0000000004ef2800 Uncommon trap: trap_request=0xffffff65 fr.pc=0x000000000539fdfc
Event: 7.236 Thread 0x0000000004ef2800 DEOPT PACKING pc=0x000000000539fdfc sp=0x0000000004e1df80
Event: 7.236 Thread 0x0000000004ef2800 DEOPT UNPACKING pc=0x000000000503583b sp=0x0000000004e1df08 mode 2
Event: 7.644 Thread 0x0000000018c08000 DEOPT PACKING pc=0x0000000005392542 sp=0x0000000018ece450
Event: 7.644 Thread 0x0000000018c08000 DEOPT UNPACKING pc=0x0000000005037490 sp=0x0000000018ece280 mode 0
Event: 7.647 Thread 0x0000000018c08000 Uncommon trap: trap_request=0xffffff65 fr.pc=0x0000000005771a24
Event: 7.647 Thread 0x0000000018c08000 DEOPT PACKING pc=0x0000000005771a24 sp=0x0000000018ece1e0
Event: 7.647 Thread 0x0000000018c08000 DEOPT UNPACKING pc=0x000000000503583b sp=0x0000000018ece148 mode 2


Dynamic libraries:
0x00007ff7c8600000 - 0x00007ff7c8637000 	C:\Program Files\Java\jdk1.8.0_181\bin\java.exe
0x00007ffb6a760000 - 0x00007ffb6a940000 	C:\Windows\SYSTEM32\ntdll.dll
0x00007ffb67e50000 - 0x00007ffb67efe000 	C:\Windows\System32\KERNEL32.DLL
0x00007ffb67680000 - 0x00007ffb678e6000 	C:\Windows\System32\KERNELBASE.dll
0x00007ffb67c30000 - 0x00007ffb67cd1000 	C:\Windows\System32\ADVAPI32.dll
0x00007ffb68530000 - 0x00007ffb685cd000 	C:\Windows\System32\msvcrt.dll
0x00007ffb6a380000 - 0x00007ffb6a3db000 	C:\Windows\System32\sechost.dll
0x00007ffb68cf0000 - 0x00007ffb68e0f000 	C:\Windows\System32\RPCRT4.dll
0x00007ffb67f00000 - 0x00007ffb6808f000 	C:\Windows\System32\USER32.dll
0x00007ffb679d0000 - 0x00007ffb679f0000 	C:\Windows\System32\win32u.dll
0x00007ffb685d0000 - 0x00007ffb685f8000 	C:\Windows\System32\GDI32.dll
0x00007ffb67a90000 - 0x00007ffb67c23000 	C:\Windows\System32\gdi32full.dll
0x00007ffb679f0000 - 0x00007ffb67a8b000 	C:\Windows\System32\msvcp_win.dll
0x00007ffb66e30000 - 0x00007ffb66f25000 	C:\Windows\System32\ucrtbase.dll
0x00007ffb541a0000 - 0x00007ffb54409000 	C:\Windows\WinSxS\amd64_microsoft.windows.common-controls_6595b64144ccf1df_6.0.16299.547_none_15cdd76c936033f5\COMCTL32.dll
0x00007ffb68200000 - 0x00007ffb68507000 	C:\Windows\System32\combase.dll
0x00007ffb678f0000 - 0x00007ffb67962000 	C:\Windows\System32\bcryptPrimitives.dll
0x00007ffb68b20000 - 0x00007ffb68b4d000 	C:\Windows\System32\IMM32.DLL
0x0000000057770000 - 0x0000000057842000 	C:\Program Files\Java\jdk1.8.0_181\jre\bin\msvcr100.dll
0x0000000056ec0000 - 0x0000000057762000 	C:\Program Files\Java\jdk1.8.0_181\jre\bin\server\jvm.dll
0x00007ffb6a2c0000 - 0x00007ffb6a2c8000 	C:\Windows\System32\PSAPI.DLL
0x00007ffb61e10000 - 0x00007ffb61e19000 	C:\Windows\SYSTEM32\WSOCK32.dll
0x00007ffb64e80000 - 0x00007ffb64ea3000 	C:\Windows\SYSTEM32\WINMM.dll
0x00007ffb6a5b0000 - 0x00007ffb6a61c000 	C:\Windows\System32\WS2_32.dll
0x00007ffb5f430000 - 0x00007ffb5f43a000 	C:\Windows\SYSTEM32\VERSION.dll
0x00007ffb64e20000 - 0x00007ffb64e4a000 	C:\Windows\SYSTEM32\WINMMBASE.dll
0x00007ffb66b60000 - 0x00007ffb66baa000 	C:\Windows\System32\cfgmgr32.dll
0x0000000056eb0000 - 0x0000000056ebf000 	C:\Program Files\Java\jdk1.8.0_181\jre\bin\verify.dll
0x0000000056e80000 - 0x0000000056ea9000 	C:\Program Files\Java\jdk1.8.0_181\jre\bin\java.dll
0x0000000056e60000 - 0x0000000056e76000 	C:\Program Files\Java\jdk1.8.0_181\jre\bin\zip.dll
0x00007ffb68e80000 - 0x00007ffb6a2b8000 	C:\Windows\System32\SHELL32.dll
0x00007ffb6a2d0000 - 0x00007ffb6a376000 	C:\Windows\System32\shcore.dll
0x00007ffb66f30000 - 0x00007ffb67677000 	C:\Windows\System32\windows.storage.dll
0x00007ffb67ce0000 - 0x00007ffb67d31000 	C:\Windows\System32\shlwapi.dll
0x00007ffb66b40000 - 0x00007ffb66b51000 	C:\Windows\System32\kernel.appcore.dll
0x00007ffb66ab0000 - 0x00007ffb66afc000 	C:\Windows\System32\powrprof.dll
0x00007ffb66b00000 - 0x00007ffb66b1b000 	C:\Windows\System32\profapi.dll

VM Arguments:
jvm_args: -Xmx1G 
java_command: C:\Program Files (x86)\Android\android-sdk\build-tools\25.0.3\\lib\dx.jar --dex --no-strict --output obj\Debug\MonoAndroid81\android\bin C:\Users\JuanFerYuco\source\repos\CACM\CACM\CACM.Android\obj\Debug\MonoAndroid81\android\bin\classes.zip C:\Program Files (x86)\Microsoft Visual Studio\2017\Community\Common7\IDE\ReferenceAssemblies\Microsoft\Framework\MonoAndroid\v8.1\mono.android.jar obj\\Debug\MonoAndroid81\lp\1\jl\formsviewgroup.jar obj\\Debug\MonoAndroid81\lp\10\jl\bin\classes.jar obj\\Debug\MonoAndroid81\lp\11\jl\bin\classes.jar obj\\Debug\MonoAndroid81\lp\12\jl\bin\classes.jar obj\\Debug\MonoAndroid81\lp\13\jl\bin\classes.jar obj\\Debug\MonoAndroid81\lp\14\jl\bin\classes.jar obj\\Debug\MonoAndroid81\lp\15\jl\bin\classes.jar obj\\Debug\MonoAndroid81\lp\16\jl\bin\classes.jar obj\\Debug\MonoAndroid81\lp\17\jl\bin\classes.jar obj\\Debug\MonoAndroid81\lp\18\jl\bin\classes.jar obj\\Debug\MonoAndroid81\lp\19\jl\bin\classes.jar obj\\Debug\MonoAndroid81\lp\20\jl\bin\classes.jar obj\\Debug\MonoAndroid81\lp\21\jl\bin\classes.jar obj\\Debug\MonoAndroid81\lp\22\jl\bin\classes.jar obj\\Debug\MonoAndroid81\lp\23\jl\bin\classes.jar obj\\Debug\MonoAndroid81\lp\5\jl\arch-core-common.jar obj\\Debug\MonoAndroid81\lp\6\jl\arch-lifecycle-common.jar obj\\Debug\MonoAndroid81\lp\7\jl\bin\classes.jar obj\\Debug\MonoAndroid81\lp\8\jl\bin\classes.jar
java_class_path (initial): C:\Program Files (x86)\Android\android-sdk\build-tools\25.0.3\\lib\dx.jar
Launcher Type: SUN_STANDARD

Environment Variables:
JAVA_HOME=C:\Program Files\Java\jdk1.8.0_181
PATH=C:\Program Files\Java\jdk1.8.0_181\bin;C:\oraclexe\app\oracle\product\11.2.0\server\bin;;C:\Windows\system32;C:\Windows;C:\Windows\System32\Wbem;C:\Windows\System32\WindowsPowerShell\v1.0\;C:\Program Files\Intel\WiFi\bin\;C:\Program Files\Common Files\Intel\WirelessCommon\;C:\Program Files\dotnet\;C:\Program Files\Microsoft SQL Server\130\Tools\Binn\;C:\Program Files\Microsoft SQL Server\Client SDK\ODBC\110\Tools\Binn\;C:\Program Files (x86)\Microsoft SQL Server\120\Tools\Binn\ManagementStudio\;C:\Program Files (x86)\Microsoft SQL Server\120\Tools\Binn\;C:\Program Files\Microsoft SQL Server\120\Tools\Binn\;C:\Program Files (x86)\Microsoft SQL Server\120\DTS\Binn\;C:\Program Files\Microsoft SQL Server\120\DTS\Binn\;C:\Program Files (x86)\Skype\Phone\;C:\Users\JuanFerYuco\AppData\Local\Microsoft\WindowsApps;C:\Users\JuanFerYuco\AppData\Local\GitHubDesktop\bin
USERNAME=JuanFerYuco
OS=Windows_NT
PROCESSOR_IDENTIFIER=AMD64 Family 21 Model 112 Stepping 0, AuthenticAMD



---------------  S Y S T E M  ---------------

OS: Windows 10.0 , 64 bit Build 16299 (10.0.16299.431)

CPU:total 2 (initial active 2) (2 cores per cpu, 1 threads per core) family 21 model 112 stepping 0, cmov, cx8, fxsr, mmx, sse, sse2, sse3, ssse3, sse4.1, sse4.2, popcnt, avx, avx2, aes, clmul, mmxext, 3dnowpref, lzcnt, sse4a, tsc, tscinvbit, tscinv, bmi1

Memory: 4k page, physical 7287068k(948288k free), swap 7287068k(6460k free)

vm_info: Java HotSpot(TM) 64-Bit Server VM (25.181-b13) for windows-amd64 JRE (1.8.0_181-b13), built on Jul  7 2018 04:01:33 by "java_re" with MS VC++ 10.0 (VS2010)

time: Sun Oct 28 13:08:23 2018
elapsed time: 8 seconds (0d 0h 0m 8s)

