#
# There is insufficient memory for the Java Runtime Environment to continue.
# Native memory allocation (malloc) failed to allocate 711776 bytes for Chunk::new
# Possible reasons:
#   The system is out of physical RAM or swap space
#   In 32 bit mode, the process size limit was hit
# Possible solutions:
#   Reduce memory load on the system
#   Increase physical memory or swap space
#   Check if swap backing store is full
#   Use 64 bit Java on a 64 bit OS
#   Decrease Java heap size (-Xmx/-Xms)
#   Decrease number of Java threads
#   Decrease Java thread stack sizes (-Xss)
#   Set larger code cache with -XX:ReservedCodeCacheSize=
# This output file may be truncated or incomplete.
#
#  Out of Memory Error (allocation.cpp:390), pid=11472, tid=0x0000000000002c04
#
# JRE version: Java(TM) SE Runtime Environment (8.0_181-b13) (build 1.8.0_181-b13)
# Java VM: Java HotSpot(TM) 64-Bit Server VM (25.181-b13 mixed mode windows-amd64 compressed oops)
# Failed to write core dump. Minidumps are not enabled by default on client versions of Windows
#

---------------  T H R E A D  ---------------

Current thread (0x0000000016c0c000):  JavaThread "C2 CompilerThread0" daemon [_thread_in_native, id=11268, stack(0x0000000017d60000,0x0000000017e60000)]

Stack: [0x0000000017d60000,0x0000000017e60000]
[error occurred during error reporting (printing stack bounds), id 0xc0000005]

Native frames: (J=compiled Java code, j=interpreted, Vv=VM code, C=native code)


Current CompileTask:
C2:  31513 2479       4       com.android.dx.cf.code.Simulator$SimVisitor::visitLocal (329 bytes)


---------------  P R O C E S S  ---------------

Java Threads: ( => current thread )
  0x000000001838b000 JavaThread "pool-2-thread-1" [_thread_blocked, id=11124, stack(0x0000000018660000,0x0000000018760000)]
  0x0000000018388000 JavaThread "pool-1-thread-1" [_thread_in_Java, id=12236, stack(0x0000000018560000,0x0000000018660000)]
  0x0000000016c79800 JavaThread "Service Thread" daemon [_thread_blocked, id=7700, stack(0x0000000017f60000,0x0000000018060000)]
  0x0000000016c14000 JavaThread "C1 CompilerThread1" daemon [_thread_blocked, id=2520, stack(0x0000000017e60000,0x0000000017f60000)]
=>0x0000000016c0c000 JavaThread "C2 CompilerThread0" daemon [_thread_in_native, id=11268, stack(0x0000000017d60000,0x0000000017e60000)]
  0x0000000016c0b000 JavaThread "Attach Listener" daemon [_thread_blocked, id=9380, stack(0x0000000017c60000,0x0000000017d60000)]
  0x0000000016c07800 JavaThread "Signal Dispatcher" daemon [_thread_blocked, id=9684, stack(0x0000000017b60000,0x0000000017c60000)]
  0x0000000004778000 JavaThread "Finalizer" daemon [_thread_blocked, id=8436, stack(0x0000000017850000,0x0000000017950000)]
  0x000000000476e800 JavaThread "Reference Handler" daemon [_thread_blocked, id=11144, stack(0x0000000017750000,0x0000000017850000)]
  0x0000000004682800 JavaThread "main" [_thread_blocked, id=1860, stack(0x0000000004580000,0x0000000004680000)]

Other Threads:
  0x0000000016bd7000 VMThread [stack: 0x0000000017650000,0x0000000017750000] [id=12280]
  0x0000000016c8b000 WatcherThread [stack: 0x0000000018060000,0x0000000018160000] [id=11188]

VM state:not at safepoint (normal execution)

VM Mutex/Monitor currently owned by a thread: None

Heap:
 PSYoungGen      total 253952K, used 211378K [0x00000000eab00000, 0x0000000100000000, 0x0000000100000000)
  eden space 215552K, 98% used [0x00000000eab00000,0x00000000f796cad0,0x00000000f7d80000)
  from space 38400K, 0% used [0x00000000f7d80000,0x00000000f7d80000,0x00000000fa300000)
  to   space 54784K, 0% used [0x00000000fca80000,0x00000000fca80000,0x0000000100000000)
 ParOldGen       total 76800K, used 76579K [0x00000000c0000000, 0x00000000c4b00000, 0x00000000eab00000)
  object space 76800K, 99% used [0x00000000c0000000,0x00000000c4ac8c70,0x00000000c4b00000)
 Metaspace       used 6708K, capacity 7320K, committed 7680K, reserved 1056768K
  class space    used 638K, capacity 656K, committed 768K, reserved 1048576K

Card table byte_map: [0x0000000013b40000,0x0000000013d50000] byte_map_base: 0x0000000013540000

Marking Bits: (ParMarkBitMap*) 0x0000000054df2d00
 Begin Bits: [0x00000000140b0000, 0x00000000150b0000)
 End Bits:   [0x00000000150b0000, 0x00000000160b0000)

Polling page: 0x0000000002b80000

CodeCache: size=245760Kb used=9777Kb max_used=11861Kb free=235982Kb
 bounds [0x0000000004780000, 0x0000000005340000, 0x0000000013780000]
 total_blobs=2286 nmethods=2016 adapters=183
 compilation: enabled

Compilation events (10 events):
Event: 31.290 Thread 0x0000000016c0c000 nmethod 2491 0x00000000049ef0d0 code [0x00000000049ef380, 0x00000000049f0ba8]
Event: 31.290 Thread 0x0000000016c0c000 2440       4       java.util.ArrayList::<init> (61 bytes)
Event: 31.292 Thread 0x0000000016c0c000 nmethod 2440 0x0000000004acc550 code [0x0000000004acc6a0, 0x0000000004acc7d8]
Event: 31.292 Thread 0x0000000016c0c000 2456       4       com.android.dx.cf.code.Merger::mergeType (142 bytes)
Event: 31.298 Thread 0x0000000016c0c000 nmethod 2456 0x000000000498a190 code [0x000000000498a300, 0x000000000498a698]
Event: 31.298 Thread 0x0000000016c0c000 2476       4       com.android.dx.cf.code.BasicBlocker::visitThrowing (59 bytes)
Event: 31.325 Thread 0x0000000016c0c000 nmethod 2476 0x00000000052c34d0 code [0x00000000052c3660, 0x00000000052c40a8]
Event: 31.326 Thread 0x0000000016c0c000 2496       4       com.android.dx.util.ByteArray::getInt (47 bytes)
Event: 31.328 Thread 0x0000000016c0c000 nmethod 2496 0x0000000004a10f90 code [0x0000000004a110e0, 0x0000000004a11258]
Event: 31.328 Thread 0x0000000016c0c000 2479       4       com.android.dx.cf.code.Simulator$SimVisitor::visitLocal (329 bytes)

GC Heap History (10 events):
Event: 14.377 GC heap before
{Heap before GC invocations=9 (full 0):
 PSYoungGen      total 246272K, used 246261K [0x00000000eab00000, 0x00000000fd000000, 0x0000000100000000)
  eden space 215552K, 100% used [0x00000000eab00000,0x00000000f7d80000,0x00000000f7d80000)
  from space 30720K, 99% used [0x00000000fa300000,0x00000000fc0fd618,0x00000000fc100000)
  to   space 38400K, 0% used [0x00000000f7d80000,0x00000000f7d80000,0x00000000fa300000)
 ParOldGen       total 76800K, used 48268K [0x00000000c0000000, 0x00000000c4b00000, 0x00000000eab00000)
  object space 76800K, 62% used [0x00000000c0000000,0x00000000c2f231e8,0x00000000c4b00000)
 Metaspace       used 6682K, capacity 7256K, committed 7424K, reserved 1056768K
  class space    used 637K, capacity 656K, committed 768K, reserved 1048576K
Event: 14.673 GC heap after
Heap after GC invocations=9 (full 0):
 PSYoungGen      total 253952K, used 38392K [0x00000000eab00000, 0x0000000100000000, 0x0000000100000000)
  eden space 215552K, 0% used [0x00000000eab00000,0x00000000eab00000,0x00000000f7d80000)
  from space 38400K, 99% used [0x00000000f7d80000,0x00000000fa2fe0d0,0x00000000fa300000)
  to   space 54784K, 0% used [0x00000000fca80000,0x00000000fca80000,0x0000000100000000)
 ParOldGen       total 76800K, used 72805K [0x00000000c0000000, 0x00000000c4b00000, 0x00000000eab00000)
  object space 76800K, 94% used [0x00000000c0000000,0x00000000c4719610,0x00000000c4b00000)
 Metaspace       used 6682K, capacity 7256K, committed 7424K, reserved 1056768K
  class space    used 637K, capacity 656K, committed 768K, reserved 1048576K
}
Event: 14.674 GC heap before
{Heap before GC invocations=10 (full 1):
 PSYoungGen      total 253952K, used 38392K [0x00000000eab00000, 0x0000000100000000, 0x0000000100000000)
  eden space 215552K, 0% used [0x00000000eab00000,0x00000000eab00000,0x00000000f7d80000)
  from space 38400K, 99% used [0x00000000f7d80000,0x00000000fa2fe0d0,0x00000000fa300000)
  to   space 54784K, 0% used [0x00000000fca80000,0x00000000fca80000,0x0000000100000000)
 ParOldGen       total 76800K, used 72805K [0x00000000c0000000, 0x00000000c4b00000, 0x00000000eab00000)
  object space 76800K, 94% used [0x00000000c0000000,0x00000000c4719610,0x00000000c4b00000)
 Metaspace       used 6682K, capacity 7256K, committed 7424K, reserved 1056768K
  class space    used 637K, capacity 656K, committed 768K, reserved 1048576K
Event: 16.438 GC heap after
Heap after GC invocations=10 (full 1):
 PSYoungGen      total 253952K, used 29612K [0x00000000eab00000, 0x0000000100000000, 0x0000000100000000)
  eden space 215552K, 0% used [0x00000000eab00000,0x00000000eab00000,0x00000000f7d80000)
  from space 38400K, 77% used [0x00000000f7d80000,0x00000000f9a6b190,0x00000000fa300000)
  to   space 54784K, 0% used [0x00000000fca80000,0x00000000fca80000,0x0000000100000000)
 ParOldGen       total 76800K, used 76326K [0x00000000c0000000, 0x00000000c4b00000, 0x00000000eab00000)
  object space 76800K, 99% used [0x00000000c0000000,0x00000000c4a89ba0,0x00000000c4b00000)
 Metaspace       used 6682K, capacity 7256K, committed 7424K, reserved 1056768K
  class space    used 637K, capacity 656K, committed 768K, reserved 1048576K
}
Event: 19.052 GC heap before
{Heap before GC invocations=11 (full 2):
 PSYoungGen      total 253952K, used 245164K [0x00000000eab00000, 0x0000000100000000, 0x0000000100000000)
  eden space 215552K, 100% used [0x00000000eab00000,0x00000000f7d80000,0x00000000f7d80000)
  from space 38400K, 77% used [0x00000000f7d80000,0x00000000f9a6b190,0x00000000fa300000)
  to   space 54784K, 0% used [0x00000000fca80000,0x00000000fca80000,0x0000000100000000)
 ParOldGen       total 76800K, used 76326K [0x00000000c0000000, 0x00000000c4b00000, 0x00000000eab00000)
  object space 76800K, 99% used [0x00000000c0000000,0x00000000c4a89ba0,0x00000000c4b00000)
 Metaspace       used 6696K, capacity 7256K, committed 7424K, reserved 1056768K
  class space    used 637K, capacity 656K, committed 768K, reserved 1048576K
Event: 20.275 GC heap after
Heap after GC invocations=11 (full 2):
 PSYoungGen      total 253952K, used 59093K [0x00000000eab00000, 0x0000000100000000, 0x0000000100000000)
  eden space 215552K, 27% used [0x00000000eab00000,0x00000000ee4b57b0,0x00000000f7d80000)
  from space 38400K, 0% used [0x00000000f7d80000,0x00000000f7d80000,0x00000000fa300000)
  to   space 54784K, 0% used [0x00000000fca80000,0x00000000fca80000,0x0000000100000000)
 ParOldGen       total 76800K, used 76787K [0x00000000c0000000, 0x00000000c4b00000, 0x00000000eab00000)
  object space 76800K, 99% used [0x00000000c0000000,0x00000000c4afccf0,0x00000000c4b00000)
 Metaspace       used 6696K, capacity 7256K, committed 7424K, reserved 1056768K
  class space    used 637K, capacity 656K, committed 768K, reserved 1048576K
}
Event: 23.008 GC heap before
{Heap before GC invocations=12 (full 3):
 PSYoungGen      total 253952K, used 215552K [0x00000000eab00000, 0x0000000100000000, 0x0000000100000000)
  eden space 215552K, 100% used [0x00000000eab00000,0x00000000f7d80000,0x00000000f7d80000)
  from space 38400K, 0% used [0x00000000f7d80000,0x00000000f7d80000,0x00000000fa300000)
  to   space 54784K, 0% used [0x00000000fca80000,0x00000000fca80000,0x0000000100000000)
 ParOldGen       total 76800K, used 76787K [0x00000000c0000000, 0x00000000c4b00000, 0x00000000eab00000)
  object space 76800K, 99% used [0x00000000c0000000,0x00000000c4afccf0,0x00000000c4b00000)
 Metaspace       used 6699K, capacity 7256K, committed 7424K, reserved 1056768K
  class space    used 637K, capacity 656K, committed 768K, reserved 1048576K
Event: 24.740 GC heap after
Heap after GC invocations=12 (full 3):
 PSYoungGen      total 253952K, used 80322K [0x00000000eab00000, 0x0000000100000000, 0x0000000100000000)
  eden space 215552K, 37% used [0x00000000eab00000,0x00000000ef970b28,0x00000000f7d80000)
  from space 38400K, 0% used [0x00000000f7d80000,0x00000000f7d80000,0x00000000fa300000)
  to   space 54784K, 0% used [0x00000000fca80000,0x00000000fca80000,0x0000000100000000)
 ParOldGen       total 76800K, used 76579K [0x00000000c0000000, 0x00000000c4b00000, 0x00000000eab00000)
  object space 76800K, 99% used [0x00000000c0000000,0x00000000c4ac8e18,0x00000000c4b00000)
 Metaspace       used 6699K, capacity 7256K, committed 7424K, reserved 1056768K
  class space    used 637K, capacity 656K, committed 768K, reserved 1048576K
}
Event: 26.235 GC heap before
{Heap before GC invocations=13 (full 4):
 PSYoungGen      total 253952K, used 215552K [0x00000000eab00000, 0x0000000100000000, 0x0000000100000000)
  eden space 215552K, 100% used [0x00000000eab00000,0x00000000f7d80000,0x00000000f7d80000)
  from space 38400K, 0% used [0x00000000f7d80000,0x00000000f7d80000,0x00000000fa300000)
  to   space 54784K, 0% used [0x00000000fca80000,0x00000000fca80000,0x0000000100000000)
 ParOldGen       total 76800K, used 76579K [0x00000000c0000000, 0x00000000c4b00000, 0x00000000eab00000)
  object space 76800K, 99% used [0x00000000c0000000,0x00000000c4ac8e18,0x00000000c4b00000)
 Metaspace       used 6705K, capacity 7320K, committed 7680K, reserved 1056768K
  class space    used 637K, capacity 656K, committed 768K, reserved 1048576K
Event: 28.044 GC heap after
Heap after GC invocations=13 (full 4):
 PSYoungGen      total 253952K, used 98327K [0x00000000eab00000, 0x0000000100000000, 0x0000000100000000)
  eden space 215552K, 45% used [0x00000000eab00000,0x00000000f0b05de0,0x00000000f7d80000)
  from space 38400K, 0% used [0x00000000f7d80000,0x00000000f7d80000,0x00000000fa300000)
  to   space 54784K, 0% used [0x00000000fca80000,0x00000000fca80000,0x0000000100000000)
 ParOldGen       total 76800K, used 76579K [0x00000000c0000000, 0x00000000c4b00000, 0x00000000eab00000)
  object space 76800K, 99% used [0x00000000c0000000,0x00000000c4ac8c70,0x00000000c4b00000)
 Metaspace       used 6705K, capacity 7320K, committed 7680K, reserved 1056768K
  class space    used 637K, capacity 656K, committed 768K, reserved 1048576K
}

Deoptimization events (10 events):
Event: 17.472 Thread 0x0000000018388000 Uncommon trap: reason=unstable_if action=reinterpret pc=0x00000000051f0040 method=com.android.dx.rop.code.RegisterSpec.equals(ILcom/android/dx/rop/type/TypeBearer;Lcom/android/dx/rop/code/LocalItem;)Z @ 42
Event: 18.075 Thread 0x0000000018388000 Uncommon trap: reason=unstable_if action=reinterpret pc=0x0000000005229f38 method=com.android.dx.ssa.ConstCollector.updateConstUses(Ljava/util/HashMap;I)V @ 210
Event: 18.118 Thread 0x0000000004682800 Uncommon trap: reason=class_check action=maybe_recompile pc=0x00000000051cf330 method=com.android.dx.ssa.ConstCollector.updateConstUses(Ljava/util/HashMap;I)V @ 200
Event: 20.616 Thread 0x0000000004682800 Uncommon trap: reason=unstable_if action=reinterpret pc=0x00000000052763a8 method=com.android.dx.ssa.SsaConverter.edgeSplitMoveExceptionsAndResults(Lcom/android/dx/ssa/SsaMethod;)V @ 57
Event: 22.494 Thread 0x0000000004682800 Uncommon trap: reason=unstable_if action=reinterpret pc=0x0000000004f159f4 method=com.android.dx.rop.code.BasicBlockList.preferredSuccessorOf(Lcom/android/dx/rop/code/BasicBlock;)Lcom/android/dx/rop/code/BasicBlock; @ 58
Event: 22.910 Thread 0x0000000018388000 Uncommon trap: reason=unstable_if action=reinterpret pc=0x00000000052c0b64 method=com.android.dx.ssa.NormalSsaInsn.getLocalAssignment()Lcom/android/dx/rop/code/RegisterSpec; @ 12
Event: 24.808 Thread 0x0000000004682800 Uncommon trap: reason=unstable_if action=reinterpret pc=0x00000000052cc718 method=com.android.dx.cf.code.Ropper.isSynchronized()Z @ 12
Event: 24.808 Thread 0x0000000004682800 Uncommon trap: reason=unstable_if action=reinterpret pc=0x0000000004d25e0c method=com.android.dx.ssa.MoveParamCombiner$1.visitNonMoveInsn(Lcom/android/dx/ssa/NormalSsaInsn;)V @ 27
Event: 25.424 Thread 0x0000000018388000 Uncommon trap: reason=unstable_if action=reinterpret pc=0x000000000529f35c method=com.android.dx.dex.code.OutputFinisher.hasLocalInfo(Lcom/android/dx/dex/code/DalvInsn;)Z @ 24
Event: 25.759 Thread 0x0000000004682800 Uncommon trap: reason=class_check action=maybe_recompile pc=0x000000000520ba0c method=com.android.dx.ssa.SCCP.simulateBranch(Lcom/android/dx/ssa/SsaInsn;)V @ 145

Classes redefined (0 events):
No events

Internal exceptions (7 events):
Event: 0.040 Thread 0x0000000004682800 Exception <a 'java/lang/NoSuchMethodError': Method sun.misc.Unsafe.defineClass(Ljava/lang/String;[BII)Ljava/lang/Class; name or signature does not match> (0x00000000eab07cb0) thrown at [C:\re\workspace\8-2-build-windows-amd64-cygwin\jdk8u181\11358\hotspot
Event: 0.040 Thread 0x0000000004682800 Exception <a 'java/lang/NoSuchMethodError': Method sun.misc.Unsafe.prefetchRead(Ljava/lang/Object;J)V name or signature does not match> (0x00000000eab07f98) thrown at [C:\re\workspace\8-2-build-windows-amd64-cygwin\jdk8u181\11358\hotspot\src\share\vm\prim
Event: 6.531 Thread 0x0000000018388000 Exception <a 'java/lang/ArrayIndexOutOfBoundsException': 18> (0x00000000ebe3f380) thrown at [C:\re\workspace\8-2-build-windows-amd64-cygwin\jdk8u181\11358\hotspot\src\share\vm\interpreter\interpreterRuntime.cpp, line 366]
Event: 6.532 Thread 0x0000000018388000 Exception <a 'java/lang/ArrayIndexOutOfBoundsException'> (0x00000000ebe40f00) thrown at [C:\re\workspace\8-2-build-windows-amd64-cygwin\jdk8u181\11358\hotspot\src\share\vm\runtime\sharedRuntime.cpp, line 605]
Event: 6.767 Thread 0x0000000018388000 Exception <a 'java/lang/ArrayIndexOutOfBoundsException'> (0x00000000ebe421e8) thrown at [C:\re\workspace\8-2-build-windows-amd64-cygwin\jdk8u181\11358\hotspot\src\share\vm\runtime\sharedRuntime.cpp, line 605]
Event: 9.058 Thread 0x0000000004682800 Implicit null exception at 0x0000000004b45922 to 0x0000000004b45a1a
Event: 9.845 Thread 0x0000000004682800 Implicit null exception at 0x0000000004efeb89 to 0x0000000004eff445

Events (10 events):
Event: 30.392 Thread 0x0000000004682800 DEOPT PACKING pc=0x0000000004b3d902 sp=0x000000000467e5c0
Event: 30.392 Thread 0x0000000004682800 DEOPT UNPACKING pc=0x00000000047c7490 sp=0x000000000467e3f0 mode 0
Event: 30.397 Thread 0x0000000004682800 DEOPT PACKING pc=0x0000000005225e15 sp=0x000000000467e400
Event: 30.397 Thread 0x0000000004682800 DEOPT UNPACKING pc=0x00000000047c7490 sp=0x000000000467e1b0 mode 0
Event: 30.607 loading class com/android/dx/cf/iface/ParseObserver
Event: 30.607 loading class com/android/dx/cf/iface/ParseObserver done
Event: 31.061 Thread 0x0000000004682800 DEOPT PACKING pc=0x0000000004b3d902 sp=0x000000000467e5c0
Event: 31.061 Thread 0x0000000004682800 DEOPT UNPACKING pc=0x00000000047c7490 sp=0x000000000467e3f0 mode 0
Event: 31.197 Thread 0x0000000018388000 DEOPT PACKING pc=0x0000000004fabb17 sp=0x000000001865eb30
Event: 31.197 Thread 0x0000000018388000 DEOPT UNPACKING pc=0x00000000047c7490 sp=0x000000001865e918 mode 0


Dynamic libraries:
0x00007ff797e80000 - 0x00007ff797eb7000 	C:\Program Files\Java\jdk1.8.0_181\bin\java.exe
0x00007ffe74d50000 - 0x00007ffe74f30000 	C:\Windows\SYSTEM32\ntdll.dll
0x00007ffe74c70000 - 0x00007ffe74d1e000 	C:\Windows\System32\KERNEL32.DLL
0x00007ffe71200000 - 0x00007ffe71466000 	C:\Windows\System32\KERNELBASE.dll
0x00007ffe74bc0000 - 0x00007ffe74c61000 	C:\Windows\System32\ADVAPI32.dll
0x00007ffe74660000 - 0x00007ffe746fd000 	C:\Windows\System32\msvcrt.dll
0x00007ffe72220000 - 0x00007ffe7227b000 	C:\Windows\System32\sechost.dll
0x00007ffe72a60000 - 0x00007ffe72b7f000 	C:\Windows\System32\RPCRT4.dll
0x00007ffe74a30000 - 0x00007ffe74bbf000 	C:\Windows\System32\USER32.dll
0x00007ffe71c40000 - 0x00007ffe71c60000 	C:\Windows\System32\win32u.dll
0x00007ffe72a00000 - 0x00007ffe72a28000 	C:\Windows\System32\GDI32.dll
0x00007ffe71e80000 - 0x00007ffe72013000 	C:\Windows\System32\gdi32full.dll
0x00007ffe72180000 - 0x00007ffe7221b000 	C:\Windows\System32\msvcp_win.dll
0x00007ffe72080000 - 0x00007ffe72175000 	C:\Windows\System32\ucrtbase.dll
0x00007ffe5db70000 - 0x00007ffe5ddd9000 	C:\Windows\WinSxS\amd64_microsoft.windows.common-controls_6595b64144ccf1df_6.0.16299.547_none_15cdd76c936033f5\COMCTL32.dll
0x00007ffe725e0000 - 0x00007ffe728e7000 	C:\Windows\System32\combase.dll
0x00007ffe71470000 - 0x00007ffe714e2000 	C:\Windows\System32\bcryptPrimitives.dll
0x00007ffe72a30000 - 0x00007ffe72a5d000 	C:\Windows\System32\IMM32.DLL
0x0000000054e80000 - 0x0000000054f52000 	C:\Program Files\Java\jdk1.8.0_181\jre\bin\msvcr100.dll
0x00000000545d0000 - 0x0000000054e72000 	C:\Program Files\Java\jdk1.8.0_181\jre\bin\server\jvm.dll
0x00007ffe72c50000 - 0x00007ffe72c58000 	C:\Windows\System32\PSAPI.DLL
0x00007ffe68520000 - 0x00007ffe6852a000 	C:\Windows\SYSTEM32\VERSION.dll
0x00007ffe5fa00000 - 0x00007ffe5fa09000 	C:\Windows\SYSTEM32\WSOCK32.dll
0x00007ffe6f530000 - 0x00007ffe6f553000 	C:\Windows\SYSTEM32\WINMM.dll
0x00007ffe748a0000 - 0x00007ffe7490c000 	C:\Windows\System32\WS2_32.dll
0x00007ffe6f4d0000 - 0x00007ffe6f4fa000 	C:\Windows\SYSTEM32\WINMMBASE.dll
0x00007ffe71c60000 - 0x00007ffe71caa000 	C:\Windows\System32\cfgmgr32.dll
0x0000000057230000 - 0x000000005723f000 	C:\Program Files\Java\jdk1.8.0_181\jre\bin\verify.dll
0x0000000057200000 - 0x0000000057229000 	C:\Program Files\Java\jdk1.8.0_181\jre\bin\java.dll
0x00000000571e0000 - 0x00000000571f6000 	C:\Program Files\Java\jdk1.8.0_181\jre\bin\zip.dll
0x00007ffe72c60000 - 0x00007ffe74098000 	C:\Windows\System32\SHELL32.dll
0x00007ffe72280000 - 0x00007ffe72326000 	C:\Windows\System32\shcore.dll
0x00007ffe714f0000 - 0x00007ffe71c37000 	C:\Windows\System32\windows.storage.dll
0x00007ffe72330000 - 0x00007ffe72381000 	C:\Windows\System32\shlwapi.dll
0x00007ffe71130000 - 0x00007ffe71141000 	C:\Windows\System32\kernel.appcore.dll
0x00007ffe710e0000 - 0x00007ffe7112c000 	C:\Windows\System32\powrprof.dll
0x00007ffe710a0000 - 0x00007ffe710bb000 	C:\Windows\System32\profapi.dll

VM Arguments:
jvm_args: -Xmx1G 
java_command: C:\Program Files (x86)\Android\android-sdk\build-tools\25.0.3\\lib\dx.jar --dex --no-strict --output obj\Debug\MonoAndroid81\android\bin C:\Users\JuanFerYuco\source\repos\CACM\CACM\CACM.Android\obj\Debug\MonoAndroid81\android\bin\classes.zip C:\Program Files (x86)\Microsoft Visual Studio\2017\Community\Common7\IDE\ReferenceAssemblies\Microsoft\Framework\MonoAndroid\v8.1\mono.android.jar obj\\Debug\MonoAndroid81\lp\1\jl\formsviewgroup.jar obj\\Debug\MonoAndroid81\lp\10\jl\bin\classes.jar obj\\Debug\MonoAndroid81\lp\11\jl\bin\classes.jar obj\\Debug\MonoAndroid81\lp\12\jl\bin\classes.jar obj\\Debug\MonoAndroid81\lp\13\jl\bin\classes.jar obj\\Debug\MonoAndroid81\lp\14\jl\bin\classes.jar obj\\Debug\MonoAndroid81\lp\15\jl\bin\classes.jar obj\\Debug\MonoAndroid81\lp\16\jl\bin\classes.jar obj\\Debug\MonoAndroid81\lp\17\jl\bin\classes.jar obj\\Debug\MonoAndroid81\lp\18\jl\bin\classes.jar obj\\Debug\MonoAndroid81\lp\19\jl\bin\classes.jar obj\\Debug\MonoAndroid81\lp\20\jl\bin\classes.jar obj\\Debug\MonoAndroid81\lp\21\jl\bin\classes.jar obj\\Debug\MonoAndroid81\lp\3\jl\arch-core-common.jar obj\\Debug\MonoAndroid81\lp\4\jl\arch-lifecycle-common.jar obj\\Debug\MonoAndroid81\lp\5\jl\bin\classes.jar obj\\Debug\MonoAndroid81\lp\6\jl\bin\classes.jar obj\\Debug\MonoAndroid81\lp\8\jl\bin\classes.jar obj\\Debug\MonoAndroid81\lp\9\jl\bin\classes.jar
java_class_path (initial): C:\Program Files (x86)\Android\android-sdk\build-tools\25.0.3\\lib\dx.jar
Launcher Type: SUN_STANDARD

Environment Variables:
JAVA_HOME=C:\Program Files\Java\jdk1.8.0_181
PATH=C:\Program Files\Java\jdk1.8.0_181\bin;C:\oraclexe\app\oracle\product\11.2.0\server\bin;;C:\Windows\system32;C:\Windows;C:\Windows\System32\Wbem;C:\Windows\System32\WindowsPowerShell\v1.0\;C:\Program Files\Intel\WiFi\bin\;C:\Program Files\Common Files\Intel\WirelessCommon\;C:\Program Files\dotnet\;C:\Program Files\Microsoft SQL Server\130\Tools\Binn\;C:\Program Files\Microsoft SQL Server\Client SDK\ODBC\110\Tools\Binn\;C:\Program Files (x86)\Microsoft SQL Server\120\Tools\Binn\ManagementStudio\;C:\Program Files (x86)\Microsoft SQL Server\120\Tools\Binn\;C:\Program Files\Microsoft SQL Server\120\Tools\Binn\;C:\Program Files (x86)\Microsoft SQL Server\120\DTS\Binn\;C:\Program Files\Microsoft SQL Server\120\DTS\Binn\;C:\Program Files (x86)\Skype\Phone\;C:\Users\JuanFerYuco\AppData\Local\Microsoft\WindowsApps;
USERNAME=JuanFerYuco
OS=Windows_NT
PROCESSOR_IDENTIFIER=AMD64 Family 21 Model 112 Stepping 0, AuthenticAMD



---------------  S Y S T E M  ---------------

OS: Windows 10.0 , 64 bit Build 16299 (10.0.16299.431)

CPU:total 2 (initial active 2) (2 cores per cpu, 1 threads per core) family 21 model 112 stepping 0, cmov, cx8, fxsr, mmx, sse, sse2, sse3, ssse3, sse4.1, sse4.2, popcnt, avx, avx2, aes, clmul, mmxext, 3dnowpref, lzcnt, sse4a, tsc, tscinvbit, tscinv, bmi1

Memory: 4k page, physical 7287068k(973704k free), swap 7287068k(5132k free)

vm_info: Java HotSpot(TM) 64-Bit Server VM (25.181-b13) for windows-amd64 JRE (1.8.0_181-b13), built on Jul  7 2018 04:01:33 by "java_re" with MS VC++ 10.0 (VS2010)

time: Mon Sep 10 11:41:53 2018
elapsed time: 31 seconds (0d 0h 0m 31s)

