#
# There is insufficient memory for the Java Runtime Environment to continue.
# Native memory allocation (malloc) failed to allocate 1048576 bytes for AllocateHeap
# Possible reasons:
#   The system is out of physical RAM or swap space
#   In 32 bit mode, the process size limit was hit
# Possible solutions:
#   Reduce memory load on the system
#   Increase physical memory or swap space
#   Check if swap backing store is full
#   Use 64 bit Java on a 64 bit OS
#   Decrease Java heap size (-Xmx/-Xms)
#   Decrease number of Java threads
#   Decrease Java thread stack sizes (-Xss)
#   Set larger code cache with -XX:ReservedCodeCacheSize=
# This output file may be truncated or incomplete.
#
#  Out of Memory Error (memory/allocation.inline.hpp:61), pid=11824, tid=0x00000000000011ec
#
# JRE version:  (8.0_181-b13) (build )
# Java VM: Java HotSpot(TM) 64-Bit Server VM (25.181-b13 mixed mode windows-amd64 compressed oops)
# Failed to write core dump. Minidumps are not enabled by default on client versions of Windows
#

---------------  T H R E A D  ---------------

Current thread (0x000000000441e800):  JavaThread "Unknown thread" [_thread_in_vm, id=4588, stack(0x0000000004590000,0x0000000004690000)]

Stack: [0x0000000004590000,0x0000000004690000]
[error occurred during error reporting (printing stack bounds), id 0xc0000005]

Native frames: (J=compiled Java code, j=interpreted, Vv=VM code, C=native code)


---------------  P R O C E S S  ---------------

Java Threads: ( => current thread )

Other Threads:

=>0x000000000441e800 (exited) JavaThread "Unknown thread" [_thread_in_vm, id=4588, stack(0x0000000004590000,0x0000000004690000)]

VM state:not at safepoint (normal execution)

VM Mutex/Monitor currently owned by a thread: None

Heap:
 PSYoungGen      total 2048K, used 30K [0x00000000daf00000, 0x00000000db180000, 0x0000000100000000)
  eden space 1536K, 2% used [0x00000000daf00000,0x00000000daf07af0,0x00000000db080000)
  from space 512K, 0% used [0x00000000db100000,0x00000000db100000,0x00000000db180000)
  to   space 512K, 0% used [0x00000000db080000,0x00000000db080000,0x00000000db100000)
 ParOldGen       total 5632K, used 0K [0x0000000090c00000, 0x0000000091180000, 0x00000000daf00000)
  object space 5632K, 0% used [0x0000000090c00000,0x0000000090c00000,0x0000000091180000)
 Metaspace       used 775K, capacity 4480K, committed 4480K, reserved 1056768K
  class space    used 76K, capacity 384K, committed 384K, reserved 1048576K

Card table byte_map: [0x0000000013b50000,0x0000000013ed0000] byte_map_base: 0x00000000136ca000

Marking Bits: (ParMarkBitMap*) 0x0000000057422d00
 Begin Bits: [0x0000000014330000, 0x0000000015f00000)
 End Bits:   [0x0000000015f00000, 0x0000000017ad0000)

Polling page: 0x0000000002880000

CodeCache: size=245760Kb used=327Kb max_used=327Kb free=245432Kb
 bounds [0x0000000004790000, 0x0000000004a00000, 0x0000000013790000]
 total_blobs=57 nmethods=0 adapters=38
 compilation: enabled

Compilation events (0 events):
No events

GC Heap History (0 events):
No events

Deoptimization events (0 events):
No events

Classes redefined (0 events):
No events

Internal exceptions (0 events):
No events

Events (10 events):
Event: 0.037 loading class java/lang/Short
Event: 0.037 loading class java/lang/Short done
Event: 0.037 loading class java/lang/Integer
Event: 0.037 loading class java/lang/Integer done
Event: 0.037 loading class java/lang/Long
Event: 0.037 loading class java/lang/Long done
Event: 0.038 loading class java/lang/NullPointerException
Event: 0.038 loading class java/lang/NullPointerException done
Event: 0.038 loading class java/lang/ArithmeticException
Event: 0.038 loading class java/lang/ArithmeticException done


Dynamic libraries:
0x00007ff757a60000 - 0x00007ff757a67000 	C:\Program Files\Java\jdk1.8.0_181\bin\javac.exe
0x00007ffb6a760000 - 0x00007ffb6a940000 	C:\Windows\SYSTEM32\ntdll.dll
0x00007ffb67e50000 - 0x00007ffb67efe000 	C:\Windows\System32\KERNEL32.DLL
0x00007ffb67680000 - 0x00007ffb678e6000 	C:\Windows\System32\KERNELBASE.dll
0x0000000057670000 - 0x000000005769f000 	C:\Program Files\Java\jdk1.8.0_181\bin\jli.dll
0x0000000057590000 - 0x0000000057662000 	C:\Program Files\Java\jdk1.8.0_181\bin\MSVCR100.dll
0x00007ffb67c30000 - 0x00007ffb67cd1000 	C:\Windows\System32\ADVAPI32.dll
0x00007ffb68530000 - 0x00007ffb685cd000 	C:\Windows\System32\msvcrt.dll
0x00007ffb6a380000 - 0x00007ffb6a3db000 	C:\Windows\System32\sechost.dll
0x00007ffb68cf0000 - 0x00007ffb68e0f000 	C:\Windows\System32\RPCRT4.dll
0x00007ffb67f00000 - 0x00007ffb6808f000 	C:\Windows\System32\USER32.dll
0x00007ffb679d0000 - 0x00007ffb679f0000 	C:\Windows\System32\win32u.dll
0x00007ffb685d0000 - 0x00007ffb685f8000 	C:\Windows\System32\GDI32.dll
0x00007ffb541a0000 - 0x00007ffb54409000 	C:\Windows\WinSxS\amd64_microsoft.windows.common-controls_6595b64144ccf1df_6.0.16299.547_none_15cdd76c936033f5\COMCTL32.dll
0x00007ffb67a90000 - 0x00007ffb67c23000 	C:\Windows\System32\gdi32full.dll
0x00007ffb68200000 - 0x00007ffb68507000 	C:\Windows\System32\combase.dll
0x00007ffb679f0000 - 0x00007ffb67a8b000 	C:\Windows\System32\msvcp_win.dll
0x00007ffb66e30000 - 0x00007ffb66f25000 	C:\Windows\System32\ucrtbase.dll
0x00007ffb678f0000 - 0x00007ffb67962000 	C:\Windows\System32\bcryptPrimitives.dll
0x00007ffb68b20000 - 0x00007ffb68b4d000 	C:\Windows\System32\IMM32.DLL
0x00000000574b0000 - 0x0000000057582000 	C:\Program Files\Java\jdk1.8.0_181\jre\bin\msvcr100.dll
0x0000000056c00000 - 0x00000000574a2000 	C:\Program Files\Java\jdk1.8.0_181\jre\bin\server\jvm.dll
0x00007ffb6a2c0000 - 0x00007ffb6a2c8000 	C:\Windows\System32\PSAPI.DLL
0x00007ffb61e10000 - 0x00007ffb61e19000 	C:\Windows\SYSTEM32\WSOCK32.dll
0x00007ffb64e80000 - 0x00007ffb64ea3000 	C:\Windows\SYSTEM32\WINMM.dll
0x00007ffb6a5b0000 - 0x00007ffb6a61c000 	C:\Windows\System32\WS2_32.dll
0x00007ffb5f430000 - 0x00007ffb5f43a000 	C:\Windows\SYSTEM32\VERSION.dll
0x00007ffb64e20000 - 0x00007ffb64e4a000 	C:\Windows\SYSTEM32\WINMMBASE.dll
0x00007ffb66b60000 - 0x00007ffb66baa000 	C:\Windows\System32\cfgmgr32.dll
0x0000000056bf0000 - 0x0000000056bff000 	C:\Program Files\Java\jdk1.8.0_181\jre\bin\verify.dll
0x0000000056bc0000 - 0x0000000056be9000 	C:\Program Files\Java\jdk1.8.0_181\jre\bin\java.dll
0x0000000056ba0000 - 0x0000000056bb6000 	C:\Program Files\Java\jdk1.8.0_181\jre\bin\zip.dll

VM Arguments:
jvm_args: -Dapplication.home=C:\Program Files\Java\jdk1.8.0_181 -Xms8m 
java_command: com.sun.tools.javac.Main -version
java_class_path (initial): C:\Program Files\Java\jdk1.8.0_181/lib/tools.jar;C:\Program Files\Java\jdk1.8.0_181/classes
Launcher Type: SUN_STANDARD

Environment Variables:
JAVA_HOME=C:\Program Files (x86)\Java\jdk1.8.0_181
PATH=C:\oraclexe\app\oracle\product\11.2.0\server\bin;;C:\Windows\system32;C:\Windows;C:\Windows\System32\Wbem;C:\Windows\System32\WindowsPowerShell\v1.0\;C:\Program Files\Intel\WiFi\bin\;C:\Program Files\Common Files\Intel\WirelessCommon\;C:\Program Files\dotnet\;C:\Program Files\Microsoft SQL Server\130\Tools\Binn\;C:\Program Files\Microsoft SQL Server\Client SDK\ODBC\110\Tools\Binn\;C:\Program Files (x86)\Microsoft SQL Server\120\Tools\Binn\ManagementStudio\;C:\Program Files (x86)\Microsoft SQL Server\120\Tools\Binn\;C:\Program Files\Microsoft SQL Server\120\Tools\Binn\;C:\Program Files (x86)\Microsoft SQL Server\120\DTS\Binn\;C:\Program Files\Microsoft SQL Server\120\DTS\Binn\;C:\Program Files (x86)\Skype\Phone\;C:\Users\JuanFerYuco\AppData\Local\Microsoft\WindowsApps;C:\Users\JuanFerYuco\AppData\Local\GitHubDesktop\bin
USERNAME=JuanFerYuco
OS=Windows_NT
PROCESSOR_IDENTIFIER=AMD64 Family 21 Model 112 Stepping 0, AuthenticAMD



---------------  S Y S T E M  ---------------

OS: Windows 10.0 , 64 bit Build 16299 (10.0.16299.431)

CPU:total 2 (initial active 2) (2 cores per cpu, 1 threads per core) family 21 model 112 stepping 0, cmov, cx8, fxsr, mmx, sse, sse2, sse3, ssse3, sse4.1, sse4.2, popcnt, avx, avx2, aes, clmul, mmxext, 3dnowpref, lzcnt, sse4a, tsc, tscinvbit, tscinv, bmi1

Memory: 4k page, physical 7287068k(978740k free), swap 7287068k(5160k free)

vm_info: Java HotSpot(TM) 64-Bit Server VM (25.181-b13) for windows-amd64 JRE (1.8.0_181-b13), built on Jul  7 2018 04:01:33 by "java_re" with MS VC++ 10.0 (VS2010)

time: Sun Oct 28 13:13:21 2018
elapsed time: 0 seconds (0d 0h 0m 0s)

