#
# There is insufficient memory for the Java Runtime Environment to continue.
# Native memory allocation (malloc) failed to allocate 32744 bytes for ChunkPool::allocate
# Possible reasons:
#   The system is out of physical RAM or swap space
#   In 32 bit mode, the process size limit was hit
# Possible solutions:
#   Reduce memory load on the system
#   Increase physical memory or swap space
#   Check if swap backing store is full
#   Use 64 bit Java on a 64 bit OS
#   Decrease Java heap size (-Xmx/-Xms)
#   Decrease number of Java threads
#   Decrease Java thread stack sizes (-Xss)
#   Set larger code cache with -XX:ReservedCodeCacheSize=
# This output file may be truncated or incomplete.
#
#  Out of Memory Error (allocation.cpp:273), pid=11704, tid=0x0000000000000d98
#
# JRE version: Java(TM) SE Runtime Environment (8.0_181-b13) (build 1.8.0_181-b13)
# Java VM: Java HotSpot(TM) 64-Bit Server VM (25.181-b13 mixed mode windows-amd64 compressed oops)
# Failed to write core dump. Minidumps are not enabled by default on client versions of Windows
#

---------------  T H R E A D  ---------------

Current thread (0x000000001769a800):  JavaThread "C2 CompilerThread0" daemon [_thread_in_native, id=3480, stack(0x00000000187e0000,0x00000000188e0000)]

Stack: [0x00000000187e0000,0x00000000188e0000]
[error occurred during error reporting (printing stack bounds), id 0xc0000005]

Native frames: (J=compiled Java code, j=interpreted, Vv=VM code, C=native code)


Current CompileTask:
C2:   3433 1486   !   4       com.android.dx.cf.cst.ConstantPoolParser::parse0 (731 bytes)


---------------  P R O C E S S  ---------------

Java Threads: ( => current thread )
  0x0000000018e45000 JavaThread "pool-2-thread-1" [_thread_blocked, id=11052, stack(0x00000000190e0000,0x00000000191e0000)]
  0x0000000018e09000 JavaThread "pool-1-thread-1" [_thread_in_Java, id=13140, stack(0x0000000018fe0000,0x00000000190e0000)]
  0x0000000017707800 JavaThread "Service Thread" daemon [_thread_blocked, id=12476, stack(0x00000000189e0000,0x0000000018ae0000)]
  0x000000001769e000 JavaThread "C1 CompilerThread1" daemon [_thread_in_native, id=7028, stack(0x00000000188e0000,0x00000000189e0000)]
=>0x000000001769a800 JavaThread "C2 CompilerThread0" daemon [_thread_in_native, id=3480, stack(0x00000000187e0000,0x00000000188e0000)]
  0x0000000017699000 JavaThread "Attach Listener" daemon [_thread_blocked, id=9292, stack(0x00000000186e0000,0x00000000187e0000)]
  0x0000000017696000 JavaThread "Signal Dispatcher" daemon [_thread_blocked, id=10972, stack(0x00000000185e0000,0x00000000186e0000)]
  0x0000000005208000 JavaThread "Finalizer" daemon [_thread_blocked, id=8716, stack(0x00000000182d0000,0x00000000183d0000)]
  0x00000000051fe800 JavaThread "Reference Handler" daemon [_thread_blocked, id=8440, stack(0x00000000181d0000,0x00000000182d0000)]
  0x0000000005112800 JavaThread "main" [_thread_in_Java, id=13064, stack(0x0000000005010000,0x0000000005110000)]

Other Threads:
  0x0000000017667000 VMThread [stack: 0x00000000180d0000,0x00000000181d0000] [id=12912]
  0x0000000017719800 WatcherThread [stack: 0x0000000018ae0000,0x0000000018be0000] [id=8400]

VM state:not at safepoint (normal execution)

VM Mutex/Monitor currently owned by a thread: None

Heap:
 PSYoungGen      total 33280K, used 32776K [0x00000000eab00000, 0x00000000ed000000, 0x0000000100000000)
  eden space 28672K, 98% used [0x00000000eab00000,0x00000000ec6853d0,0x00000000ec700000)
  from space 4608K, 99% used [0x00000000ec700000,0x00000000ecb7ce28,0x00000000ecb80000)
  to   space 4608K, 0% used [0x00000000ecb80000,0x00000000ecb80000,0x00000000ed000000)
 ParOldGen       total 76800K, used 9851K [0x00000000c0000000, 0x00000000c4b00000, 0x00000000eab00000)
  object space 76800K, 12% used [0x00000000c0000000,0x00000000c099ed98,0x00000000c4b00000)
 Metaspace       used 6305K, capacity 7064K, committed 7424K, reserved 1056768K
  class space    used 601K, capacity 656K, committed 768K, reserved 1048576K

Card table byte_map: [0x00000000145d0000,0x00000000147e0000] byte_map_base: 0x0000000013fd0000

Marking Bits: (ParMarkBitMap*) 0x0000000069aa2d00
 Begin Bits: [0x0000000014b40000, 0x0000000015b40000)
 End Bits:   [0x0000000015b40000, 0x0000000016b40000)

Polling page: 0x0000000003630000

CodeCache: size=245760Kb used=6704Kb max_used=6704Kb free=239055Kb
 bounds [0x0000000005210000, 0x00000000058b0000, 0x0000000014210000]
 total_blobs=1817 nmethods=1549 adapters=181
 compilation: enabled

Compilation events (10 events):
Event: 3.355 Thread 0x000000001769e000 nmethod 1564 0x0000000005890ed0 code [0x0000000005891020, 0x0000000005891190]
Event: 3.362 Thread 0x000000001769e000 1565       2       com.android.dx.rop.code.Rops::opNewArray (124 bytes)
Event: 3.363 Thread 0x000000001769e000 nmethod 1565 0x0000000005891210 code [0x0000000005891400, 0x0000000005891a28]
Event: 3.398 Thread 0x000000001769e000 1567 %     3       com.android.dx.ssa.SsaConverter::placePhiFunctions @ 103 (394 bytes)
Event: 3.402 Thread 0x000000001769e000 nmethod 1567% 0x0000000005891e10 code [0x00000000058923a0, 0x0000000005895aa8]
Event: 3.402 Thread 0x000000001769e000 1568       3       com.android.dx.ssa.SsaConverter::placePhiFunctions (394 bytes)
Event: 3.406 Thread 0x000000001769e000 nmethod 1568 0x0000000005899490 code [0x0000000005899a20, 0x000000000589cec8]
Event: 3.425 Thread 0x000000001769e000 1569       2       com.android.dx.cf.attrib.InnerClassList::get (9 bytes)
Event: 3.425 Thread 0x000000001769e000 nmethod 1569 0x00000000058a0610 code [0x00000000058a0780, 0x00000000058a0928]
Event: 3.430 Thread 0x000000001769e000 1570       1       com.android.dx.dex.file.StringIdItem::getValue (5 bytes)

GC Heap History (6 events):
Event: 1.550 GC heap before
{Heap before GC invocations=1 (full 0):
 PSYoungGen      total 33280K, used 28672K [0x00000000eab00000, 0x00000000ed000000, 0x0000000100000000)
  eden space 28672K, 100% used [0x00000000eab00000,0x00000000ec700000,0x00000000ec700000)
  from space 4608K, 0% used [0x00000000ecb80000,0x00000000ecb80000,0x00000000ed000000)
  to   space 4608K, 0% used [0x00000000ec700000,0x00000000ec700000,0x00000000ecb80000)
 ParOldGen       total 76800K, used 0K [0x00000000c0000000, 0x00000000c4b00000, 0x00000000eab00000)
  object space 76800K, 0% used [0x00000000c0000000,0x00000000c0000000,0x00000000c4b00000)
 Metaspace       used 6073K, capacity 6936K, committed 7168K, reserved 1056768K
  class space    used 601K, capacity 656K, committed 768K, reserved 1048576K
Event: 1.570 GC heap after
Heap after GC invocations=1 (full 0):
 PSYoungGen      total 33280K, used 4579K [0x00000000eab00000, 0x00000000ed000000, 0x0000000100000000)
  eden space 28672K, 0% used [0x00000000eab00000,0x00000000eab00000,0x00000000ec700000)
  from space 4608K, 99% used [0x00000000ec700000,0x00000000ecb78ef8,0x00000000ecb80000)
  to   space 4608K, 0% used [0x00000000ecb80000,0x00000000ecb80000,0x00000000ed000000)
 ParOldGen       total 76800K, used 1216K [0x00000000c0000000, 0x00000000c4b00000, 0x00000000eab00000)
  object space 76800K, 1% used [0x00000000c0000000,0x00000000c01301e8,0x00000000c4b00000)
 Metaspace       used 6073K, capacity 6936K, committed 7168K, reserved 1056768K
  class space    used 601K, capacity 656K, committed 768K, reserved 1048576K
}
Event: 2.439 GC heap before
{Heap before GC invocations=2 (full 0):
 PSYoungGen      total 33280K, used 33251K [0x00000000eab00000, 0x00000000ed000000, 0x0000000100000000)
  eden space 28672K, 100% used [0x00000000eab00000,0x00000000ec700000,0x00000000ec700000)
  from space 4608K, 99% used [0x00000000ec700000,0x00000000ecb78ef8,0x00000000ecb80000)
  to   space 4608K, 0% used [0x00000000ecb80000,0x00000000ecb80000,0x00000000ed000000)
 ParOldGen       total 76800K, used 1216K [0x00000000c0000000, 0x00000000c4b00000, 0x00000000eab00000)
  object space 76800K, 1% used [0x00000000c0000000,0x00000000c01301e8,0x00000000c4b00000)
 Metaspace       used 6210K, capacity 7064K, committed 7424K, reserved 1056768K
  class space    used 601K, capacity 656K, committed 768K, reserved 1048576K
Event: 2.467 GC heap after
Heap after GC invocations=2 (full 0):
 PSYoungGen      total 33280K, used 4607K [0x00000000eab00000, 0x00000000ed000000, 0x0000000100000000)
  eden space 28672K, 0% used [0x00000000eab00000,0x00000000eab00000,0x00000000ec700000)
  from space 4608K, 99% used [0x00000000ecb80000,0x00000000ecfffc68,0x00000000ed000000)
  to   space 4608K, 0% used [0x00000000ec700000,0x00000000ec700000,0x00000000ecb80000)
 ParOldGen       total 76800K, used 5120K [0x00000000c0000000, 0x00000000c4b00000, 0x00000000eab00000)
  object space 76800K, 6% used [0x00000000c0000000,0x00000000c05001e8,0x00000000c4b00000)
 Metaspace       used 6210K, capacity 7064K, committed 7424K, reserved 1056768K
  class space    used 601K, capacity 656K, committed 768K, reserved 1048576K
}
Event: 2.961 GC heap before
{Heap before GC invocations=3 (full 0):
 PSYoungGen      total 33280K, used 33279K [0x00000000eab00000, 0x00000000ed000000, 0x0000000100000000)
  eden space 28672K, 100% used [0x00000000eab00000,0x00000000ec700000,0x00000000ec700000)
  from space 4608K, 99% used [0x00000000ecb80000,0x00000000ecfffc68,0x00000000ed000000)
  to   space 4608K, 0% used [0x00000000ec700000,0x00000000ec700000,0x00000000ecb80000)
 ParOldGen       total 76800K, used 5120K [0x00000000c0000000, 0x00000000c4b00000, 0x00000000eab00000)
  object space 76800K, 6% used [0x00000000c0000000,0x00000000c05001e8,0x00000000c4b00000)
 Metaspace       used 6232K, capacity 7064K, committed 7424K, reserved 1056768K
  class space    used 601K, capacity 656K, committed 768K, reserved 1048576K
Event: 3.018 GC heap after
Heap after GC invocations=3 (full 0):
 PSYoungGen      total 33280K, used 4595K [0x00000000eab00000, 0x00000000ed000000, 0x0000000100000000)
  eden space 28672K, 0% used [0x00000000eab00000,0x00000000eab00000,0x00000000ec700000)
  from space 4608K, 99% used [0x00000000ec700000,0x00000000ecb7ce28,0x00000000ecb80000)
  to   space 4608K, 0% used [0x00000000ecb80000,0x00000000ecb80000,0x00000000ed000000)
 ParOldGen       total 76800K, used 9851K [0x00000000c0000000, 0x00000000c4b00000, 0x00000000eab00000)
  object space 76800K, 12% used [0x00000000c0000000,0x00000000c099ed98,0x00000000c4b00000)
 Metaspace       used 6232K, capacity 7064K, committed 7424K, reserved 1056768K
  class space    used 601K, capacity 656K, committed 768K, reserved 1048576K
}

Deoptimization events (10 events):
Event: 0.872 Thread 0x0000000005112800 Uncommon trap: reason=unstable_if action=reinterpret pc=0x0000000005385848 method=java.lang.String.startsWith(Ljava/lang/String;I)Z @ 25
Event: 3.040 Thread 0x0000000005112800 Uncommon trap: reason=class_check action=maybe_recompile pc=0x00000000057dfbc0 method=com.android.dx.cf.code.BytecodeArray.parseInstruction(ILcom/android/dx/cf/code/BytecodeArray$Visitor;)I @ 955
Event: 3.041 Thread 0x0000000005112800 Uncommon trap: reason=class_check action=maybe_recompile pc=0x00000000057dfbc0 method=com.android.dx.cf.code.BytecodeArray.parseInstruction(ILcom/android/dx/cf/code/BytecodeArray$Visitor;)I @ 955
Event: 3.048 Thread 0x0000000005112800 Uncommon trap: reason=class_check action=maybe_recompile pc=0x00000000057dfbc0 method=com.android.dx.cf.code.BytecodeArray.parseInstruction(ILcom/android/dx/cf/code/BytecodeArray$Visitor;)I @ 955
Event: 3.050 Thread 0x0000000005112800 Uncommon trap: reason=class_check action=maybe_recompile pc=0x00000000057dfbc0 method=com.android.dx.cf.code.BytecodeArray.parseInstruction(ILcom/android/dx/cf/code/BytecodeArray$Visitor;)I @ 955
Event: 3.189 Thread 0x0000000018e09000 Uncommon trap: reason=unstable_if action=reinterpret pc=0x000000000545ee70 method=java.util.BitSet.nextSetBit(I)I @ 87
Event: 3.191 Thread 0x0000000018e09000 Uncommon trap: reason=unstable_if action=reinterpret pc=0x000000000583a1a0 method=java.util.BitSet.nextSetBit(I)I @ 87
Event: 3.199 Thread 0x0000000018e09000 Uncommon trap: reason=unstable_if action=reinterpret pc=0x0000000005821534 method=java.util.BitSet.nextSetBit(I)I @ 87
Event: 3.203 Thread 0x0000000018e09000 Uncommon trap: reason=unstable_if action=reinterpret pc=0x000000000582e0dc method=java.util.BitSet.nextSetBit(I)I @ 87
Event: 3.206 Thread 0x0000000018e09000 Uncommon trap: reason=unstable_if action=reinterpret pc=0x00000000056b53e0 method=java.util.BitSet.nextSetBit(I)I @ 87

Classes redefined (0 events):
No events

Internal exceptions (2 events):
Event: 0.041 Thread 0x0000000005112800 Exception <a 'java/lang/NoSuchMethodError': Method sun.misc.Unsafe.defineClass(Ljava/lang/String;[BII)Ljava/lang/Class; name or signature does not match> (0x00000000eab07cb0) thrown at [C:\re\workspace\8-2-build-windows-amd64-cygwin\jdk8u181\11358\hotspot
Event: 0.041 Thread 0x0000000005112800 Exception <a 'java/lang/NoSuchMethodError': Method sun.misc.Unsafe.prefetchRead(Ljava/lang/Object;J)V name or signature does not match> (0x00000000eab07f98) thrown at [C:\re\workspace\8-2-build-windows-amd64-cygwin\jdk8u181\11358\hotspot\src\share\vm\prim

Events (10 events):
Event: 3.206 Thread 0x0000000018e09000 DEOPT PACKING pc=0x00000000056b53e0 sp=0x00000000190de4d0
Event: 3.206 Thread 0x0000000018e09000 DEOPT UNPACKING pc=0x000000000525583b sp=0x00000000190de430 mode 2
Event: 3.240 Thread 0x0000000018e09000 DEOPT PACKING pc=0x000000000585d4a6 sp=0x00000000190de570
Event: 3.240 Thread 0x0000000018e09000 DEOPT UNPACKING pc=0x0000000005257490 sp=0x00000000190de2e8 mode 0
Event: 3.316 Thread 0x0000000005112800 DEOPT PACKING pc=0x000000000586f600 sp=0x000000000510e3a0
Event: 3.316 Thread 0x0000000005112800 DEOPT UNPACKING pc=0x0000000005257490 sp=0x000000000510e188 mode 0
Event: 3.354 loading class com/android/dx/cf/code/BytecodeArray$ConstantParserVisitor
Event: 3.354 loading class com/android/dx/cf/code/BytecodeArray$ConstantParserVisitor done
Event: 3.406 Thread 0x0000000005112800 DEOPT PACKING pc=0x000000000586a317 sp=0x000000000510e560
Event: 3.406 Thread 0x0000000005112800 DEOPT UNPACKING pc=0x0000000005257490 sp=0x000000000510e390 mode 0


Dynamic libraries:
0x00007ff747fa0000 - 0x00007ff747fd7000 	C:\Program Files\Java\jdk1.8.0_181\bin\java.exe
0x00007ffb7a400000 - 0x00007ffb7a5e0000 	C:\Windows\SYSTEM32\ntdll.dll
0x00007ffb77ec0000 - 0x00007ffb77f6e000 	C:\Windows\System32\KERNEL32.DLL
0x00007ffb76c70000 - 0x00007ffb76ed6000 	C:\Windows\System32\KERNELBASE.dll
0x00007ffb77ba0000 - 0x00007ffb77c41000 	C:\Windows\System32\ADVAPI32.dll
0x00007ffb7a290000 - 0x00007ffb7a32d000 	C:\Windows\System32\msvcrt.dll
0x00007ffb7a230000 - 0x00007ffb7a28b000 	C:\Windows\System32\sechost.dll
0x00007ffb77980000 - 0x00007ffb77a9f000 	C:\Windows\System32\RPCRT4.dll
0x00007ffb783c0000 - 0x00007ffb7854f000 	C:\Windows\System32\USER32.dll
0x00007ffb76ee0000 - 0x00007ffb76f00000 	C:\Windows\System32\win32u.dll
0x00007ffb7a1d0000 - 0x00007ffb7a1f8000 	C:\Windows\System32\GDI32.dll
0x00007ffb76800000 - 0x00007ffb76993000 	C:\Windows\System32\gdi32full.dll
0x00007ffb76bd0000 - 0x00007ffb76c6b000 	C:\Windows\System32\msvcp_win.dll
0x00007ffb77780000 - 0x00007ffb77875000 	C:\Windows\System32\ucrtbase.dll
0x00007ffb63b90000 - 0x00007ffb63df9000 	C:\Windows\WinSxS\amd64_microsoft.windows.common-controls_6595b64144ccf1df_6.0.16299.547_none_15cdd76c936033f5\COMCTL32.dll
0x00007ffb79d70000 - 0x00007ffb7a077000 	C:\Windows\System32\combase.dll
0x00007ffb76f00000 - 0x00007ffb76f72000 	C:\Windows\System32\bcryptPrimitives.dll
0x00007ffb7a330000 - 0x00007ffb7a35d000 	C:\Windows\System32\IMM32.DLL
0x000000006bc40000 - 0x000000006bd12000 	C:\Program Files\Java\jdk1.8.0_181\jre\bin\msvcr100.dll
0x0000000069280000 - 0x0000000069b22000 	C:\Program Files\Java\jdk1.8.0_181\jre\bin\server\jvm.dll
0x00007ffb77c50000 - 0x00007ffb77c58000 	C:\Windows\System32\PSAPI.DLL
0x00007ffb6fe20000 - 0x00007ffb6fe29000 	C:\Windows\SYSTEM32\WSOCK32.dll
0x00007ffb74ba0000 - 0x00007ffb74bc3000 	C:\Windows\SYSTEM32\WINMM.dll
0x00007ffb7a360000 - 0x00007ffb7a3cc000 	C:\Windows\System32\WS2_32.dll
0x00007ffb6f0a0000 - 0x00007ffb6f0aa000 	C:\Windows\SYSTEM32\VERSION.dll
0x00007ffb74ae0000 - 0x00007ffb74b0a000 	C:\Windows\SYSTEM32\WINMMBASE.dll
0x00007ffb77880000 - 0x00007ffb778ca000 	C:\Windows\System32\cfgmgr32.dll
0x000000006bc30000 - 0x000000006bc3f000 	C:\Program Files\Java\jdk1.8.0_181\jre\bin\verify.dll
0x000000006bc00000 - 0x000000006bc29000 	C:\Program Files\Java\jdk1.8.0_181\jre\bin\java.dll
0x000000006bbe0000 - 0x000000006bbf6000 	C:\Program Files\Java\jdk1.8.0_181\jre\bin\zip.dll
0x00007ffb78560000 - 0x00007ffb79998000 	C:\Windows\System32\SHELL32.dll
0x00007ffb778d0000 - 0x00007ffb77976000 	C:\Windows\System32\shcore.dll
0x00007ffb76f80000 - 0x00007ffb776c7000 	C:\Windows\System32\windows.storage.dll
0x00007ffb77b40000 - 0x00007ffb77b91000 	C:\Windows\System32\shlwapi.dll
0x00007ffb76790000 - 0x00007ffb767a1000 	C:\Windows\System32\kernel.appcore.dll
0x00007ffb767b0000 - 0x00007ffb767fc000 	C:\Windows\System32\powrprof.dll
0x00007ffb76770000 - 0x00007ffb7678b000 	C:\Windows\System32\profapi.dll

VM Arguments:
jvm_args: -Xmx1G 
java_command: C:\Program Files (x86)\Android\android-sdk\build-tools\25.0.3\\lib\dx.jar --dex --no-strict --output obj\Debug\MonoAndroid81\android\bin C:\Users\JuanFerYuco\source\repos\CACM\CACM\CACM.Android\obj\Debug\MonoAndroid81\android\bin\classes.zip C:\Program Files (x86)\Microsoft Visual Studio\2017\Community\Common7\IDE\ReferenceAssemblies\Microsoft\Framework\MonoAndroid\v8.1\mono.android.jar obj\\Debug\MonoAndroid81\lp\1\jl\formsviewgroup.jar obj\\Debug\MonoAndroid81\lp\10\jl\bin\classes.jar obj\\Debug\MonoAndroid81\lp\11\jl\bin\classes.jar obj\\Debug\MonoAndroid81\lp\12\jl\bin\classes.jar obj\\Debug\MonoAndroid81\lp\13\jl\bin\classes.jar obj\\Debug\MonoAndroid81\lp\14\jl\bin\classes.jar obj\\Debug\MonoAndroid81\lp\15\jl\bin\classes.jar obj\\Debug\MonoAndroid81\lp\16\jl\bin\classes.jar obj\\Debug\MonoAndroid81\lp\17\jl\bin\classes.jar obj\\Debug\MonoAndroid81\lp\18\jl\bin\classes.jar obj\\Debug\MonoAndroid81\lp\19\jl\bin\classes.jar obj\\Debug\MonoAndroid81\lp\20\jl\bin\classes.jar obj\\Debug\MonoAndroid81\lp\21\jl\bin\classes.jar obj\\Debug\MonoAndroid81\lp\3\jl\arch-core-common.jar obj\\Debug\MonoAndroid81\lp\4\jl\arch-lifecycle-common.jar obj\\Debug\MonoAndroid81\lp\5\jl\bin\classes.jar obj\\Debug\MonoAndroid81\lp\6\jl\bin\classes.jar obj\\Debug\MonoAndroid81\lp\8\jl\bin\classes.jar obj\\Debug\MonoAndroid81\lp\9\jl\bin\classes.jar
java_class_path (initial): C:\Program Files (x86)\Android\android-sdk\build-tools\25.0.3\\lib\dx.jar
Launcher Type: SUN_STANDARD

Environment Variables:
JAVA_HOME=C:\Program Files\Java\jdk1.8.0_181
PATH=C:\Program Files\Java\jdk1.8.0_181\bin;C:\oraclexe\app\oracle\product\11.2.0\server\bin;;C:\Windows\system32;C:\Windows;C:\Windows\System32\Wbem;C:\Windows\System32\WindowsPowerShell\v1.0\;C:\Program Files\Intel\WiFi\bin\;C:\Program Files\Common Files\Intel\WirelessCommon\;C:\Program Files\dotnet\;C:\Program Files\Microsoft SQL Server\130\Tools\Binn\;C:\Program Files\Microsoft SQL Server\Client SDK\ODBC\110\Tools\Binn\;C:\Program Files (x86)\Microsoft SQL Server\120\Tools\Binn\ManagementStudio\;C:\Program Files (x86)\Microsoft SQL Server\120\Tools\Binn\;C:\Program Files\Microsoft SQL Server\120\Tools\Binn\;C:\Program Files (x86)\Microsoft SQL Server\120\DTS\Binn\;C:\Program Files\Microsoft SQL Server\120\DTS\Binn\;C:\Program Files (x86)\Skype\Phone\;C:\Users\JuanFerYuco\AppData\Local\Microsoft\WindowsApps;
USERNAME=JuanFerYuco
OS=Windows_NT
PROCESSOR_IDENTIFIER=AMD64 Family 21 Model 112 Stepping 0, AuthenticAMD



---------------  S Y S T E M  ---------------

OS: Windows 10.0 , 64 bit Build 16299 (10.0.16299.431)

CPU:total 2 (initial active 2) (2 cores per cpu, 1 threads per core) family 21 model 112 stepping 0, cmov, cx8, fxsr, mmx, sse, sse2, sse3, ssse3, sse4.1, sse4.2, popcnt, avx, avx2, aes, clmul, mmxext, 3dnowpref, lzcnt, sse4a, tsc, tscinvbit, tscinv, bmi1

Memory: 4k page, physical 7287068k(900324k free), swap 7287068k(5124k free)

vm_info: Java HotSpot(TM) 64-Bit Server VM (25.181-b13) for windows-amd64 JRE (1.8.0_181-b13), built on Jul  7 2018 04:01:33 by "java_re" with MS VC++ 10.0 (VS2010)

time: Tue Sep 18 11:56:42 2018
elapsed time: 3 seconds (0d 0h 0m 3s)

