#
# There is insufficient memory for the Java Runtime Environment to continue.
# Native memory allocation (malloc) failed to allocate 572496 bytes for Chunk::new
# Possible reasons:
#   The system is out of physical RAM or swap space
#   In 32 bit mode, the process size limit was hit
# Possible solutions:
#   Reduce memory load on the system
#   Increase physical memory or swap space
#   Check if swap backing store is full
#   Use 64 bit Java on a 64 bit OS
#   Decrease Java heap size (-Xmx/-Xms)
#   Decrease number of Java threads
#   Decrease Java thread stack sizes (-Xss)
#   Set larger code cache with -XX:ReservedCodeCacheSize=
# This output file may be truncated or incomplete.
#
#  Out of Memory Error (allocation.cpp:390), pid=2904, tid=0x0000000000002f28
#
# JRE version: Java(TM) SE Runtime Environment (8.0_181-b13) (build 1.8.0_181-b13)
# Java VM: Java HotSpot(TM) 64-Bit Server VM (25.181-b13 mixed mode windows-amd64 compressed oops)
# Failed to write core dump. Minidumps are not enabled by default on client versions of Windows
#

---------------  T H R E A D  ---------------

Current thread (0x0000000018e0b000):  JavaThread "C2 CompilerThread0" daemon [_thread_in_native, id=12072, stack(0x0000000019f60000,0x000000001a060000)]

Stack: [0x0000000019f60000,0x000000001a060000]
[error occurred during error reporting (printing stack bounds), id 0xc0000005]

Native frames: (J=compiled Java code, j=interpreted, Vv=VM code, C=native code)


Current CompileTask:
C2:   3776 1418       4       com.sun.tools.javac.comp.Attr::selectSym (600 bytes)


---------------  P R O C E S S  ---------------

Java Threads: ( => current thread )
  0x0000000018e77000 JavaThread "Service Thread" daemon [_thread_blocked, id=6160, stack(0x000000001a160000,0x000000001a260000)]
  0x0000000018e0e000 JavaThread "C1 CompilerThread1" daemon [_thread_blocked, id=10428, stack(0x000000001a060000,0x000000001a160000)]
=>0x0000000018e0b000 JavaThread "C2 CompilerThread0" daemon [_thread_in_native, id=12072, stack(0x0000000019f60000,0x000000001a060000)]
  0x0000000018e09800 JavaThread "Attach Listener" daemon [_thread_blocked, id=9764, stack(0x0000000019e60000,0x0000000019f60000)]
  0x0000000018e06000 JavaThread "Signal Dispatcher" daemon [_thread_blocked, id=3776, stack(0x0000000019d60000,0x0000000019e60000)]
  0x0000000004de9000 JavaThread "Finalizer" daemon [_thread_blocked, id=8404, stack(0x0000000019a50000,0x0000000019b50000)]
  0x0000000004ddf800 JavaThread "Reference Handler" daemon [_thread_blocked, id=6276, stack(0x0000000019950000,0x0000000019a50000)]
  0x0000000004cf3800 JavaThread "main" [_thread_blocked, id=4592, stack(0x0000000004bb0000,0x0000000004cb0000)]

Other Threads:
  0x0000000018dd6800 VMThread [stack: 0x0000000019850000,0x0000000019950000] [id=8]
  0x0000000018e8b800 WatcherThread [stack: 0x000000001a260000,0x000000001a360000] [id=8012]

VM state:at safepoint (normal execution)

VM Mutex/Monitor currently owned by a thread:  ([mutex/lock_event])
[0x0000000004cf01d0] Threads_lock - owner thread: 0x0000000018dd6800
[0x0000000004cf0950] Heap_lock - owner thread: 0x0000000004cf3800

Heap:
 PSYoungGen      total 35840K, used 20843K [0x00000000daf00000, 0x00000000dd780000, 0x0000000100000000)
  eden space 30208K, 69% used [0x00000000daf00000,0x00000000dc35ae68,0x00000000dcc80000)
  from space 5632K, 0% used [0x00000000dcc80000,0x00000000dcc80000,0x00000000dd200000)
  to   space 4608K, 0% used [0x00000000dd300000,0x00000000dd300000,0x00000000dd780000)
 ParOldGen       total 19968K, used 19897K [0x0000000090c00000, 0x0000000091f80000, 0x00000000daf00000)
  object space 19968K, 99% used [0x0000000090c00000,0x0000000091f6e6c0,0x0000000091f80000)
 Metaspace       used 8975K, capacity 9440K, committed 9600K, reserved 1062912K
  class space    used 1003K, capacity 1044K, committed 1152K, reserved 1048576K

Card table byte_map: [0x00000000141b0000,0x0000000014530000] byte_map_base: 0x0000000013d2a000

Marking Bits: (ParMarkBitMap*) 0x0000000053a02d00
 Begin Bits: [0x0000000014990000, 0x0000000016560000)
 End Bits:   [0x0000000016560000, 0x0000000018130000)

Polling page: 0x0000000000da0000

CodeCache: size=245760Kb used=6446Kb max_used=6446Kb free=239313Kb
 bounds [0x0000000004df0000, 0x0000000005440000, 0x0000000013df0000]
 total_blobs=1893 nmethods=1601 adapters=205
 compilation: enabled

Compilation events (10 events):
Event: 3.603 Thread 0x0000000018e0e000 1482       1       com.sun.tools.javac.code.Type::isPrimitiveOrVoid (2 bytes)
Event: 3.603 Thread 0x0000000018e0e000 nmethod 1482 0x0000000005403fd0 code [0x0000000005404120, 0x0000000005404230]
Event: 3.605 Thread 0x0000000018e0e000 1483       1       com.sun.tools.javac.tree.JCTree$JCArrayTypeTree::getTag (4 bytes)
Event: 3.605 Thread 0x0000000018e0e000 nmethod 1483 0x0000000005404290 code [0x00000000054043e0, 0x00000000054044f0]
Event: 3.606 Thread 0x0000000018e0e000 1484       2       com.sun.tools.javac.comp.Attr$TypeAnnotationsValidator::visitClassDef (88 bytes)
Event: 3.607 Thread 0x0000000018e0e000 nmethod 1484 0x0000000005404550 code [0x0000000005404760, 0x0000000005404dd8]
Event: 3.607 Thread 0x0000000018e0e000 1485 %     3       com.sun.tools.javac.comp.Attr$TypeAnnotationsValidator::visitClassDef @ 47 (88 bytes)
Event: 3.609 Thread 0x0000000018e0e000 nmethod 1485% 0x0000000005405390 code [0x0000000005405680, 0x00000000054073b8]
Event: 3.609 Thread 0x0000000018e0e000 1486       3       com.sun.tools.javac.comp.Attr$TypeAnnotationsValidator::visitClassDef (88 bytes)
Event: 3.611 Thread 0x0000000018e0e000 nmethod 1486 0x0000000005407e10 code [0x0000000005408100, 0x0000000005409db8]

GC Heap History (10 events):
Event: 1.450 GC heap before
{Heap before GC invocations=12 (full 2):
 PSYoungGen      total 28160K, used 24510K [0x00000000daf00000, 0x00000000dd780000, 0x0000000100000000)
  eden space 24064K, 98% used [0x00000000daf00000,0x00000000dc60b400,0x00000000dc680000)
  from space 4096K, 22% used [0x00000000dc680000,0x00000000dc764630,0x00000000dca80000)
  to   space 4608K, 0% used [0x00000000dd300000,0x00000000dd300000,0x00000000dd780000)
 ParOldGen       total 19968K, used 12197K [0x0000000090c00000, 0x0000000091f80000, 0x00000000daf00000)
  object space 19968K, 61% used [0x0000000090c00000,0x00000000917e94e0,0x0000000091f80000)
 Metaspace       used 7355K, capacity 8244K, committed 8448K, reserved 1056768K
  class space    used 890K, capacity 944K, committed 1024K, reserved 1048576K
Event: 1.462 GC heap after
Heap after GC invocations=12 (full 2):
 PSYoungGen      total 34816K, used 4593K [0x00000000daf00000, 0x00000000dd780000, 0x0000000100000000)
  eden space 30208K, 0% used [0x00000000daf00000,0x00000000daf00000,0x00000000dcc80000)
  from space 4608K, 99% used [0x00000000dd300000,0x00000000dd77c7c8,0x00000000dd780000)
  to   space 5632K, 0% used [0x00000000dcc80000,0x00000000dcc80000,0x00000000dd200000)
 ParOldGen       total 19968K, used 12213K [0x0000000090c00000, 0x0000000091f80000, 0x00000000daf00000)
  object space 19968K, 61% used [0x0000000090c00000,0x00000000917ed4e0,0x0000000091f80000)
 Metaspace       used 7355K, capacity 8244K, committed 8448K, reserved 1056768K
  class space    used 890K, capacity 944K, committed 1024K, reserved 1048576K
}
Event: 1.948 GC heap before
{Heap before GC invocations=13 (full 2):
 PSYoungGen      total 34816K, used 34801K [0x00000000daf00000, 0x00000000dd780000, 0x0000000100000000)
  eden space 30208K, 100% used [0x00000000daf00000,0x00000000dcc80000,0x00000000dcc80000)
  from space 4608K, 99% used [0x00000000dd300000,0x00000000dd77c7c8,0x00000000dd780000)
  to   space 5632K, 0% used [0x00000000dcc80000,0x00000000dcc80000,0x00000000dd200000)
 ParOldGen       total 19968K, used 12213K [0x0000000090c00000, 0x0000000091f80000, 0x00000000daf00000)
  object space 19968K, 61% used [0x0000000090c00000,0x00000000917ed4e0,0x0000000091f80000)
 Metaspace       used 7478K, capacity 8308K, committed 8448K, reserved 1056768K
  class space    used 890K, capacity 944K, committed 1024K, reserved 1048576K
Event: 1.987 GC heap after
Heap after GC invocations=13 (full 2):
 PSYoungGen      total 35840K, used 5304K [0x00000000daf00000, 0x00000000dd780000, 0x0000000100000000)
  eden space 30208K, 0% used [0x00000000daf00000,0x00000000daf00000,0x00000000dcc80000)
  from space 5632K, 94% used [0x00000000dcc80000,0x00000000dd1ae098,0x00000000dd200000)
  to   space 4608K, 0% used [0x00000000dd300000,0x00000000dd300000,0x00000000dd780000)
 ParOldGen       total 19968K, used 18170K [0x0000000090c00000, 0x0000000091f80000, 0x00000000daf00000)
  object space 19968K, 90% used [0x0000000090c00000,0x0000000091dbe8d0,0x0000000091f80000)
 Metaspace       used 7478K, capacity 8308K, committed 8448K, reserved 1056768K
  class space    used 890K, capacity 944K, committed 1024K, reserved 1048576K
}
Event: 1.987 GC heap before
{Heap before GC invocations=14 (full 3):
 PSYoungGen      total 35840K, used 5304K [0x00000000daf00000, 0x00000000dd780000, 0x0000000100000000)
  eden space 30208K, 0% used [0x00000000daf00000,0x00000000daf00000,0x00000000dcc80000)
  from space 5632K, 94% used [0x00000000dcc80000,0x00000000dd1ae098,0x00000000dd200000)
  to   space 4608K, 0% used [0x00000000dd300000,0x00000000dd300000,0x00000000dd780000)
 ParOldGen       total 19968K, used 18170K [0x0000000090c00000, 0x0000000091f80000, 0x00000000daf00000)
  object space 19968K, 90% used [0x0000000090c00000,0x0000000091dbe8d0,0x0000000091f80000)
 Metaspace       used 7478K, capacity 8308K, committed 8448K, reserved 1056768K
  class space    used 890K, capacity 944K, committed 1024K, reserved 1048576K
Event: 2.118 GC heap after
Heap after GC invocations=14 (full 3):
 PSYoungGen      total 35840K, used 3698K [0x00000000daf00000, 0x00000000dd780000, 0x0000000100000000)
  eden space 30208K, 0% used [0x00000000daf00000,0x00000000daf00000,0x00000000dcc80000)
  from space 5632K, 65% used [0x00000000dcc80000,0x00000000dd01cb30,0x00000000dd200000)
  to   space 4608K, 0% used [0x00000000dd300000,0x00000000dd300000,0x00000000dd780000)
 ParOldGen       total 19968K, used 19670K [0x0000000090c00000, 0x0000000091f80000, 0x00000000daf00000)
  object space 19968K, 98% used [0x0000000090c00000,0x0000000091f35880,0x0000000091f80000)
 Metaspace       used 7478K, capacity 8308K, committed 8448K, reserved 1056768K
  class space    used 890K, capacity 944K, committed 1024K, reserved 1048576K
}
Event: 2.801 GC heap before
{Heap before GC invocations=15 (full 4):
 PSYoungGen      total 35840K, used 33906K [0x00000000daf00000, 0x00000000dd780000, 0x0000000100000000)
  eden space 30208K, 100% used [0x00000000daf00000,0x00000000dcc80000,0x00000000dcc80000)
  from space 5632K, 65% used [0x00000000dcc80000,0x00000000dd01cb30,0x00000000dd200000)
  to   space 4608K, 0% used [0x00000000dd300000,0x00000000dd300000,0x00000000dd780000)
 ParOldGen       total 19968K, used 19670K [0x0000000090c00000, 0x0000000091f80000, 0x00000000daf00000)
  object space 19968K, 98% used [0x0000000090c00000,0x0000000091f35880,0x0000000091f80000)
 Metaspace       used 8031K, capacity 8756K, committed 8960K, reserved 1056768K
  class space    used 915K, capacity 944K, committed 1024K, reserved 1048576K
Event: 2.976 GC heap after
Heap after GC invocations=15 (full 4):
 PSYoungGen      total 35840K, used 14016K [0x00000000daf00000, 0x00000000dd780000, 0x0000000100000000)
  eden space 30208K, 46% used [0x00000000daf00000,0x00000000dbcb0090,0x00000000dcc80000)
  from space 5632K, 0% used [0x00000000dcc80000,0x00000000dcc80000,0x00000000dd200000)
  to   space 4608K, 0% used [0x00000000dd300000,0x00000000dd300000,0x00000000dd780000)
 ParOldGen       total 19968K, used 19900K [0x0000000090c00000, 0x0000000091f80000, 0x00000000daf00000)
  object space 19968K, 99% used [0x0000000090c00000,0x0000000091f6f128,0x0000000091f80000)
 Metaspace       used 8031K, capacity 8756K, committed 8960K, reserved 1056768K
  class space    used 915K, capacity 944K, committed 1024K, reserved 1048576K
}
Event: 3.430 GC heap before
{Heap before GC invocations=16 (full 5):
 PSYoungGen      total 35840K, used 30208K [0x00000000daf00000, 0x00000000dd780000, 0x0000000100000000)
  eden space 30208K, 100% used [0x00000000daf00000,0x00000000dcc80000,0x00000000dcc80000)
  from space 5632K, 0% used [0x00000000dcc80000,0x00000000dcc80000,0x00000000dd200000)
  to   space 4608K, 0% used [0x00000000dd300000,0x00000000dd300000,0x00000000dd780000)
 ParOldGen       total 19968K, used 19900K [0x0000000090c00000, 0x0000000091f80000, 0x00000000daf00000)
  object space 19968K, 99% used [0x0000000090c00000,0x0000000091f6f128,0x0000000091f80000)
 Metaspace       used 8264K, capacity 8948K, committed 9216K, reserved 1056768K
  class space    used 926K, capacity 944K, committed 1024K, reserved 1048576K
Event: 3.592 GC heap after
Heap after GC invocations=16 (full 5):
 PSYoungGen      total 35840K, used 17783K [0x00000000daf00000, 0x00000000dd780000, 0x0000000100000000)
  eden space 30208K, 58% used [0x00000000daf00000,0x00000000dc05dce8,0x00000000dcc80000)
  from space 5632K, 0% used [0x00000000dcc80000,0x00000000dcc80000,0x00000000dd200000)
  to   space 4608K, 0% used [0x00000000dd300000,0x00000000dd300000,0x00000000dd780000)
 ParOldGen       total 19968K, used 19897K [0x0000000090c00000, 0x0000000091f80000, 0x00000000daf00000)
  object space 19968K, 99% used [0x0000000090c00000,0x0000000091f6e6c0,0x0000000091f80000)
 Metaspace       used 8264K, capacity 8948K, committed 9216K, reserved 1056768K
  class space    used 926K, capacity 944K, committed 1024K, reserved 1048576K
}

Deoptimization events (10 events):
Event: 3.197 Thread 0x0000000004cf3800 Uncommon trap: reason=bimorphic action=maybe_recompile pc=0x000000000535d15c method=com.sun.tools.javac.code.Scope.enter(Lcom/sun/tools/javac/code/Symbol;Lcom/sun/tools/javac/code/Scope;)V @ 5
Event: 3.197 Thread 0x0000000004cf3800 Uncommon trap: reason=bimorphic action=maybe_recompile pc=0x00000000053167d4 method=com.sun.tools.javac.code.Scope.enter(Lcom/sun/tools/javac/code/Symbol;Lcom/sun/tools/javac/code/Scope;Lcom/sun/tools/javac/code/Scope;Z)V @ 85
Event: 3.197 Thread 0x0000000004cf3800 Uncommon trap: reason=bimorphic action=maybe_recompile pc=0x000000000535d15c method=com.sun.tools.javac.code.Scope.enter(Lcom/sun/tools/javac/code/Symbol;Lcom/sun/tools/javac/code/Scope;)V @ 5
Event: 3.197 Thread 0x0000000004cf3800 Uncommon trap: reason=bimorphic action=maybe_recompile pc=0x00000000053167d4 method=com.sun.tools.javac.code.Scope.enter(Lcom/sun/tools/javac/code/Symbol;Lcom/sun/tools/javac/code/Scope;Lcom/sun/tools/javac/code/Scope;Z)V @ 85
Event: 3.198 Thread 0x0000000004cf3800 Uncommon trap: reason=bimorphic action=maybe_recompile pc=0x000000000535d15c method=com.sun.tools.javac.code.Scope.enter(Lcom/sun/tools/javac/code/Symbol;Lcom/sun/tools/javac/code/Scope;)V @ 5
Event: 3.198 Thread 0x0000000004cf3800 Uncommon trap: reason=bimorphic action=maybe_recompile pc=0x00000000053167d4 method=com.sun.tools.javac.code.Scope.enter(Lcom/sun/tools/javac/code/Symbol;Lcom/sun/tools/javac/code/Scope;Lcom/sun/tools/javac/code/Scope;Z)V @ 85
Event: 3.218 Thread 0x0000000004cf3800 Uncommon trap: reason=unstable_if action=reinterpret pc=0x00000000052a2eac method=java.lang.CharacterDataLatin1.isJavaIdentifierPart(I)Z @ 11
Event: 3.223 Thread 0x0000000004cf3800 Uncommon trap: reason=unloaded action=reinterpret pc=0x000000000538c4ec method=com.sun.tools.javac.jvm.ClassReader.readPool(I)Ljava/lang/Object; @ 436
Event: 3.378 Thread 0x0000000004cf3800 Uncommon trap: reason=unstable_if action=reinterpret pc=0x000000000535e99c method=com.sun.tools.javac.code.Types$18.visitClassType(Lcom/sun/tools/javac/code/Type$ClassType;Ljava/lang/Void;)Lcom/sun/tools/javac/code/Type; @ 4
Event: 3.382 Thread 0x0000000004cf3800 Uncommon trap: reason=unstable_if action=reinterpret pc=0x000000000535b49c method=com.sun.tools.javac.code.Types$19.visitClassType(Lcom/sun/tools/javac/code/Type$ClassType;Ljava/lang/Void;)Lcom/sun/tools/javac/util/List; @ 4

Classes redefined (0 events):
No events

Internal exceptions (8 events):
Event: 0.039 Thread 0x0000000004cf3800 Exception <a 'java/lang/NoSuchMethodError': Method sun.misc.Unsafe.defineClass(Ljava/lang/String;[BII)Ljava/lang/Class; name or signature does not match> (0x00000000daf07cd8) thrown at [C:\re\workspace\8-2-build-windows-amd64-cygwin\jdk8u181\11358\hotspot
Event: 0.039 Thread 0x0000000004cf3800 Exception <a 'java/lang/NoSuchMethodError': Method sun.misc.Unsafe.prefetchRead(Ljava/lang/Object;J)V name or signature does not match> (0x00000000daf07fc0) thrown at [C:\re\workspace\8-2-build-windows-amd64-cygwin\jdk8u181\11358\hotspot\src\share\vm\prim
Event: 0.196 Thread 0x0000000004cf3800 Exception <a 'java/security/PrivilegedActionException'> (0x00000000db078220) thrown at [C:\re\workspace\8-2-build-windows-amd64-cygwin\jdk8u181\11358\hotspot\src\share\vm\prims\jvm.cpp, line 1435]
Event: 0.197 Thread 0x0000000004cf3800 Exception <a 'java/security/PrivilegedActionException'> (0x00000000db078618) thrown at [C:\re\workspace\8-2-build-windows-amd64-cygwin\jdk8u181\11358\hotspot\src\share\vm\prims\jvm.cpp, line 1435]
Event: 0.198 Thread 0x0000000004cf3800 Exception <a 'java/security/PrivilegedActionException'> (0x00000000db07c710) thrown at [C:\re\workspace\8-2-build-windows-amd64-cygwin\jdk8u181\11358\hotspot\src\share\vm\prims\jvm.cpp, line 1435]
Event: 0.198 Thread 0x0000000004cf3800 Exception <a 'java/security/PrivilegedActionException'> (0x00000000db07cb08) thrown at [C:\re\workspace\8-2-build-windows-amd64-cygwin\jdk8u181\11358\hotspot\src\share\vm\prims\jvm.cpp, line 1435]
Event: 0.206 Thread 0x0000000004cf3800 Exception <a 'java/security/PrivilegedActionException'> (0x00000000daf32a00) thrown at [C:\re\workspace\8-2-build-windows-amd64-cygwin\jdk8u181\11358\hotspot\src\share\vm\prims\jvm.cpp, line 1435]
Event: 0.206 Thread 0x0000000004cf3800 Exception <a 'java/security/PrivilegedActionException'> (0x00000000daf32df8) thrown at [C:\re\workspace\8-2-build-windows-amd64-cygwin\jdk8u181\11358\hotspot\src\share\vm\prims\jvm.cpp, line 1435]

Events (10 events):
Event: 3.425 loading class com/sun/tools/javac/code/TypeAnnotations$3
Event: 3.425 loading class com/sun/tools/javac/code/TypeAnnotations$3 done
Event: 3.426 loading class com/sun/source/tree/Tree$Kind
Event: 3.426 loading class com/sun/source/tree/Tree$Kind done
Event: 3.428 loading class javax/lang/model/element/ElementKind
Event: 3.428 loading class javax/lang/model/element/ElementKind done
Event: 3.428 loading class com/sun/tools/javac/code/TypeAnnotations$AnnotationType
Event: 3.428 loading class com/sun/tools/javac/code/TypeAnnotations$AnnotationType done
Event: 3.429 Executing VM operation: ParallelGCFailedAllocation
Event: 3.592 Executing VM operation: ParallelGCFailedAllocation done


Dynamic libraries:
0x00007ff71ae80000 - 0x00007ff71ae87000 	C:\Program Files\Java\jdk1.8.0_181\bin\javac.exe
0x00007ffe74d50000 - 0x00007ffe74f30000 	C:\Windows\SYSTEM32\ntdll.dll
0x00007ffe4e9d0000 - 0x00007ffe4ea04000 	C:\Program Files\AVAST Software\Avast\x64\aswhooka.dll
0x00007ffe74c70000 - 0x00007ffe74d1e000 	C:\Windows\System32\KERNEL32.DLL
0x00007ffe71200000 - 0x00007ffe71466000 	C:\Windows\System32\KERNELBASE.dll
0x0000000055570000 - 0x000000005559f000 	C:\Program Files\Java\jdk1.8.0_181\bin\jli.dll
0x00007ffe74bc0000 - 0x00007ffe74c61000 	C:\Windows\System32\ADVAPI32.dll
0x00007ffe74660000 - 0x00007ffe746fd000 	C:\Windows\System32\msvcrt.dll
0x00007ffe72220000 - 0x00007ffe7227b000 	C:\Windows\System32\sechost.dll
0x00007ffe72a60000 - 0x00007ffe72b7f000 	C:\Windows\System32\RPCRT4.dll
0x00007ffe74a30000 - 0x00007ffe74bbf000 	C:\Windows\System32\USER32.dll
0x00007ffe71c40000 - 0x00007ffe71c60000 	C:\Windows\System32\win32u.dll
0x00007ffe72a00000 - 0x00007ffe72a28000 	C:\Windows\System32\GDI32.dll
0x00007ffe71e80000 - 0x00007ffe72013000 	C:\Windows\System32\gdi32full.dll
0x00007ffe72180000 - 0x00007ffe7221b000 	C:\Windows\System32\msvcp_win.dll
0x00007ffe72080000 - 0x00007ffe72175000 	C:\Windows\System32\ucrtbase.dll
0x0000000055490000 - 0x0000000055562000 	C:\Program Files\Java\jdk1.8.0_181\bin\MSVCR100.dll
0x00007ffe5db70000 - 0x00007ffe5ddd9000 	C:\Windows\WinSxS\amd64_microsoft.windows.common-controls_6595b64144ccf1df_6.0.16299.547_none_15cdd76c936033f5\COMCTL32.dll
0x00007ffe725e0000 - 0x00007ffe728e7000 	C:\Windows\System32\combase.dll
0x00007ffe71470000 - 0x00007ffe714e2000 	C:\Windows\System32\bcryptPrimitives.dll
0x00007ffe72a30000 - 0x00007ffe72a5d000 	C:\Windows\System32\IMM32.DLL
0x0000000053a90000 - 0x0000000053b62000 	C:\Program Files\Java\jdk1.8.0_181\jre\bin\msvcr100.dll
0x00000000531e0000 - 0x0000000053a82000 	C:\Program Files\Java\jdk1.8.0_181\jre\bin\server\jvm.dll
0x00007ffe72c50000 - 0x00007ffe72c58000 	C:\Windows\System32\PSAPI.DLL
0x00007ffe5fa00000 - 0x00007ffe5fa09000 	C:\Windows\SYSTEM32\WSOCK32.dll
0x00007ffe748a0000 - 0x00007ffe7490c000 	C:\Windows\System32\WS2_32.dll
0x00007ffe6f530000 - 0x00007ffe6f553000 	C:\Windows\SYSTEM32\WINMM.dll
0x00007ffe68520000 - 0x00007ffe6852a000 	C:\Windows\SYSTEM32\VERSION.dll
0x00007ffe6f4d0000 - 0x00007ffe6f4fa000 	C:\Windows\SYSTEM32\WINMMBASE.dll
0x00007ffe71c60000 - 0x00007ffe71caa000 	C:\Windows\System32\cfgmgr32.dll
0x00000000571f0000 - 0x00000000571ff000 	C:\Program Files\Java\jdk1.8.0_181\jre\bin\verify.dll
0x0000000055460000 - 0x0000000055489000 	C:\Program Files\Java\jdk1.8.0_181\jre\bin\java.dll
0x00000000565c0000 - 0x00000000565d6000 	C:\Program Files\Java\jdk1.8.0_181\jre\bin\zip.dll
0x00007ffe72c60000 - 0x00007ffe74098000 	C:\Windows\System32\SHELL32.dll
0x00007ffe72280000 - 0x00007ffe72326000 	C:\Windows\System32\shcore.dll
0x00007ffe714f0000 - 0x00007ffe71c37000 	C:\Windows\System32\windows.storage.dll
0x00007ffe72330000 - 0x00007ffe72381000 	C:\Windows\System32\shlwapi.dll
0x00007ffe71130000 - 0x00007ffe71141000 	C:\Windows\System32\kernel.appcore.dll
0x00007ffe710e0000 - 0x00007ffe7112c000 	C:\Windows\System32\powrprof.dll
0x00007ffe710a0000 - 0x00007ffe710bb000 	C:\Windows\System32\profapi.dll

VM Arguments:
jvm_args: -Dapplication.home=C:\Program Files\Java\jdk1.8.0_181 -Xms8m -Dfile.encoding=UTF8 
java_command: com.sun.tools.javac.Main -d obj\\Debug\MonoAndroid81\android\bin\classes -classpath C:\Program Files (x86)\Microsoft Visual Studio\2017\Community\Common7\IDE\ReferenceAssemblies\Microsoft\Framework\MonoAndroid\v8.1\mono.android.jar;obj\\Debug\MonoAndroid81\lp\1\jl\formsviewgroup.jar;obj\\Debug\MonoAndroid81\lp\10\jl\bin\classes.jar;obj\\Debug\MonoAndroid81\lp\11\jl\bin\classes.jar;obj\\Debug\MonoAndroid81\lp\12\jl\bin\classes.jar;obj\\Debug\MonoAndroid81\lp\13\jl\bin\classes.jar;obj\\Debug\MonoAndroid81\lp\14\jl\bin\classes.jar;obj\\Debug\MonoAndroid81\lp\15\jl\bin\classes.jar;obj\\Debug\MonoAndroid81\lp\16\jl\bin\classes.jar;obj\\Debug\MonoAndroid81\lp\17\jl\bin\classes.jar;obj\\Debug\MonoAndroid81\lp\18\jl\bin\classes.jar;obj\\Debug\MonoAndroid81\lp\19\jl\bin\classes.jar;obj\\Debug\MonoAndroid81\lp\20\jl\bin\classes.jar;obj\\Debug\MonoAndroid81\lp\21\jl\bin\classes.jar;obj\\Debug\MonoAndroid81\lp\3\jl\arch-core-common.jar;obj\\Debug\MonoAndroid81\lp\4\jl\arch-lifecycle-common.jar;obj\\Debug\MonoAndroid81\lp\5\jl\bin\classes.jar;obj\\Debug\MonoAndroid81\lp\6\jl\bin\classes.jar;obj\\Debug\MonoAndroid81\lp\8\jl\bin\classes.jar;obj\\Debug\MonoAndroid81\lp\9\jl\bin\classes.jar;obj\\Debug\MonoAndroid81\lp\7\jl\support-annotations.jar -bootclasspath C:\Program Files (x86)\Android\android-sdk\platforms\android-27\android.jar -encoding UTF-8 @C:\Users\JuanFerYuco\AppData\Local\Temp\tmpB6AA.tmp
java_class_path (initial): C:\Program Files\Java\jdk1.8.0_181/lib/tools.jar;C:\Program Files\Java\jdk1.8.0_181/classes
Launcher Type: SUN_STANDARD

Environment Variables:
JAVA_HOME=C:\Program Files\Java\jdk1.8.0_181
PATH=C:\Program Files\Java\jdk1.8.0_181\bin;C:\oraclexe\app\oracle\product\11.2.0\server\bin;;C:\Windows\system32;C:\Windows;C:\Windows\System32\Wbem;C:\Windows\System32\WindowsPowerShell\v1.0\;C:\Program Files\Intel\WiFi\bin\;C:\Program Files\Common Files\Intel\WirelessCommon\;C:\Program Files\dotnet\;C:\Program Files\Microsoft SQL Server\130\Tools\Binn\;C:\Program Files\Microsoft SQL Server\Client SDK\ODBC\110\Tools\Binn\;C:\Program Files (x86)\Microsoft SQL Server\120\Tools\Binn\ManagementStudio\;C:\Program Files (x86)\Microsoft SQL Server\120\Tools\Binn\;C:\Program Files\Microsoft SQL Server\120\Tools\Binn\;C:\Program Files (x86)\Microsoft SQL Server\120\DTS\Binn\;C:\Program Files\Microsoft SQL Server\120\DTS\Binn\;C:\Program Files (x86)\Skype\Phone\;C:\Users\JuanFerYuco\AppData\Local\Microsoft\WindowsApps;
USERNAME=JuanFerYuco
OS=Windows_NT
PROCESSOR_IDENTIFIER=AMD64 Family 21 Model 112 Stepping 0, AuthenticAMD



---------------  S Y S T E M  ---------------

OS: Windows 10.0 , 64 bit Build 16299 (10.0.16299.431)

CPU:total 2 (initial active 2) (2 cores per cpu, 1 threads per core) family 21 model 112 stepping 0, cmov, cx8, fxsr, mmx, sse, sse2, sse3, ssse3, sse4.1, sse4.2, popcnt, avx, avx2, aes, clmul, mmxext, 3dnowpref, lzcnt, sse4a, tsc, tscinvbit, tscinv, bmi1

Memory: 4k page, physical 7287068k(719820k free), swap 7287068k(5132k free)

vm_info: Java HotSpot(TM) 64-Bit Server VM (25.181-b13) for windows-amd64 JRE (1.8.0_181-b13), built on Jul  7 2018 04:01:33 by "java_re" with MS VC++ 10.0 (VS2010)

time: Tue Sep 11 08:53:37 2018
elapsed time: 3 seconds (0d 0h 0m 3s)

