#
# There is insufficient memory for the Java Runtime Environment to continue.
# Native memory allocation (malloc) failed to allocate 800176 bytes for Chunk::new
# Possible reasons:
#   The system is out of physical RAM or swap space
#   In 32 bit mode, the process size limit was hit
# Possible solutions:
#   Reduce memory load on the system
#   Increase physical memory or swap space
#   Check if swap backing store is full
#   Use 64 bit Java on a 64 bit OS
#   Decrease Java heap size (-Xmx/-Xms)
#   Decrease number of Java threads
#   Decrease Java thread stack sizes (-Xss)
#   Set larger code cache with -XX:ReservedCodeCacheSize=
# This output file may be truncated or incomplete.
#
#  Out of Memory Error (allocation.cpp:390), pid=9244, tid=0x0000000000002a74
#
# JRE version: Java(TM) SE Runtime Environment (8.0_181-b13) (build 1.8.0_181-b13)
# Java VM: Java HotSpot(TM) 64-Bit Server VM (25.181-b13 mixed mode windows-amd64 compressed oops)
# Failed to write core dump. Minidumps are not enabled by default on client versions of Windows
#

---------------  T H R E A D  ---------------

Current thread (0x000000001737b000):  JavaThread "C2 CompilerThread0" daemon [_thread_in_native, id=10868, stack(0x00000000184c0000,0x00000000185c0000)]

Stack: [0x00000000184c0000,0x00000000185c0000]
[error occurred during error reporting (printing stack bounds), id 0xc0000005]

Native frames: (J=compiled Java code, j=interpreted, Vv=VM code, C=native code)


Current CompileTask:
C2:   9792 1983       4       com.android.dx.ssa.SCCP::simulateBlock (54 bytes)


---------------  P R O C E S S  ---------------

Java Threads: ( => current thread )
  0x0000000018afa000 JavaThread "pool-2-thread-1" [_thread_blocked, id=7608, stack(0x0000000018dc0000,0x0000000018ec0000)]
  0x0000000018af9000 JavaThread "pool-1-thread-1" [_thread_in_Java, id=6108, stack(0x0000000018cc0000,0x0000000018dc0000)]
  0x00000000173f9000 JavaThread "Service Thread" daemon [_thread_blocked, id=9600, stack(0x00000000186c0000,0x00000000187c0000)]
  0x000000001737e800 JavaThread "C1 CompilerThread1" daemon [_thread_blocked, id=8788, stack(0x00000000185c0000,0x00000000186c0000)]
=>0x000000001737b000 JavaThread "C2 CompilerThread0" daemon [_thread_in_native, id=10868, stack(0x00000000184c0000,0x00000000185c0000)]
  0x000000001737a000 JavaThread "Attach Listener" daemon [_thread_blocked, id=11520, stack(0x00000000183c0000,0x00000000184c0000)]
  0x0000000017376800 JavaThread "Signal Dispatcher" daemon [_thread_blocked, id=9948, stack(0x00000000182c0000,0x00000000183c0000)]
  0x0000000017368800 JavaThread "Finalizer" daemon [_thread_blocked, id=512, stack(0x0000000017fb0000,0x00000000180b0000)]
  0x0000000004edf000 JavaThread "Reference Handler" daemon [_thread_blocked, id=7000, stack(0x0000000017eb0000,0x0000000017fb0000)]
  0x0000000004df2800 JavaThread "main" [_thread_in_Java, id=6340, stack(0x0000000004cf0000,0x0000000004df0000)]

Other Threads:
  0x0000000017346800 VMThread [stack: 0x0000000017db0000,0x0000000017eb0000] [id=9772]
  0x0000000017403000 WatcherThread [stack: 0x00000000187c0000,0x00000000188c0000] [id=9300]

VM state:not at safepoint (normal execution)

VM Mutex/Monitor currently owned by a thread: None

Heap:
 PSYoungGen      total 61952K, used 13396K [0x00000000eab00000, 0x00000000f1580000, 0x0000000100000000)
  eden space 57344K, 15% used [0x00000000eab00000,0x00000000eb395228,0x00000000ee300000)
  from space 4608K, 100% used [0x00000000ee300000,0x00000000ee780000,0x00000000ee780000)
  to   space 20480K, 0% used [0x00000000f0180000,0x00000000f0180000,0x00000000f1580000)
 ParOldGen       total 131584K, used 72263K [0x00000000c0000000, 0x00000000c8080000, 0x00000000eab00000)
  object space 131584K, 54% used [0x00000000c0000000,0x00000000c4691e58,0x00000000c8080000)
 Metaspace       used 6679K, capacity 7256K, committed 7424K, reserved 1056768K
  class space    used 638K, capacity 656K, committed 768K, reserved 1048576K

Card table byte_map: [0x00000000142b0000,0x00000000144c0000] byte_map_base: 0x0000000013cb0000

Marking Bits: (ParMarkBitMap*) 0x0000000074e82d00
 Begin Bits: [0x0000000014820000, 0x0000000015820000)
 End Bits:   [0x0000000015820000, 0x0000000016820000)

Polling page: 0x0000000003530000

CodeCache: size=245760Kb used=9097Kb max_used=9118Kb free=236662Kb
 bounds [0x0000000004ef0000, 0x00000000057e0000, 0x0000000013ef0000]
 total_blobs=2256 nmethods=1986 adapters=183
 compilation: enabled

Compilation events (10 events):
Event: 9.510 Thread 0x000000001737e800 2040       1       com.android.dx.cf.attrib.AttSignature::byteLength (3 bytes)
Event: 9.510 Thread 0x000000001737e800 nmethod 2040 0x00000000057baf50 code [0x00000000057bb0a0, 0x00000000057bb1b0]
Event: 9.530 Thread 0x000000001737e800 2043       2       com.android.dx.rop.cst.CstNat::equals (48 bytes)
Event: 9.530 Thread 0x000000001737e800 nmethod 2043 0x00000000057ba810 code [0x00000000057ba9a0, 0x00000000057bacf8]
Event: 9.706 Thread 0x000000001737e800 2044       2       com.android.dx.rop.code.RegisterSpecList::withoutLast (60 bytes)
Event: 9.707 Thread 0x000000001737e800 nmethod 2044 0x00000000057b9a50 code [0x00000000057b9c20, 0x00000000057ba208]
Event: 9.718 Thread 0x000000001737e800 2046       2       java.util.HashMap::get (23 bytes)
Event: 9.719 Thread 0x000000001737e800 nmethod 2046 0x00000000057b95d0 code [0x00000000057b9740, 0x00000000057b9938]
Event: 9.724 Thread 0x000000001737e800 2047       2       java.util.Vector::grow (57 bytes)
Event: 9.725 Thread 0x000000001737e800 nmethod 2047 0x00000000057b9010 code [0x00000000057b9180, 0x00000000057b9418]

GC Heap History (10 events):
Event: 4.911 GC heap before
{Heap before GC invocations=6 (full 0):
 PSYoungGen      total 61952K, used 61930K [0x00000000eab00000, 0x00000000eec00000, 0x0000000100000000)
  eden space 57344K, 100% used [0x00000000eab00000,0x00000000ee300000,0x00000000ee300000)
  from space 4608K, 99% used [0x00000000ee300000,0x00000000ee77abe8,0x00000000ee780000)
  to   space 4608K, 0% used [0x00000000ee780000,0x00000000ee780000,0x00000000eec00000)
 ParOldGen       total 76800K, used 40783K [0x00000000c0000000, 0x00000000c4b00000, 0x00000000eab00000)
  object space 76800K, 53% used [0x00000000c0000000,0x00000000c27d3ff8,0x00000000c4b00000)
 Metaspace       used 6478K, capacity 7128K, committed 7424K, reserved 1056768K
  class space    used 621K, capacity 656K, committed 768K, reserved 1048576K
Event: 4.974 GC heap after
Heap after GC invocations=6 (full 0):
 PSYoungGen      total 61952K, used 4591K [0x00000000eab00000, 0x00000000eec00000, 0x0000000100000000)
  eden space 57344K, 0% used [0x00000000eab00000,0x00000000eab00000,0x00000000ee300000)
  from space 4608K, 99% used [0x00000000ee780000,0x00000000eebfbe60,0x00000000eec00000)
  to   space 4608K, 0% used [0x00000000ee300000,0x00000000ee300000,0x00000000ee780000)
 ParOldGen       total 76800K, used 50465K [0x00000000c0000000, 0x00000000c4b00000, 0x00000000eab00000)
  object space 76800K, 65% used [0x00000000c0000000,0x00000000c3148678,0x00000000c4b00000)
 Metaspace       used 6478K, capacity 7128K, committed 7424K, reserved 1056768K
  class space    used 621K, capacity 656K, committed 768K, reserved 1048576K
}
Event: 6.141 GC heap before
{Heap before GC invocations=7 (full 0):
 PSYoungGen      total 61952K, used 61935K [0x00000000eab00000, 0x00000000eec00000, 0x0000000100000000)
  eden space 57344K, 100% used [0x00000000eab00000,0x00000000ee300000,0x00000000ee300000)
  from space 4608K, 99% used [0x00000000ee780000,0x00000000eebfbe60,0x00000000eec00000)
  to   space 4608K, 0% used [0x00000000ee300000,0x00000000ee300000,0x00000000ee780000)
 ParOldGen       total 76800K, used 50465K [0x00000000c0000000, 0x00000000c4b00000, 0x00000000eab00000)
  object space 76800K, 65% used [0x00000000c0000000,0x00000000c3148678,0x00000000c4b00000)
 Metaspace       used 6631K, capacity 7256K, committed 7424K, reserved 1056768K
  class space    used 638K, capacity 656K, committed 768K, reserved 1048576K
Event: 6.209 GC heap after
Heap after GC invocations=7 (full 0):
 PSYoungGen      total 61952K, used 4591K [0x00000000eab00000, 0x00000000eec00000, 0x0000000100000000)
  eden space 57344K, 0% used [0x00000000eab00000,0x00000000eab00000,0x00000000ee300000)
  from space 4608K, 99% used [0x00000000ee300000,0x00000000ee77be60,0x00000000ee780000)
  to   space 4608K, 0% used [0x00000000ee780000,0x00000000ee780000,0x00000000eec00000)
 ParOldGen       total 76800K, used 59515K [0x00000000c0000000, 0x00000000c4b00000, 0x00000000eab00000)
  object space 76800K, 77% used [0x00000000c0000000,0x00000000c3a1ec80,0x00000000c4b00000)
 Metaspace       used 6631K, capacity 7256K, committed 7424K, reserved 1056768K
  class space    used 638K, capacity 656K, committed 768K, reserved 1048576K
}
Event: 7.086 GC heap before
{Heap before GC invocations=8 (full 0):
 PSYoungGen      total 61952K, used 61935K [0x00000000eab00000, 0x00000000eec00000, 0x0000000100000000)
  eden space 57344K, 100% used [0x00000000eab00000,0x00000000ee300000,0x00000000ee300000)
  from space 4608K, 99% used [0x00000000ee300000,0x00000000ee77be60,0x00000000ee780000)
  to   space 4608K, 0% used [0x00000000ee780000,0x00000000ee780000,0x00000000eec00000)
 ParOldGen       total 76800K, used 59515K [0x00000000c0000000, 0x00000000c4b00000, 0x00000000eab00000)
  object space 76800K, 77% used [0x00000000c0000000,0x00000000c3a1ec80,0x00000000c4b00000)
 Metaspace       used 6659K, capacity 7256K, committed 7424K, reserved 1056768K
  class space    used 638K, capacity 656K, committed 768K, reserved 1048576K
Event: 7.160 GC heap after
Heap after GC invocations=8 (full 0):
 PSYoungGen      total 61952K, used 4582K [0x00000000eab00000, 0x00000000eec00000, 0x0000000100000000)
  eden space 57344K, 0% used [0x00000000eab00000,0x00000000eab00000,0x00000000ee300000)
  from space 4608K, 99% used [0x00000000ee780000,0x00000000eebf9848,0x00000000eec00000)
  to   space 4608K, 0% used [0x00000000ee300000,0x00000000ee300000,0x00000000ee780000)
 ParOldGen       total 76800K, used 67878K [0x00000000c0000000, 0x00000000c4b00000, 0x00000000eab00000)
  object space 76800K, 88% used [0x00000000c0000000,0x00000000c4249980,0x00000000c4b00000)
 Metaspace       used 6659K, capacity 7256K, committed 7424K, reserved 1056768K
  class space    used 638K, capacity 656K, committed 768K, reserved 1048576K
}
Event: 7.161 GC heap before
{Heap before GC invocations=9 (full 1):
 PSYoungGen      total 61952K, used 4582K [0x00000000eab00000, 0x00000000eec00000, 0x0000000100000000)
  eden space 57344K, 0% used [0x00000000eab00000,0x00000000eab00000,0x00000000ee300000)
  from space 4608K, 99% used [0x00000000ee780000,0x00000000eebf9848,0x00000000eec00000)
  to   space 4608K, 0% used [0x00000000ee300000,0x00000000ee300000,0x00000000ee780000)
 ParOldGen       total 76800K, used 67878K [0x00000000c0000000, 0x00000000c4b00000, 0x00000000eab00000)
  object space 76800K, 88% used [0x00000000c0000000,0x00000000c4249980,0x00000000c4b00000)
 Metaspace       used 6659K, capacity 7256K, committed 7424K, reserved 1056768K
  class space    used 638K, capacity 656K, committed 768K, reserved 1048576K
Event: 8.252 GC heap after
Heap after GC invocations=9 (full 1):
 PSYoungGen      total 61952K, used 0K [0x00000000eab00000, 0x00000000eec00000, 0x0000000100000000)
  eden space 57344K, 0% used [0x00000000eab00000,0x00000000eab00000,0x00000000ee300000)
  from space 4608K, 0% used [0x00000000ee780000,0x00000000ee780000,0x00000000eec00000)
  to   space 4608K, 0% used [0x00000000ee300000,0x00000000ee300000,0x00000000ee780000)
 ParOldGen       total 131584K, used 68478K [0x00000000c0000000, 0x00000000c8080000, 0x00000000eab00000)
  object space 131584K, 52% used [0x00000000c0000000,0x00000000c42dfbe0,0x00000000c8080000)
 Metaspace       used 6659K, capacity 7256K, committed 7424K, reserved 1056768K
  class space    used 638K, capacity 656K, committed 768K, reserved 1048576K
}
Event: 9.639 GC heap before
{Heap before GC invocations=10 (full 1):
 PSYoungGen      total 61952K, used 57344K [0x00000000eab00000, 0x00000000eec00000, 0x0000000100000000)
  eden space 57344K, 100% used [0x00000000eab00000,0x00000000ee300000,0x00000000ee300000)
  from space 4608K, 0% used [0x00000000ee780000,0x00000000ee780000,0x00000000eec00000)
  to   space 4608K, 0% used [0x00000000ee300000,0x00000000ee300000,0x00000000ee780000)
 ParOldGen       total 131584K, used 68478K [0x00000000c0000000, 0x00000000c8080000, 0x00000000eab00000)
  object space 131584K, 52% used [0x00000000c0000000,0x00000000c42dfbe0,0x00000000c8080000)
 Metaspace       used 6678K, capacity 7256K, committed 7424K, reserved 1056768K
  class space    used 638K, capacity 656K, committed 768K, reserved 1048576K
Event: 9.665 GC heap after
Heap after GC invocations=10 (full 1):
 PSYoungGen      total 61952K, used 4608K [0x00000000eab00000, 0x00000000f1580000, 0x0000000100000000)
  eden space 57344K, 0% used [0x00000000eab00000,0x00000000eab00000,0x00000000ee300000)
  from space 4608K, 100% used [0x00000000ee300000,0x00000000ee780000,0x00000000ee780000)
  to   space 20480K, 0% used [0x00000000f0180000,0x00000000f0180000,0x00000000f1580000)
 ParOldGen       total 131584K, used 72263K [0x00000000c0000000, 0x00000000c8080000, 0x00000000eab00000)
  object space 131584K, 54% used [0x00000000c0000000,0x00000000c4691e58,0x00000000c8080000)
 Metaspace       used 6678K, capacity 7256K, committed 7424K, reserved 1056768K
  class space    used 638K, capacity 656K, committed 768K, reserved 1048576K
}

Deoptimization events (10 events):
Event: 9.251 Thread 0x0000000018af9000 Uncommon trap: reason=bimorphic action=maybe_recompile pc=0x000000000579434c method=com.android.dx.ssa.NormalSsaInsn.accept(Lcom/android/dx/ssa/SsaInsn$Visitor;)V @ 9
Event: 9.252 Thread 0x0000000018af9000 Uncommon trap: reason=bimorphic action=maybe_recompile pc=0x000000000579434c method=com.android.dx.ssa.NormalSsaInsn.accept(Lcom/android/dx/ssa/SsaInsn$Visitor;)V @ 9
Event: 9.252 Thread 0x0000000018af9000 Uncommon trap: reason=bimorphic action=maybe_recompile pc=0x000000000579434c method=com.android.dx.ssa.NormalSsaInsn.accept(Lcom/android/dx/ssa/SsaInsn$Visitor;)V @ 9
Event: 9.378 Thread 0x0000000004df2800 Uncommon trap: reason=speculate_class_check action=maybe_recompile pc=0x00000000057c255c method=com.android.dx.ssa.SsaInsn.mapRegisters(Lcom/android/dx/ssa/RegisterMapper;)V @ 31
Event: 9.389 Thread 0x0000000018af9000 Uncommon trap: reason=speculate_class_check action=maybe_recompile pc=0x00000000057c255c method=com.android.dx.ssa.SsaInsn.mapRegisters(Lcom/android/dx/ssa/RegisterMapper;)V @ 31
Event: 9.392 Thread 0x0000000018af9000 Uncommon trap: reason=speculate_class_check action=maybe_recompile pc=0x00000000057c255c method=com.android.dx.ssa.SsaInsn.mapRegisters(Lcom/android/dx/ssa/RegisterMapper;)V @ 31
Event: 9.394 Thread 0x0000000018af9000 Uncommon trap: reason=speculate_class_check action=maybe_recompile pc=0x00000000057c255c method=com.android.dx.ssa.SsaInsn.mapRegisters(Lcom/android/dx/ssa/RegisterMapper;)V @ 31
Event: 9.539 Thread 0x0000000018af9000 Uncommon trap: reason=bimorphic action=maybe_recompile pc=0x000000000563dc64 method=java.util.HashMap.getNode(ILjava/lang/Object;)Ljava/util/HashMap$Node; @ 126
Event: 9.716 Thread 0x0000000018af9000 Uncommon trap: reason=bimorphic action=maybe_recompile pc=0x000000000563dc64 method=java.util.HashMap.getNode(ILjava/lang/Object;)Ljava/util/HashMap$Node; @ 126
Event: 9.716 Thread 0x0000000018af9000 Uncommon trap: reason=bimorphic action=maybe_recompile pc=0x000000000563dc64 method=java.util.HashMap.getNode(ILjava/lang/Object;)Ljava/util/HashMap$Node; @ 126

Classes redefined (0 events):
No events

Internal exceptions (7 events):
Event: 0.039 Thread 0x0000000004df2800 Exception <a 'java/lang/NoSuchMethodError': Method sun.misc.Unsafe.defineClass(Ljava/lang/String;[BII)Ljava/lang/Class; name or signature does not match> (0x00000000eab07cb0) thrown at [C:\re\workspace\8-2-build-windows-amd64-cygwin\jdk8u181\11358\hotspot
Event: 0.039 Thread 0x0000000004df2800 Exception <a 'java/lang/NoSuchMethodError': Method sun.misc.Unsafe.prefetchRead(Ljava/lang/Object;J)V name or signature does not match> (0x00000000eab07f98) thrown at [C:\re\workspace\8-2-build-windows-amd64-cygwin\jdk8u181\11358\hotspot\src\share\vm\prim
Event: 4.421 Thread 0x0000000018af9000 Exception <a 'java/lang/ArrayIndexOutOfBoundsException': 18> (0x00000000ebcaf3c8) thrown at [C:\re\workspace\8-2-build-windows-amd64-cygwin\jdk8u181\11358\hotspot\src\share\vm\interpreter\interpreterRuntime.cpp, line 366]
Event: 4.427 Thread 0x0000000018af9000 Exception <a 'java/lang/ArrayIndexOutOfBoundsException'> (0x00000000ebcb0f48) thrown at [C:\re\workspace\8-2-build-windows-amd64-cygwin\jdk8u181\11358\hotspot\src\share\vm\runtime\sharedRuntime.cpp, line 605]
Event: 4.431 Thread 0x0000000018af9000 Exception <a 'java/lang/ArrayIndexOutOfBoundsException'> (0x00000000ebcb2230) thrown at [C:\re\workspace\8-2-build-windows-amd64-cygwin\jdk8u181\11358\hotspot\src\share\vm\runtime\sharedRuntime.cpp, line 605]
Event: 5.573 Thread 0x0000000018af9000 Implicit null exception at 0x00000000052e7822 to 0x00000000052e791a
Event: 5.708 Thread 0x0000000018af9000 Implicit null exception at 0x0000000005688a98 to 0x00000000056893c5

Events (10 events):
Event: 9.686 Thread 0x0000000004df2800 DEOPT PACKING pc=0x00000000057b2d1c sp=0x0000000004dee290
Event: 9.686 Thread 0x0000000004df2800 DEOPT UNPACKING pc=0x0000000004f37490 sp=0x0000000004dedfe0 mode 0
Event: 9.716 Thread 0x0000000018af9000 Uncommon trap: trap_request=0xffffffc6 fr.pc=0x000000000563dc64
Event: 9.716 Thread 0x0000000018af9000 DEOPT PACKING pc=0x000000000563dc64 sp=0x0000000018dbe890
Event: 9.716 Thread 0x0000000018af9000 DEOPT UNPACKING pc=0x0000000004f3583b sp=0x0000000018dbe7a8 mode 2
Event: 9.716 Thread 0x0000000018af9000 Uncommon trap: trap_request=0xffffffc6 fr.pc=0x000000000563dc64
Event: 9.716 Thread 0x0000000018af9000 DEOPT PACKING pc=0x000000000563dc64 sp=0x0000000018dbe890
Event: 9.716 Thread 0x0000000018af9000 DEOPT UNPACKING pc=0x0000000004f3583b sp=0x0000000018dbe7a8 mode 2
Event: 9.740 Thread 0x0000000018af9000 DEOPT PACKING pc=0x00000000057b2d1c sp=0x0000000018dbe790
Event: 9.740 Thread 0x0000000018af9000 DEOPT UNPACKING pc=0x0000000004f37490 sp=0x0000000018dbe4e0 mode 0


Dynamic libraries:
0x00007ff66aec0000 - 0x00007ff66aef7000 	C:\Program Files\Java\jdk1.8.0_181\bin\java.exe
0x00007fff10060000 - 0x00007fff10240000 	C:\Windows\SYSTEM32\ntdll.dll
0x00007fff0d890000 - 0x00007fff0d93e000 	C:\Windows\System32\KERNEL32.DLL
0x00007fff0d260000 - 0x00007fff0d4c6000 	C:\Windows\System32\KERNELBASE.dll
0x00007fff0a340000 - 0x00007fff0a3c8000 	C:\Windows\SYSTEM32\apphelp.dll
0x00007fff0f820000 - 0x00007fff0f8c1000 	C:\Windows\System32\ADVAPI32.dll
0x00007fff0d530000 - 0x00007fff0d5cd000 	C:\Windows\System32\msvcrt.dll
0x00007fff0d5d0000 - 0x00007fff0d62b000 	C:\Windows\System32\sechost.dll
0x00007fff0fe30000 - 0x00007fff0ff4f000 	C:\Windows\System32\RPCRT4.dll
0x00007fff0fa70000 - 0x00007fff0fbff000 	C:\Windows\System32\USER32.dll
0x00007fff0d150000 - 0x00007fff0d170000 	C:\Windows\System32\win32u.dll
0x00007fff0f8d0000 - 0x00007fff0f8f8000 	C:\Windows\System32\GDI32.dll
0x00007fff0c4e0000 - 0x00007fff0c673000 	C:\Windows\System32\gdi32full.dll
0x00007fff0d170000 - 0x00007fff0d20b000 	C:\Windows\System32\msvcp_win.dll
0x00007fff0cfa0000 - 0x00007fff0d095000 	C:\Windows\System32\ucrtbase.dll
0x00007ffefa010000 - 0x00007ffefa279000 	C:\Windows\WinSxS\amd64_microsoft.windows.common-controls_6595b64144ccf1df_6.0.16299.547_none_15cdd76c936033f5\COMCTL32.dll
0x00007fff0f440000 - 0x00007fff0f747000 	C:\Windows\System32\combase.dll
0x00007fff0c460000 - 0x00007fff0c4d2000 	C:\Windows\System32\bcryptPrimitives.dll
0x00007fff0f260000 - 0x00007fff0f28d000 	C:\Windows\System32\IMM32.DLL
0x0000000076620000 - 0x00000000766f2000 	C:\Program Files\Java\jdk1.8.0_181\jre\bin\msvcr100.dll
0x0000000074660000 - 0x0000000074f02000 	C:\Program Files\Java\jdk1.8.0_181\jre\bin\server\jvm.dll
0x00007fff0f250000 - 0x00007fff0f258000 	C:\Windows\System32\PSAPI.DLL
0x00007ffefad70000 - 0x00007ffefad79000 	C:\Windows\SYSTEM32\WSOCK32.dll
0x00007fff0a1c0000 - 0x00007fff0a1e3000 	C:\Windows\SYSTEM32\WINMM.dll
0x00007fff0f1e0000 - 0x00007fff0f24c000 	C:\Windows\System32\WS2_32.dll
0x00007fff04f50000 - 0x00007fff04f5a000 	C:\Windows\SYSTEM32\VERSION.dll
0x00007fff0a170000 - 0x00007fff0a19a000 	C:\Windows\SYSTEM32\WINMMBASE.dll
0x00007fff0d210000 - 0x00007fff0d25a000 	C:\Windows\System32\cfgmgr32.dll
0x0000000076610000 - 0x000000007661f000 	C:\Program Files\Java\jdk1.8.0_181\jre\bin\verify.dll
0x0000000074630000 - 0x0000000074659000 	C:\Program Files\Java\jdk1.8.0_181\jre\bin\java.dll
0x0000000074610000 - 0x0000000074626000 	C:\Program Files\Java\jdk1.8.0_181\jre\bin\zip.dll
0x00007fff0d940000 - 0x00007fff0ed78000 	C:\Windows\System32\SHELL32.dll
0x00007fff0d630000 - 0x00007fff0d6d6000 	C:\Windows\System32\shcore.dll
0x00007fff0c850000 - 0x00007fff0cf97000 	C:\Windows\System32\windows.storage.dll
0x00007fff0fdb0000 - 0x00007fff0fe01000 	C:\Windows\System32\shlwapi.dll
0x00007fff0c3d0000 - 0x00007fff0c3e1000 	C:\Windows\System32\kernel.appcore.dll
0x00007fff0c410000 - 0x00007fff0c45c000 	C:\Windows\System32\powrprof.dll
0x00007fff0c3f0000 - 0x00007fff0c40b000 	C:\Windows\System32\profapi.dll

VM Arguments:
jvm_args: -Xmx1G 
java_command: C:\Program Files (x86)\Android\android-sdk\build-tools\25.0.3\\lib\dx.jar --dex --no-strict --output obj\Debug\MonoAndroid81\android\bin C:\Users\JuanFerYuco\source\repos\CACM\CACM\CACM.Android\obj\Debug\MonoAndroid81\android\bin\classes.zip C:\Program Files (x86)\Microsoft Visual Studio\2017\Community\Common7\IDE\ReferenceAssemblies\Microsoft\Framework\MonoAndroid\v8.1\mono.android.jar obj\\Debug\MonoAndroid81\lp\1\jl\formsviewgroup.jar obj\\Debug\MonoAndroid81\lp\10\jl\bin\classes.jar obj\\Debug\MonoAndroid81\lp\11\jl\bin\classes.jar obj\\Debug\MonoAndroid81\lp\12\jl\bin\classes.jar obj\\Debug\MonoAndroid81\lp\13\jl\bin\classes.jar obj\\Debug\MonoAndroid81\lp\14\jl\bin\classes.jar obj\\Debug\MonoAndroid81\lp\15\jl\bin\classes.jar obj\\Debug\MonoAndroid81\lp\16\jl\bin\classes.jar obj\\Debug\MonoAndroid81\lp\17\jl\bin\classes.jar obj\\Debug\MonoAndroid81\lp\18\jl\bin\classes.jar obj\\Debug\MonoAndroid81\lp\19\jl\bin\classes.jar obj\\Debug\MonoAndroid81\lp\20\jl\bin\classes.jar obj\\Debug\MonoAndroid81\lp\21\jl\bin\classes.jar obj\\Debug\MonoAndroid81\lp\22\jl\bin\classes.jar obj\\Debug\MonoAndroid81\lp\23\jl\bin\classes.jar obj\\Debug\MonoAndroid81\lp\5\jl\arch-core-common.jar obj\\Debug\MonoAndroid81\lp\6\jl\arch-lifecycle-common.jar obj\\Debug\MonoAndroid81\lp\7\jl\bin\classes.jar obj\\Debug\MonoAndroid81\lp\8\jl\bin\classes.jar
java_class_path (initial): C:\Program Files (x86)\Android\android-sdk\build-tools\25.0.3\\lib\dx.jar
Launcher Type: SUN_STANDARD

Environment Variables:
JAVA_HOME=C:\Program Files\Java\jdk1.8.0_181
PATH=C:\Program Files\Java\jdk1.8.0_181\bin;C:\oraclexe\app\oracle\product\11.2.0\server\bin;;C:\Windows\system32;C:\Windows;C:\Windows\System32\Wbem;C:\Windows\System32\WindowsPowerShell\v1.0\;C:\Program Files\Intel\WiFi\bin\;C:\Program Files\Common Files\Intel\WirelessCommon\;C:\Program Files\dotnet\;C:\Program Files\Microsoft SQL Server\130\Tools\Binn\;C:\Program Files\Microsoft SQL Server\Client SDK\ODBC\110\Tools\Binn\;C:\Program Files (x86)\Microsoft SQL Server\120\Tools\Binn\ManagementStudio\;C:\Program Files (x86)\Microsoft SQL Server\120\Tools\Binn\;C:\Program Files\Microsoft SQL Server\120\Tools\Binn\;C:\Program Files (x86)\Microsoft SQL Server\120\DTS\Binn\;C:\Program Files\Microsoft SQL Server\120\DTS\Binn\;C:\Program Files (x86)\Skype\Phone\;C:\Users\JuanFerYuco\AppData\Local\Microsoft\WindowsApps;C:\Users\JuanFerYuco\AppData\Local\GitHubDesktop\bin
USERNAME=JuanFerYuco
OS=Windows_NT
PROCESSOR_IDENTIFIER=AMD64 Family 21 Model 112 Stepping 0, AuthenticAMD



---------------  S Y S T E M  ---------------

OS: Windows 10.0 , 64 bit Build 16299 (10.0.16299.431)

CPU:total 2 (initial active 2) (2 cores per cpu, 1 threads per core) family 21 model 112 stepping 0, cmov, cx8, fxsr, mmx, sse, sse2, sse3, ssse3, sse4.1, sse4.2, popcnt, avx, avx2, aes, clmul, mmxext, 3dnowpref, lzcnt, sse4a, tsc, tscinvbit, tscinv, bmi1

Memory: 4k page, physical 7287068k(1233356k free), swap 7287068k(5172k free)

vm_info: Java HotSpot(TM) 64-Bit Server VM (25.181-b13) for windows-amd64 JRE (1.8.0_181-b13), built on Jul  7 2018 04:01:33 by "java_re" with MS VC++ 10.0 (VS2010)

time: Mon Oct 29 19:59:40 2018
elapsed time: 9 seconds (0d 0h 0m 9s)

