#
# There is insufficient memory for the Java Runtime Environment to continue.
# Native memory allocation (malloc) failed to allocate 320496 bytes for Chunk::new
# Possible reasons:
#   The system is out of physical RAM or swap space
#   In 32 bit mode, the process size limit was hit
# Possible solutions:
#   Reduce memory load on the system
#   Increase physical memory or swap space
#   Check if swap backing store is full
#   Use 64 bit Java on a 64 bit OS
#   Decrease Java heap size (-Xmx/-Xms)
#   Decrease number of Java threads
#   Decrease Java thread stack sizes (-Xss)
#   Set larger code cache with -XX:ReservedCodeCacheSize=
# This output file may be truncated or incomplete.
#
#  Out of Memory Error (allocation.cpp:390), pid=5460, tid=0x00000000000021d8
#
# JRE version: Java(TM) SE Runtime Environment (8.0_181-b13) (build 1.8.0_181-b13)
# Java VM: Java HotSpot(TM) 64-Bit Server VM (25.181-b13 mixed mode windows-amd64 compressed oops)
# Failed to write core dump. Minidumps are not enabled by default on client versions of Windows
#

---------------  T H R E A D  ---------------

Current thread (0x0000000018b8b000):  JavaThread "C2 CompilerThread0" daemon [_thread_in_native, id=8664, stack(0x0000000019cf0000,0x0000000019df0000)]

Stack: [0x0000000019cf0000,0x0000000019df0000]
[error occurred during error reporting (printing stack bounds), id 0xc0000005]

Native frames: (J=compiled Java code, j=interpreted, Vv=VM code, C=native code)


Current CompileTask:
C2:  15720 2737       4       com.sun.tools.javac.code.Types::isSubtypeUncheckedInternal (166 bytes)


---------------  P R O C E S S  ---------------

Java Threads: ( => current thread )
  0x0000000018bf7000 JavaThread "Service Thread" daemon [_thread_blocked, id=2920, stack(0x0000000019ef0000,0x0000000019ff0000)]
  0x0000000018b8e000 JavaThread "C1 CompilerThread1" daemon [_thread_blocked, id=2748, stack(0x0000000019df0000,0x0000000019ef0000)]
=>0x0000000018b8b000 JavaThread "C2 CompilerThread0" daemon [_thread_in_native, id=8664, stack(0x0000000019cf0000,0x0000000019df0000)]
  0x0000000018b89800 JavaThread "Attach Listener" daemon [_thread_blocked, id=10148, stack(0x0000000019bf0000,0x0000000019cf0000)]
  0x0000000018b86000 JavaThread "Signal Dispatcher" daemon [_thread_blocked, id=2016, stack(0x0000000019af0000,0x0000000019bf0000)]
  0x0000000004b69000 JavaThread "Finalizer" daemon [_thread_blocked, id=6352, stack(0x00000000197e0000,0x00000000198e0000)]
  0x0000000004b5f800 JavaThread "Reference Handler" daemon [_thread_blocked, id=8336, stack(0x00000000196e0000,0x00000000197e0000)]
  0x0000000004a73800 JavaThread "main" [_thread_in_Java, id=4648, stack(0x0000000004970000,0x0000000004a70000)]

Other Threads:
  0x0000000018b56800 VMThread [stack: 0x00000000195e0000,0x00000000196e0000] [id=12100]
  0x0000000018c00800 WatcherThread [stack: 0x0000000019ff0000,0x000000001a0f0000] [id=6284]

VM state:not at safepoint (normal execution)

VM Mutex/Monitor currently owned by a thread: None

Heap:
 PSYoungGen      total 26624K, used 7184K [0x00000000daf00000, 0x00000000dd300000, 0x0000000100000000)
  eden space 17408K, 29% used [0x00000000daf00000,0x00000000db418060,0x00000000dc000000)
  from space 9216K, 21% used [0x00000000dc000000,0x00000000dc1ec010,0x00000000dc900000)
  to   space 8704K, 0% used [0x00000000dca80000,0x00000000dca80000,0x00000000dd300000)
 ParOldGen       total 56832K, used 37309K [0x0000000090c00000, 0x0000000094380000, 0x00000000daf00000)
  object space 56832K, 65% used [0x0000000090c00000,0x000000009306f408,0x0000000094380000)
 Metaspace       used 9973K, capacity 10368K, committed 10624K, reserved 1058816K
  class space    used 1040K, capacity 1076K, committed 1152K, reserved 1048576K

Card table byte_map: [0x0000000013f30000,0x00000000142b0000] byte_map_base: 0x0000000013aaa000

Marking Bits: (ParMarkBitMap*) 0x0000000053a02d00
 Begin Bits: [0x0000000014710000, 0x00000000162e0000)
 End Bits:   [0x00000000162e0000, 0x0000000017eb0000)

Polling page: 0x0000000002fb0000

CodeCache: size=245760Kb used=10640Kb max_used=10648Kb free=235119Kb
 bounds [0x0000000004b70000, 0x00000000055f0000, 0x0000000013b70000]
 total_blobs=2611 nmethods=2316 adapters=208
 compilation: enabled

Compilation events (10 events):
Event: 15.619 Thread 0x0000000018b8b000 nmethod 2735 0x00000000055d7c50 code [0x00000000055d7e00, 0x00000000055d8368]
Event: 15.619 Thread 0x0000000018b8b000 2736       4       com.sun.tools.javac.code.Type::getTypeArguments (4 bytes)
Event: 15.619 Thread 0x0000000018b8b000 nmethod 2736 0x0000000005470b90 code [0x0000000005470cc0, 0x0000000005470d38]
Event: 15.620 Thread 0x0000000018b8b000 2737       4       com.sun.tools.javac.code.Types::isSubtypeUncheckedInternal (166 bytes)
Event: 15.653 Thread 0x0000000018b8e000 2738       3       javax.tools.StandardLocation::isOutputLocation (40 bytes)
Event: 15.653 Thread 0x0000000018b8e000 nmethod 2738 0x00000000055d77d0 code [0x00000000055d7940, 0x00000000055d7b90]
Event: 15.678 Thread 0x0000000018b8e000 2740       3       com.sun.tools.javac.comp.Flow::access$402 (7 bytes)
Event: 15.679 Thread 0x0000000018b8e000 nmethod 2740 0x00000000055d7410 code [0x00000000055d7560, 0x00000000055d76b0]
Event: 15.679 Thread 0x0000000018b8e000 2741       3       com.sun.tools.javac.tree.TreeMaker::<init> (48 bytes)
Event: 15.679 Thread 0x0000000018b8e000 nmethod 2741 0x00000000055cf650 code [0x00000000055cf7c0, 0x00000000055cfb10]

GC Heap History (10 events):
Event: 8.365 GC heap before
{Heap before GC invocations=31 (full 5):
 PSYoungGen      total 20992K, used 20221K [0x00000000daf00000, 0x00000000dce00000, 0x0000000100000000)
  eden space 14848K, 100% used [0x00000000daf00000,0x00000000dbd80000,0x00000000dbd80000)
  from space 6144K, 87% used [0x00000000dbd80000,0x00000000dc2bf7f8,0x00000000dc380000)
  to   space 7168K, 0% used [0x00000000dc700000,0x00000000dc700000,0x00000000dce00000)
 ParOldGen       total 43008K, used 27971K [0x0000000090c00000, 0x0000000093600000, 0x00000000daf00000)
  object space 43008K, 65% used [0x0000000090c00000,0x0000000092750e08,0x0000000093600000)
 Metaspace       used 8156K, capacity 8884K, committed 9216K, reserved 1056768K
  class space    used 917K, capacity 944K, committed 1024K, reserved 1048576K
Event: 8.397 GC heap after
Heap after GC invocations=31 (full 5):
 PSYoungGen      total 22528K, used 7146K [0x00000000daf00000, 0x00000000dd180000, 0x0000000100000000)
  eden space 15360K, 0% used [0x00000000daf00000,0x00000000daf00000,0x00000000dbe00000)
  from space 7168K, 99% used [0x00000000dc700000,0x00000000dcdfa860,0x00000000dce00000)
  to   space 9216K, 0% used [0x00000000dbe00000,0x00000000dbe00000,0x00000000dc700000)
 ParOldGen       total 43008K, used 31194K [0x0000000090c00000, 0x0000000093600000, 0x00000000daf00000)
  object space 43008K, 72% used [0x0000000090c00000,0x0000000092a768d8,0x0000000093600000)
 Metaspace       used 8156K, capacity 8884K, committed 9216K, reserved 1056768K
  class space    used 917K, capacity 944K, committed 1024K, reserved 1048576K
}
Event: 10.830 GC heap before
{Heap before GC invocations=32 (full 5):
 PSYoungGen      total 22528K, used 22506K [0x00000000daf00000, 0x00000000dd180000, 0x0000000100000000)
  eden space 15360K, 100% used [0x00000000daf00000,0x00000000dbe00000,0x00000000dbe00000)
  from space 7168K, 99% used [0x00000000dc700000,0x00000000dcdfa860,0x00000000dce00000)
  to   space 9216K, 0% used [0x00000000dbe00000,0x00000000dbe00000,0x00000000dc700000)
 ParOldGen       total 43008K, used 31194K [0x0000000090c00000, 0x0000000093600000, 0x00000000daf00000)
  object space 43008K, 72% used [0x0000000090c00000,0x0000000092a768d8,0x0000000093600000)
 Metaspace       used 9372K, capacity 9856K, committed 10112K, reserved 1058816K
  class space    used 1039K, capacity 1076K, committed 1152K, reserved 1048576K
Event: 10.849 GC heap after
Heap after GC invocations=32 (full 5):
 PSYoungGen      total 24576K, used 1120K [0x00000000daf00000, 0x00000000dd200000, 0x0000000100000000)
  eden space 15360K, 0% used [0x00000000daf00000,0x00000000daf00000,0x00000000dbe00000)
  from space 9216K, 12% used [0x00000000dbe00000,0x00000000dbf18000,0x00000000dc700000)
  to   space 9216K, 0% used [0x00000000dc900000,0x00000000dc900000,0x00000000dd200000)
 ParOldGen       total 43008K, used 38316K [0x0000000090c00000, 0x0000000093600000, 0x00000000daf00000)
  object space 43008K, 89% used [0x0000000090c00000,0x000000009316b078,0x0000000093600000)
 Metaspace       used 9372K, capacity 9856K, committed 10112K, reserved 1058816K
  class space    used 1039K, capacity 1076K, committed 1152K, reserved 1048576K
}
Event: 10.849 GC heap before
{Heap before GC invocations=33 (full 6):
 PSYoungGen      total 24576K, used 1120K [0x00000000daf00000, 0x00000000dd200000, 0x0000000100000000)
  eden space 15360K, 0% used [0x00000000daf00000,0x00000000daf00000,0x00000000dbe00000)
  from space 9216K, 12% used [0x00000000dbe00000,0x00000000dbf18000,0x00000000dc700000)
  to   space 9216K, 0% used [0x00000000dc900000,0x00000000dc900000,0x00000000dd200000)
 ParOldGen       total 43008K, used 38316K [0x0000000090c00000, 0x0000000093600000, 0x00000000daf00000)
  object space 43008K, 89% used [0x0000000090c00000,0x000000009316b078,0x0000000093600000)
 Metaspace       used 9372K, capacity 9856K, committed 10112K, reserved 1058816K
  class space    used 1039K, capacity 1076K, committed 1152K, reserved 1048576K
Event: 11.091 GC heap after
Heap after GC invocations=33 (full 6):
 PSYoungGen      total 24576K, used 0K [0x00000000daf00000, 0x00000000dd200000, 0x0000000100000000)
  eden space 15360K, 0% used [0x00000000daf00000,0x00000000daf00000,0x00000000dbe00000)
  from space 9216K, 0% used [0x00000000dbe00000,0x00000000dbe00000,0x00000000dc700000)
  to   space 9216K, 0% used [0x00000000dc900000,0x00000000dc900000,0x00000000dd200000)
 ParOldGen       total 56832K, used 37301K [0x0000000090c00000, 0x0000000094380000, 0x00000000daf00000)
  object space 56832K, 65% used [0x0000000090c00000,0x000000009306d408,0x0000000094380000)
 Metaspace       used 9372K, capacity 9856K, committed 10112K, reserved 1058816K
  class space    used 1039K, capacity 1076K, committed 1152K, reserved 1048576K
}
Event: 12.471 GC heap before
{Heap before GC invocations=34 (full 6):
 PSYoungGen      total 24576K, used 15360K [0x00000000daf00000, 0x00000000dd200000, 0x0000000100000000)
  eden space 15360K, 100% used [0x00000000daf00000,0x00000000dbe00000,0x00000000dbe00000)
  from space 9216K, 0% used [0x00000000dbe00000,0x00000000dbe00000,0x00000000dc700000)
  to   space 9216K, 0% used [0x00000000dc900000,0x00000000dc900000,0x00000000dd200000)
 ParOldGen       total 56832K, used 37301K [0x0000000090c00000, 0x0000000094380000, 0x00000000daf00000)
  object space 56832K, 65% used [0x0000000090c00000,0x000000009306d408,0x0000000094380000)
 Metaspace       used 9607K, capacity 10048K, committed 10368K, reserved 1058816K
  class space    used 1039K, capacity 1076K, committed 1152K, reserved 1048576K
Event: 12.477 GC heap after
Heap after GC invocations=34 (full 6):
 PSYoungGen      total 26624K, used 672K [0x00000000daf00000, 0x00000000dd200000, 0x0000000100000000)
  eden space 17408K, 0% used [0x00000000daf00000,0x00000000daf00000,0x00000000dc000000)
  from space 9216K, 7% used [0x00000000dc900000,0x00000000dc9a8000,0x00000000dd200000)
  to   space 9216K, 0% used [0x00000000dc000000,0x00000000dc000000,0x00000000dc900000)
 ParOldGen       total 56832K, used 37301K [0x0000000090c00000, 0x0000000094380000, 0x00000000daf00000)
  object space 56832K, 65% used [0x0000000090c00000,0x000000009306d408,0x0000000094380000)
 Metaspace       used 9607K, capacity 10048K, committed 10368K, reserved 1058816K
  class space    used 1039K, capacity 1076K, committed 1152K, reserved 1048576K
}
Event: 14.791 GC heap before
{Heap before GC invocations=35 (full 6):
 PSYoungGen      total 26624K, used 18080K [0x00000000daf00000, 0x00000000dd200000, 0x0000000100000000)
  eden space 17408K, 100% used [0x00000000daf00000,0x00000000dc000000,0x00000000dc000000)
  from space 9216K, 7% used [0x00000000dc900000,0x00000000dc9a8000,0x00000000dd200000)
  to   space 9216K, 0% used [0x00000000dc000000,0x00000000dc000000,0x00000000dc900000)
 ParOldGen       total 56832K, used 37301K [0x0000000090c00000, 0x0000000094380000, 0x00000000daf00000)
  object space 56832K, 65% used [0x0000000090c00000,0x000000009306d408,0x0000000094380000)
 Metaspace       used 9931K, capacity 10304K, committed 10624K, reserved 1058816K
  class space    used 1040K, capacity 1076K, committed 1152K, reserved 1048576K
Event: 14.831 GC heap after
Heap after GC invocations=35 (full 6):
 PSYoungGen      total 26624K, used 1968K [0x00000000daf00000, 0x00000000dd300000, 0x0000000100000000)
  eden space 17408K, 0% used [0x00000000daf00000,0x00000000daf00000,0x00000000dc000000)
  from space 9216K, 21% used [0x00000000dc000000,0x00000000dc1ec010,0x00000000dc900000)
  to   space 8704K, 0% used [0x00000000dca80000,0x00000000dca80000,0x00000000dd300000)
 ParOldGen       total 56832K, used 37309K [0x0000000090c00000, 0x0000000094380000, 0x00000000daf00000)
  object space 56832K, 65% used [0x0000000090c00000,0x000000009306f408,0x0000000094380000)
 Metaspace       used 9931K, capacity 10304K, committed 10624K, reserved 1058816K
  class space    used 1040K, capacity 1076K, committed 1152K, reserved 1048576K
}

Deoptimization events (10 events):
Event: 13.664 Thread 0x0000000004a73800 Uncommon trap: reason=speculate_class_check action=maybe_recompile pc=0x00000000054acd24 method=com.sun.tools.javac.code.Type.hasTag(Lcom/sun/tools/javac/code/TypeTag;)Z @ 2
Event: 13.665 Thread 0x0000000004a73800 Uncommon trap: reason=class_check action=maybe_recompile pc=0x00000000054c3c9c method=com.sun.tools.javac.code.Types$HasSameArgs.visitMethodType(Lcom/sun/tools/javac/code/Type$MethodType;Ljava/lang/Object;)Ljava/lang/Object; @ 3
Event: 13.665 Thread 0x0000000004a73800 Uncommon trap: reason=speculate_class_check action=maybe_recompile pc=0x00000000054acd24 method=com.sun.tools.javac.code.Type.hasTag(Lcom/sun/tools/javac/code/TypeTag;)Z @ 2
Event: 13.665 Thread 0x0000000004a73800 Uncommon trap: reason=class_check action=maybe_recompile pc=0x00000000054c3c9c method=com.sun.tools.javac.code.Types$HasSameArgs.visitMethodType(Lcom/sun/tools/javac/code/Type$MethodType;Ljava/lang/Object;)Ljava/lang/Object; @ 3
Event: 13.665 Thread 0x0000000004a73800 Uncommon trap: reason=speculate_class_check action=maybe_recompile pc=0x00000000054acd24 method=com.sun.tools.javac.code.Type.hasTag(Lcom/sun/tools/javac/code/TypeTag;)Z @ 2
Event: 13.681 Thread 0x0000000004a73800 Uncommon trap: reason=class_check action=maybe_recompile pc=0x00000000054c3c9c method=com.sun.tools.javac.code.Types$HasSameArgs.visitMethodType(Lcom/sun/tools/javac/code/Type$MethodType;Ljava/lang/Object;)Ljava/lang/Object; @ 3
Event: 13.681 Thread 0x0000000004a73800 Uncommon trap: reason=speculate_class_check action=maybe_recompile pc=0x00000000054acd24 method=com.sun.tools.javac.code.Type.hasTag(Lcom/sun/tools/javac/code/TypeTag;)Z @ 2
Event: 13.709 Thread 0x0000000004a73800 Uncommon trap: reason=bimorphic action=maybe_recompile pc=0x0000000004d5519c method=com.sun.tools.javac.util.ListBuffer.addAll(Ljava/util/Collection;)Z @ 1
Event: 14.501 Thread 0x0000000004a73800 Uncommon trap: reason=unstable_if action=reinterpret pc=0x0000000005543938 method=com.sun.tools.javac.code.Types.isSubSignature(Lcom/sun/tools/javac/code/Type;Lcom/sun/tools/javac/code/Type;Z)Z @ 21
Event: 15.231 Thread 0x0000000004a73800 Uncommon trap: reason=bimorphic action=maybe_recompile pc=0x0000000004d5519c method=com.sun.tools.javac.util.ListBuffer.addAll(Ljava/util/Collection;)Z @ 1

Classes redefined (0 events):
No events

Internal exceptions (8 events):
Event: 0.086 Thread 0x0000000004a73800 Exception <a 'java/lang/NoSuchMethodError': Method sun.misc.Unsafe.defineClass(Ljava/lang/String;[BII)Ljava/lang/Class; name or signature does not match> (0x00000000daf07cd8) thrown at [C:\re\workspace\8-2-build-windows-amd64-cygwin\jdk8u181\11358\hotspot
Event: 0.086 Thread 0x0000000004a73800 Exception <a 'java/lang/NoSuchMethodError': Method sun.misc.Unsafe.prefetchRead(Ljava/lang/Object;J)V name or signature does not match> (0x00000000daf07fc0) thrown at [C:\re\workspace\8-2-build-windows-amd64-cygwin\jdk8u181\11358\hotspot\src\share\vm\prim
Event: 0.367 Thread 0x0000000004a73800 Exception <a 'java/security/PrivilegedActionException'> (0x00000000db0781a0) thrown at [C:\re\workspace\8-2-build-windows-amd64-cygwin\jdk8u181\11358\hotspot\src\share\vm\prims\jvm.cpp, line 1435]
Event: 0.367 Thread 0x0000000004a73800 Exception <a 'java/security/PrivilegedActionException'> (0x00000000db078598) thrown at [C:\re\workspace\8-2-build-windows-amd64-cygwin\jdk8u181\11358\hotspot\src\share\vm\prims\jvm.cpp, line 1435]
Event: 0.371 Thread 0x0000000004a73800 Exception <a 'java/security/PrivilegedActionException'> (0x00000000db07c690) thrown at [C:\re\workspace\8-2-build-windows-amd64-cygwin\jdk8u181\11358\hotspot\src\share\vm\prims\jvm.cpp, line 1435]
Event: 0.371 Thread 0x0000000004a73800 Exception <a 'java/security/PrivilegedActionException'> (0x00000000db07ca88) thrown at [C:\re\workspace\8-2-build-windows-amd64-cygwin\jdk8u181\11358\hotspot\src\share\vm\prims\jvm.cpp, line 1435]
Event: 0.384 Thread 0x0000000004a73800 Exception <a 'java/security/PrivilegedActionException'> (0x00000000daf32a00) thrown at [C:\re\workspace\8-2-build-windows-amd64-cygwin\jdk8u181\11358\hotspot\src\share\vm\prims\jvm.cpp, line 1435]
Event: 0.384 Thread 0x0000000004a73800 Exception <a 'java/security/PrivilegedActionException'> (0x00000000daf32df8) thrown at [C:\re\workspace\8-2-build-windows-amd64-cygwin\jdk8u181\11358\hotspot\src\share\vm\prims\jvm.cpp, line 1435]

Events (10 events):
Event: 14.501 Thread 0x0000000004a73800 Uncommon trap: trap_request=0xffffff65 fr.pc=0x0000000005543938
Event: 14.501 Thread 0x0000000004a73800 DEOPT PACKING pc=0x0000000005543938 sp=0x0000000004a6e7e0
Event: 14.501 Thread 0x0000000004a73800 DEOPT UNPACKING pc=0x0000000004bb583b sp=0x0000000004a6e6f0 mode 2
Event: 14.791 Executing VM operation: ParallelGCFailedAllocation
Event: 14.831 Executing VM operation: ParallelGCFailedAllocation done
Event: 15.231 Thread 0x0000000004a73800 Uncommon trap: trap_request=0xffffffc6 fr.pc=0x0000000004d5519c
Event: 15.231 Thread 0x0000000004a73800 DEOPT PACKING pc=0x0000000004d5519c sp=0x0000000004a6f100
Event: 15.231 Thread 0x0000000004a73800 DEOPT UNPACKING pc=0x0000000004bb583b sp=0x0000000004a6f0a8 mode 2
Event: 15.606 Thread 0x0000000004a73800 DEOPT PACKING pc=0x0000000005345213 sp=0x0000000004a6ea80
Event: 15.606 Thread 0x0000000004a73800 DEOPT UNPACKING pc=0x0000000004bb7490 sp=0x0000000004a6e7a8 mode 0


Dynamic libraries:
0x00007ff71ae80000 - 0x00007ff71ae87000 	C:\Program Files\Java\jdk1.8.0_181\bin\javac.exe
0x00007ffe74d50000 - 0x00007ffe74f30000 	C:\Windows\SYSTEM32\ntdll.dll
0x00007ffe4e9d0000 - 0x00007ffe4ea04000 	C:\Program Files\AVAST Software\Avast\x64\aswhooka.dll
0x00007ffe74c70000 - 0x00007ffe74d1e000 	C:\Windows\System32\KERNEL32.DLL
0x00007ffe71200000 - 0x00007ffe71466000 	C:\Windows\System32\KERNELBASE.dll
0x0000000055570000 - 0x000000005559f000 	C:\Program Files\Java\jdk1.8.0_181\bin\jli.dll
0x00007ffe74bc0000 - 0x00007ffe74c61000 	C:\Windows\System32\ADVAPI32.dll
0x00007ffe74660000 - 0x00007ffe746fd000 	C:\Windows\System32\msvcrt.dll
0x00007ffe72220000 - 0x00007ffe7227b000 	C:\Windows\System32\sechost.dll
0x00007ffe72a60000 - 0x00007ffe72b7f000 	C:\Windows\System32\RPCRT4.dll
0x00007ffe74a30000 - 0x00007ffe74bbf000 	C:\Windows\System32\USER32.dll
0x00007ffe71c40000 - 0x00007ffe71c60000 	C:\Windows\System32\win32u.dll
0x00007ffe72a00000 - 0x00007ffe72a28000 	C:\Windows\System32\GDI32.dll
0x00007ffe71e80000 - 0x00007ffe72013000 	C:\Windows\System32\gdi32full.dll
0x00007ffe72180000 - 0x00007ffe7221b000 	C:\Windows\System32\msvcp_win.dll
0x00007ffe72080000 - 0x00007ffe72175000 	C:\Windows\System32\ucrtbase.dll
0x0000000055490000 - 0x0000000055562000 	C:\Program Files\Java\jdk1.8.0_181\bin\MSVCR100.dll
0x00007ffe5db70000 - 0x00007ffe5ddd9000 	C:\Windows\WinSxS\amd64_microsoft.windows.common-controls_6595b64144ccf1df_6.0.16299.547_none_15cdd76c936033f5\COMCTL32.dll
0x00007ffe725e0000 - 0x00007ffe728e7000 	C:\Windows\System32\combase.dll
0x00007ffe71470000 - 0x00007ffe714e2000 	C:\Windows\System32\bcryptPrimitives.dll
0x00007ffe72a30000 - 0x00007ffe72a5d000 	C:\Windows\System32\IMM32.DLL
0x0000000053a90000 - 0x0000000053b62000 	C:\Program Files\Java\jdk1.8.0_181\jre\bin\msvcr100.dll
0x00000000531e0000 - 0x0000000053a82000 	C:\Program Files\Java\jdk1.8.0_181\jre\bin\server\jvm.dll
0x00007ffe72c50000 - 0x00007ffe72c58000 	C:\Windows\System32\PSAPI.DLL
0x00007ffe5fa00000 - 0x00007ffe5fa09000 	C:\Windows\SYSTEM32\WSOCK32.dll
0x00007ffe748a0000 - 0x00007ffe7490c000 	C:\Windows\System32\WS2_32.dll
0x00007ffe6f530000 - 0x00007ffe6f553000 	C:\Windows\SYSTEM32\WINMM.dll
0x00007ffe68520000 - 0x00007ffe6852a000 	C:\Windows\SYSTEM32\VERSION.dll
0x00007ffe6f4d0000 - 0x00007ffe6f4fa000 	C:\Windows\SYSTEM32\WINMMBASE.dll
0x00007ffe71c60000 - 0x00007ffe71caa000 	C:\Windows\System32\cfgmgr32.dll
0x00000000571f0000 - 0x00000000571ff000 	C:\Program Files\Java\jdk1.8.0_181\jre\bin\verify.dll
0x0000000055460000 - 0x0000000055489000 	C:\Program Files\Java\jdk1.8.0_181\jre\bin\java.dll
0x00000000565c0000 - 0x00000000565d6000 	C:\Program Files\Java\jdk1.8.0_181\jre\bin\zip.dll
0x00007ffe72c60000 - 0x00007ffe74098000 	C:\Windows\System32\SHELL32.dll
0x00007ffe72280000 - 0x00007ffe72326000 	C:\Windows\System32\shcore.dll
0x00007ffe714f0000 - 0x00007ffe71c37000 	C:\Windows\System32\windows.storage.dll
0x00007ffe72330000 - 0x00007ffe72381000 	C:\Windows\System32\shlwapi.dll
0x00007ffe71130000 - 0x00007ffe71141000 	C:\Windows\System32\kernel.appcore.dll
0x00007ffe710e0000 - 0x00007ffe7112c000 	C:\Windows\System32\powrprof.dll
0x00007ffe710a0000 - 0x00007ffe710bb000 	C:\Windows\System32\profapi.dll

VM Arguments:
jvm_args: -Dapplication.home=C:\Program Files\Java\jdk1.8.0_181 -Xms8m -Dfile.encoding=UTF8 
java_command: com.sun.tools.javac.Main -d obj\\Debug\MonoAndroid81\android\bin\classes -classpath C:\Program Files (x86)\Microsoft Visual Studio\2017\Community\Common7\IDE\ReferenceAssemblies\Microsoft\Framework\MonoAndroid\v8.1\mono.android.jar;obj\\Debug\MonoAndroid81\lp\1\jl\formsviewgroup.jar;obj\\Debug\MonoAndroid81\lp\10\jl\bin\classes.jar;obj\\Debug\MonoAndroid81\lp\11\jl\bin\classes.jar;obj\\Debug\MonoAndroid81\lp\12\jl\bin\classes.jar;obj\\Debug\MonoAndroid81\lp\13\jl\bin\classes.jar;obj\\Debug\MonoAndroid81\lp\14\jl\bin\classes.jar;obj\\Debug\MonoAndroid81\lp\15\jl\bin\classes.jar;obj\\Debug\MonoAndroid81\lp\16\jl\bin\classes.jar;obj\\Debug\MonoAndroid81\lp\17\jl\bin\classes.jar;obj\\Debug\MonoAndroid81\lp\18\jl\bin\classes.jar;obj\\Debug\MonoAndroid81\lp\19\jl\bin\classes.jar;obj\\Debug\MonoAndroid81\lp\20\jl\bin\classes.jar;obj\\Debug\MonoAndroid81\lp\21\jl\bin\classes.jar;obj\\Debug\MonoAndroid81\lp\3\jl\arch-core-common.jar;obj\\Debug\MonoAndroid81\lp\4\jl\arch-lifecycle-common.jar;obj\\Debug\MonoAndroid81\lp\5\jl\bin\classes.jar;obj\\Debug\MonoAndroid81\lp\6\jl\bin\classes.jar;obj\\Debug\MonoAndroid81\lp\8\jl\bin\classes.jar;obj\\Debug\MonoAndroid81\lp\9\jl\bin\classes.jar;obj\\Debug\MonoAndroid81\lp\7\jl\support-annotations.jar -bootclasspath C:\Program Files (x86)\Android\android-sdk\platforms\android-27\android.jar -encoding UTF-8 @C:\Users\JuanFerYuco\AppData\Local\Temp\tmp9F54.tmp
java_class_path (initial): C:\Program Files\Java\jdk1.8.0_181/lib/tools.jar;C:\Program Files\Java\jdk1.8.0_181/classes
Launcher Type: SUN_STANDARD

Environment Variables:
JAVA_HOME=C:\Program Files\Java\jdk1.8.0_181
PATH=C:\Program Files\Java\jdk1.8.0_181\bin;C:\oraclexe\app\oracle\product\11.2.0\server\bin;;C:\Windows\system32;C:\Windows;C:\Windows\System32\Wbem;C:\Windows\System32\WindowsPowerShell\v1.0\;C:\Program Files\Intel\WiFi\bin\;C:\Program Files\Common Files\Intel\WirelessCommon\;C:\Program Files\dotnet\;C:\Program Files\Microsoft SQL Server\130\Tools\Binn\;C:\Program Files\Microsoft SQL Server\Client SDK\ODBC\110\Tools\Binn\;C:\Program Files (x86)\Microsoft SQL Server\120\Tools\Binn\ManagementStudio\;C:\Program Files (x86)\Microsoft SQL Server\120\Tools\Binn\;C:\Program Files\Microsoft SQL Server\120\Tools\Binn\;C:\Program Files (x86)\Microsoft SQL Server\120\DTS\Binn\;C:\Program Files\Microsoft SQL Server\120\DTS\Binn\;C:\Program Files (x86)\Skype\Phone\;C:\Users\JuanFerYuco\AppData\Local\Microsoft\WindowsApps;
USERNAME=JuanFerYuco
OS=Windows_NT
PROCESSOR_IDENTIFIER=AMD64 Family 21 Model 112 Stepping 0, AuthenticAMD



---------------  S Y S T E M  ---------------

OS: Windows 10.0 , 64 bit Build 16299 (10.0.16299.431)

CPU:total 2 (initial active 2) (2 cores per cpu, 1 threads per core) family 21 model 112 stepping 0, cmov, cx8, fxsr, mmx, sse, sse2, sse3, ssse3, sse4.1, sse4.2, popcnt, avx, avx2, aes, clmul, mmxext, 3dnowpref, lzcnt, sse4a, tsc, tscinvbit, tscinv, bmi1

Memory: 4k page, physical 7287068k(689352k free), swap 7287068k(15080k free)

vm_info: Java HotSpot(TM) 64-Bit Server VM (25.181-b13) for windows-amd64 JRE (1.8.0_181-b13), built on Jul  7 2018 04:01:33 by "java_re" with MS VC++ 10.0 (VS2010)

time: Tue Sep 11 08:32:58 2018
elapsed time: 15 seconds (0d 0h 0m 15s)

